Log file open, 04/05/24 18:04:31
LogWindows: Failed to load 'aqProf.dll' (GetLastError=126)
LogWindows: File 'aqProf.dll' does not exist
LogWindows: Failed to load 'VtuneApi.dll' (GetLastError=126)
LogWindows: File 'VtuneApi.dll' does not exist
LogWindows: Failed to load 'VtuneApi32e.dll' (GetLastError=126)
LogWindows: File 'VtuneApi32e.dll' does not exist
LogConsoleResponse: Display: Failed to find resolution value strings in scalability ini. Falling back to default.
LogConsoleResponse: Display: Failed to find resolution value strings in scalability ini. Falling back to default.
LogInit: Display: Running engine for game: city
LogPlatformFile: Not using cached read wrapper
LogTaskGraph: Started task graph with 5 named threads and 47 total threads with 3 sets of task threads.
LogStats: Stats thread started at 0.368312
LogICUInternationalization: ICU TimeZone Detection - Raw Offset: +8:00, Platform Override: ''
LogInit: Display: Loading text-based GConfig....
LogPluginManager: Mounting plugin MeshPainting
LogPluginManager: Mounting plugin XGEController
LogPluginManager: Mounting plugin Paper2D
LogPluginManager: Mounting plugin CameraShakePreviewer
LogPluginManager: Mounting plugin LiveLink
LogPluginManager: Mounting plugin LightPropagationVolume
LogPluginManager: Mounting plugin GameplayCameras
LogPluginManager: Mounting plugin LuminPlatformFeatures
LogPluginManager: Mounting plugin Niagara
LogPluginManager: Mounting plugin MagicLeap
LogPluginManager: Mounting plugin MagicLeapPassableWorld
LogPluginManager: Mounting plugin AvfMedia
LogPluginManager: Mounting plugin AndroidMedia
LogPluginManager: Mounting plugin MagicLeapMedia
LogPluginManager: Mounting plugin MediaCompositing
LogPluginManager: Mounting plugin VaRest
LogPluginManager: Mounting plugin WebMMedia
LogPluginManager: Mounting plugin MLSDK
LogPluginManager: Mounting plugin AssetManagerEditor
LogPluginManager: Mounting plugin ImgMedia
LogPluginManager: Mounting plugin MediaPlayerEditor
LogPluginManager: Mounting plugin WmfMedia
LogPluginManager: Mounting plugin GLTFImporter
LogPluginManager: Mounting plugin FacialAnimation
LogPluginManager: Mounting plugin CryptoKeys
LogPluginManager: Mounting plugin CurveEditorTools
LogPluginManager: Mounting plugin GameplayTagsEditor
LogPluginManager: Mounting plugin DataValidation
LogPluginManager: Mounting plugin GeometryMode
LogPluginManager: Mounting plugin EditorScriptingUtilities
LogPluginManager: Mounting plugin MagicLeapLightEstimation
LogPluginManager: Mounting plugin MeshEditor
LogPluginManager: Mounting plugin SpeedTreeImporter
LogPluginManager: Mounting plugin MobileLauncherProfileWizard
LogPluginManager: Mounting plugin DatasmithContent
LogPluginManager: Mounting plugin DataprepEditor
LogPluginManager: Mounting plugin DatasmithCADImporter
LogPluginManager: Mounting plugin StaticMeshEditorExtension
LogPluginManager: Mounting plugin DatasmithC4DImporter
LogPluginManager: Mounting plugin DatasmithFBXImporter
LogPluginManager: Mounting plugin DatasmithGLTFImporter
LogPluginManager: Mounting plugin MaterialAnalyzer
LogPluginManager: Mounting plugin AnimationSharing
LogPluginManager: Mounting plugin MacGraphicsSwitching
LogPluginManager: Mounting plugin PluginBrowser
LogPluginManager: Mounting plugin CLionSourceCodeAccess
LogPluginManager: Mounting plugin CodeLiteSourceCodeAccess
LogPluginManager: Mounting plugin GitSourceControl
LogPluginManager: Mounting plugin KDevelopSourceCodeAccess
LogPluginManager: Mounting plugin DatasmithIFCImporter
LogPluginManager: Mounting plugin VariantManager
LogPluginManager: Mounting plugin PixWinPlugin
LogPluginManager: Mounting plugin PerforceSourceControl
LogPluginManager: Mounting plugin PlasticSourceControl
LogPluginManager: Mounting plugin VariantManagerContent
LogPluginManager: Mounting plugin PluginUtils
LogPluginManager: Mounting plugin NullSourceCodeAccess
LogPluginManager: Mounting plugin PropertyAccessNode
LogPluginManager: Mounting plugin DatasmithImporter
LogPluginManager: Mounting plugin RiderSourceCodeAccess
LogPluginManager: Mounting plugin SubversionSourceControl
LogPluginManager: Mounting plugin TextureFormatOodle
LogPluginManager: Mounting plugin XCodeSourceCodeAccess
LogPluginManager: Mounting plugin VisualStudioCodeSourceCodeAccess
LogPluginManager: Mounting plugin VisualStudioSourceCodeAccess
LogPluginManager: Mounting plugin UObjectPlugin
LogPluginManager: Mounting plugin AlembicImporter
LogPluginManager: Mounting plugin ChaosClothEditor
LogPluginManager: Mounting plugin ChaosNiagara
LogPluginManager: Mounting plugin ChaosSolverPlugin
LogPluginManager: Mounting plugin AutomationUtils
LogPluginManager: Mounting plugin BackChannel
LogPluginManager: Mounting plugin BlastPlugin
LogPluginManager: Mounting plugin ChaosCloth
LogPluginManager: Mounting plugin ChaosEditor
LogPluginManager: Mounting plugin CharacterAI
LogPluginManager: Mounting plugin GeometryCollectionPlugin
LogPluginManager: Mounting plugin GeometryProcessing
LogPluginManager: Mounting plugin PythonScriptPlugin
LogPluginManager: Mounting plugin MotoSynth
LogPluginManager: Mounting plugin SkeletalReduction
LogPluginManager: Mounting plugin ProxyLODPlugin
LogPluginManager: Mounting plugin GeometryCache
LogPluginManager: Mounting plugin PlanarCut
LogPluginManager: Mounting plugin PlatformCrypto
LogPluginManager: Mounting plugin OpenImageDenoise
LogPluginManager: Mounting plugin Takes
LogPluginManager: Mounting plugin ScreenshotTools
LogPluginManager: Mounting plugin LevelSequenceEditor
LogPluginManager: Mounting plugin ActorSequence
LogPluginManager: Mounting plugin UdpMessaging
LogPluginManager: Mounting plugin ActorLayerUtilities
LogPluginManager: Mounting plugin TcpMessaging
LogPluginManager: Mounting plugin AndroidPermission
LogPluginManager: Mounting plugin AppleImageUtils
LogPluginManager: Mounting plugin AssetTags
LogPluginManager: Mounting plugin MatineeToLevelSequence
LogPluginManager: Mounting plugin CableComponent
LogPluginManager: Mounting plugin AudioSynesthesia
LogPluginManager: Mounting plugin ChunkDownloader
LogPluginManager: Mounting plugin CustomMeshComponent
LogPluginManager: Mounting plugin TemplateSequence
LogPluginManager: Mounting plugin ExampleDeviceProfileSelector
LogPluginManager: Mounting plugin AndroidDeviceProfileSelector
LogPluginManager: Mounting plugin AndroidMoviePlayer
LogPluginManager: Mounting plugin AppleMoviePlayer
LogPluginManager: Mounting plugin ArchVisCharacter
LogPluginManager: Mounting plugin AudioCapture
LogPluginManager: Mounting plugin EditableMesh
LogPluginManager: Mounting plugin MobilePatchingUtils
LogPluginManager: Mounting plugin OpenXR
LogPluginManager: Mounting plugin OpenXREyeTracker
LogPluginManager: Mounting plugin OpenXRHandTracking
LogPluginManager: Mounting plugin GoogleCloudMessaging
LogPluginManager: Mounting plugin GooglePAD
LogPluginManager: Mounting plugin LocationServicesBPLibrary
LogPluginManager: Mounting plugin IOSDeviceProfileSelector
LogPluginManager: Mounting plugin LinuxDeviceProfileSelector
LogPluginManager: Mounting plugin PostSplashScreen
LogPluginManager: Mounting plugin ProceduralMeshComponent
LogPluginManager: Mounting plugin RuntimePhysXCooking
LogPluginManager: Mounting plugin SoundFields
LogPluginManager: Mounting plugin PhysXVehicles
LogPluginManager: Mounting plugin WindowsMoviePlayer
LogPluginManager: Mounting plugin PropertyAccessEditor
LogPluginManager: Mounting plugin SignificanceManager
LogPluginManager: Mounting plugin LauncherChunkInstaller
LogPluginManager: Mounting plugin Synthesis
LogPluginManager: Mounting plugin OodleData
LogPluginManager: Mounting plugin WebMMoviePlayer
LogPluginManager: Mounting plugin EnvironmentQueryEditor
LogPluginManager: Mounting plugin OodleNetwork
LogPluginManager: Mounting plugin AISupport
LogPluginManager: Mounting plugin OnlineSubsystem
LogPluginManager: Mounting plugin OnlineSubsystemNull
LogPluginManager: Mounting plugin OnlineSubsystemUtils
LogPluginManager: Mounting plugin ContentBrowserAssetDataSource
LogPluginManager: Mounting plugin ContentBrowserClassDataSource
LogPluginManager: Mounting plugin ContentBrowserFileDataSource
LogPluginManager: Mounting plugin DatasmithRuntime
LogPluginManager: Mounting plugin SteamVR
LogPluginManager: Mounting plugin OculusVR
LogPluginManager: Mounting plugin OnlineSubsystemGooglePlay
LogPluginManager: Mounting plugin OnlineSubsystemIOS
PixWinPlugin: PIX capture plugin failed to initialize! Check that the process is launched from PIX.
LogInit: Using libcurl 7.55.1-DEV
LogInit:  - built for x86_64-pc-win32
LogInit:  - supports SSL with OpenSSL/1.1.1
LogInit:  - supports HTTP deflate (compression) using libz 1.2.8
LogInit:  - other features:
LogInit:      CURL_VERSION_SSL
LogInit:      CURL_VERSION_LIBZ
LogInit:      CURL_VERSION_IPV6
LogInit:      CURL_VERSION_ASYNCHDNS
LogInit:      CURL_VERSION_LARGEFILE
LogInit:      CURL_VERSION_IDN
LogInit:  CurlRequestOptions (configurable via config and command line):
LogInit:  - bVerifyPeer = true  - Libcurl will verify peer certificate
LogInit:  - bUseHttpProxy = false  - Libcurl will NOT use HTTP proxy
LogInit:  - bDontReuseConnections = false  - Libcurl will reuse connections
LogInit:  - MaxHostConnections = 16  - Libcurl will limit the number of connections to a host
LogInit:  - LocalHostAddr = Default
LogInit:  - BufferSize = 65536
LogOnline: OSS: Creating online subsystem instance for: NULL
LogInit: WinSock: version 1.1 (2.2), MaxSocks=32767, MaxUdp=65467
LogOnline: OSS: TryLoadSubsystemAndSetDefault: Loaded subsystem for module [NULL]
LogOculusPluginWrapper: OculusPlugin initialized successfully
LogHMD: Failed initializing OVRPlugin 1.59.0
LogInit: Build: ++UE4+Release-4.27-CL-18319896
LogInit: Engine Version: 4.27.2-18319896+++UE4+Release-4.27
LogInit: Compatible Engine Version: 4.27.0-17155196+++UE4+Release-4.27
LogInit: Net CL: 17155196
LogInit: OS: Windows 10 (Release 2009) (), CPU: 11th Gen Intel(R) Core(TM) i9-11900H @ 2.50GHz, GPU: Intel(R) UHD Graphics
LogInit: Compiled (64-bit): Nov 30 2021 07:12:08
LogInit: Compiled with Visual C++: 19.24.28315.00
LogInit: Build Configuration: Development
LogInit: Branch Name: ++UE4+Release-4.27
LogInit: Command Line: 
LogInit: Base Directory: E:/Software/UE/UE_4.27/Engine/Binaries/Win64/
LogInit: Allocator: TBB
LogInit: Installed Engine Build: 1
LogDevObjectVersion: Number of dev versions registered: 29
LogDevObjectVersion:   Dev-Blueprints (B0D832E4-1F89-4F0D-ACCF-7EB736FD4AA2): 10
LogDevObjectVersion:   Dev-Build (E1C64328-A22C-4D53-A36C-8E866417BD8C): 0
LogDevObjectVersion:   Dev-Core (375EC13C-06E4-48FB-B500-84F0262A717E): 4
LogDevObjectVersion:   Dev-Editor (E4B068ED-F494-42E9-A231-DA0B2E46BB41): 40
LogDevObjectVersion:   Dev-Framework (CFFC743F-43B0-4480-9391-14DF171D2073): 37
LogDevObjectVersion:   Dev-Mobile (B02B49B5-BB20-44E9-A304-32B752E40360): 3
LogDevObjectVersion:   Dev-Networking (A4E4105C-59A1-49B5-A7C5-40C4547EDFEE): 0
LogDevObjectVersion:   Dev-Online (39C831C9-5AE6-47DC-9A44-9C173E1C8E7C): 0
LogDevObjectVersion:   Dev-Physics (78F01B33-EBEA-4F98-B9B4-84EACCB95AA2): 14
LogDevObjectVersion:   Dev-Platform (6631380F-2D4D-43E0-8009-CF276956A95A): 0
LogDevObjectVersion:   Dev-Rendering (12F88B9F-8875-4AFC-A67C-D90C383ABD29): 45
LogDevObjectVersion:   Dev-Sequencer (7B5AE74C-D270-4C10-A958-57980B212A5A): 13
LogDevObjectVersion:   Dev-VR (D7296918-1DD6-4BDD-9DE2-64A83CC13884): 3
LogDevObjectVersion:   Dev-LoadTimes (C2A15278-BFE7-4AFE-6C17-90FF531DF755): 1
LogDevObjectVersion:   Private-Geometry (6EACA3D4-40EC-4CC1-B786-8BED09428FC5): 3
LogDevObjectVersion:   Dev-AnimPhys (29E575DD-E0A3-4627-9D10-D276232CDCEA): 17
LogDevObjectVersion:   Dev-Anim (AF43A65D-7FD3-4947-9873-3E8ED9C1BB05): 15
LogDevObjectVersion:   Dev-ReflectionCapture (6B266CEC-1EC7-4B8F-A30B-E4D90942FC07): 1
LogDevObjectVersion:   Dev-Automation (0DF73D61-A23F-47EA-B727-89E90C41499A): 1
LogDevObjectVersion:   FortniteMain (601D1886-AC64-4F84-AA16-D3DE0DEAC7D6): 47
LogDevObjectVersion:   FortniteRelease (E7086368-6B23-4C58-8439-1B7016265E91): 1
LogDevObjectVersion:   Dev-Enterprise (9DFFBCD6-494F-0158-E221-12823C92A888): 10
LogDevObjectVersion:   Dev-Niagara (F2AED0AC-9AFE-416F-8664-AA7FFA26D6FC): 1
LogDevObjectVersion:   Dev-Destruction (174F1F0B-B4C6-45A5-B13F-2EE8D0FB917D): 10
LogDevObjectVersion:   Dev-Physics-Ext (35F94A83-E258-406C-A318-09F59610247C): 41
LogDevObjectVersion:   Dev-PhysicsMaterial-Chaos (B68FC16E-8B1B-42E2-B453-215C058844FE): 1
LogDevObjectVersion:   Dev-CineCamera (B2E18506-4273-CFC2-A54E-F4BB758BBA07): 1
LogDevObjectVersion:   Dev-VirtualProduction (64F58936-FD1B-42BA-BA96-7289D5D0FA4E): 1
LogDevObjectVersion:   Dev-MediaFramework (6F0ED827-A609-4895-9C91-998D90180EA4): 2
LogLinker: AddRedirectList(E:/Project/UEProject/Test/NewProject/city/Saved/Config/Windows/VaRest.ini) has substring redirect /VaRestPlugin/, these are very slow and should be resolved as soon as possible!
LogInit: Presizing for max 25165824 objects, including 0 objects not considered by GC, pre-allocating 0 bytes for permanent pool.
LogConfig: Applying CVar settings from Section [/Script/Engine.StreamingSettings] File [E:/Project/UEProject/Test/NewProject/city/Saved/Config/Windows/Engine.ini]
LogConfig: Setting CVar [[s.MinBulkDataSizeForAsyncLoading:131072]]
LogConfig: Setting CVar [[s.AsyncLoadingThreadEnabled:0]]
LogConfig: Setting CVar [[s.EventDrivenLoaderEnabled:1]]
LogConfig: Setting CVar [[s.WarnIfTimeLimitExceeded:0]]
LogConfig: Setting CVar [[s.TimeLimitExceededMultiplier:1.5]]
LogConfig: Setting CVar [[s.TimeLimitExceededMinTime:0.005]]
LogConfig: Setting CVar [[s.UseBackgroundLevelStreaming:1]]
LogConfig: Setting CVar [[s.PriorityAsyncLoadingExtraTime:15.0]]
LogConfig: Setting CVar [[s.LevelStreamingActorsUpdateTimeLimit:5.0]]
LogConfig: Setting CVar [[s.PriorityLevelStreamingActorsUpdateExtraTime:5.0]]
LogConfig: Setting CVar [[s.LevelStreamingComponentsRegistrationGranularity:10]]
LogConfig: Setting CVar [[s.UnregisterComponentsTimeLimit:1.0]]
LogConfig: Setting CVar [[s.LevelStreamingComponentsUnregistrationGranularity:5]]
LogConfig: Setting CVar [[s.FlushStreamingOnExit:1]]
LogInit: Object subsystem initialized
LogConfig: Setting CVar [[con.DebugEarlyDefault:1]]
LogConfig: Setting CVar [[r.setres:1280x720]]
[2024.04.05-10.04.31:801][  0]LogConfig: Setting CVar [[r.VSync:0]]
[2024.04.05-10.04.31:801][  0]LogConfig: Setting CVar [[r.RHICmdBypass:0]]
[2024.04.05-10.04.31:801][  0]LogConfig: Applying CVar settings from Section [/Script/Engine.RendererSettings] File [E:/Project/UEProject/Test/NewProject/city/Saved/Config/Windows/Engine.ini]
[2024.04.05-10.04.31:801][  0]LogConfig: Setting CVar [[r.GPUCrashDebugging:0]]
[2024.04.05-10.04.31:801][  0]LogConfig: Applying CVar settings from Section [/Script/Engine.RendererOverrideSettings] File [E:/Project/UEProject/Test/NewProject/city/Saved/Config/Windows/Engine.ini]
[2024.04.05-10.04.31:801][  0]LogConfig: Applying CVar settings from Section [/Script/Engine.StreamingSettings] File [E:/Project/UEProject/Test/NewProject/city/Saved/Config/Windows/Engine.ini]
[2024.04.05-10.04.31:801][  0]LogConfig: Setting CVar [[s.MinBulkDataSizeForAsyncLoading:131072]]
[2024.04.05-10.04.31:801][  0]LogConfig: Setting CVar [[s.AsyncLoadingThreadEnabled:0]]
[2024.04.05-10.04.31:801][  0]LogConfig: Setting CVar [[s.EventDrivenLoaderEnabled:1]]
[2024.04.05-10.04.31:801][  0]LogConfig: Setting CVar [[s.WarnIfTimeLimitExceeded:0]]
[2024.04.05-10.04.31:801][  0]LogConfig: Setting CVar [[s.TimeLimitExceededMultiplier:1.5]]
[2024.04.05-10.04.31:801][  0]LogConfig: Setting CVar [[s.TimeLimitExceededMinTime:0.005]]
[2024.04.05-10.04.31:801][  0]LogConfig: Setting CVar [[s.UseBackgroundLevelStreaming:1]]
[2024.04.05-10.04.31:802][  0]LogConfig: Setting CVar [[s.PriorityAsyncLoadingExtraTime:15.0]]
[2024.04.05-10.04.31:802][  0]LogConfig: Setting CVar [[s.LevelStreamingActorsUpdateTimeLimit:5.0]]
[2024.04.05-10.04.31:802][  0]LogConfig: Setting CVar [[s.PriorityLevelStreamingActorsUpdateExtraTime:5.0]]
[2024.04.05-10.04.31:802][  0]LogConfig: Setting CVar [[s.LevelStreamingComponentsRegistrationGranularity:10]]
[2024.04.05-10.04.31:802][  0]LogConfig: Setting CVar [[s.UnregisterComponentsTimeLimit:1.0]]
[2024.04.05-10.04.31:802][  0]LogConfig: Setting CVar [[s.LevelStreamingComponentsUnregistrationGranularity:5]]
[2024.04.05-10.04.31:802][  0]LogConfig: Setting CVar [[s.FlushStreamingOnExit:1]]
[2024.04.05-10.04.31:802][  0]LogConfig: Applying CVar settings from Section [/Script/Engine.GarbageCollectionSettings] File [E:/Project/UEProject/Test/NewProject/city/Saved/Config/Windows/Engine.ini]
[2024.04.05-10.04.31:802][  0]LogConfig: Setting CVar [[gc.MaxObjectsNotConsideredByGC:1]]
[2024.04.05-10.04.31:802][  0]LogConfig: Setting CVar [[gc.SizeOfPermanentObjectPool:0]]
[2024.04.05-10.04.31:802][  0]LogConfig: Setting CVar [[gc.FlushStreamingOnGC:0]]
[2024.04.05-10.04.31:802][  0]LogConfig: Setting CVar [[gc.NumRetriesBeforeForcingGC:10]]
[2024.04.05-10.04.31:802][  0]LogConfig: Setting CVar [[gc.AllowParallelGC:1]]
[2024.04.05-10.04.31:802][  0]LogConfig: Setting CVar [[gc.TimeBetweenPurgingPendingKillObjects:61.1]]
[2024.04.05-10.04.31:802][  0]LogConfig: Setting CVar [[gc.MaxObjectsInEditor:25165824]]
[2024.04.05-10.04.31:802][  0]LogConfig: Setting CVar [[gc.IncrementalBeginDestroyEnabled:1]]
[2024.04.05-10.04.31:802][  0]LogConfig: Setting CVar [[gc.CreateGCClusters:1]]
[2024.04.05-10.04.31:802][  0]LogConfig: Setting CVar [[gc.MinGCClusterSize:5]]
[2024.04.05-10.04.31:802][  0]LogConfig: Setting CVar [[gc.ActorClusteringEnabled:0]]
[2024.04.05-10.04.31:802][  0]LogConfig: Setting CVar [[gc.BlueprintClusteringEnabled:0]]
[2024.04.05-10.04.31:802][  0]LogConfig: Setting CVar [[gc.UseDisregardForGCOnDedicatedServers:0]]
[2024.04.05-10.04.31:802][  0]LogConfig: Setting CVar [[gc.MultithreadedDestructionEnabled:1]]
[2024.04.05-10.04.31:802][  0]LogConfig: Applying CVar settings from Section [/Script/Engine.NetworkSettings] File [E:/Project/UEProject/Test/NewProject/city/Saved/Config/Windows/Engine.ini]
[2024.04.05-10.04.31:802][  0]LogConfig: Applying CVar settings from Section [/Script/UnrealEd.CookerSettings] File [E:/Project/UEProject/Test/NewProject/city/Saved/Config/Windows/Engine.ini]
[2024.04.05-10.04.31:811][  0]LogConfig: Applying CVar settings from Section [ViewDistanceQuality@3] File [E:/Project/UEProject/Test/NewProject/city/Saved/Config/Windows/Scalability.ini]
[2024.04.05-10.04.31:811][  0]LogConfig: Setting CVar [[r.SkeletalMeshLODBias:0]]
[2024.04.05-10.04.31:811][  0]LogConfig: Setting CVar [[r.ViewDistanceScale:1.0]]
[2024.04.05-10.04.31:811][  0]LogConfig: Applying CVar settings from Section [AntiAliasingQuality@3] File [E:/Project/UEProject/Test/NewProject/city/Saved/Config/Windows/Scalability.ini]
[2024.04.05-10.04.31:811][  0]LogConfig: Setting CVar [[r.PostProcessAAQuality:4]]
[2024.04.05-10.04.31:811][  0]LogConfig: Applying CVar settings from Section [ShadowQuality@3] File [E:/Project/UEProject/Test/NewProject/city/Saved/Config/Windows/Scalability.ini]
[2024.04.05-10.04.31:811][  0]LogConfig: Setting CVar [[r.LightFunctionQuality:1]]
[2024.04.05-10.04.31:811][  0]LogConfig: Setting CVar [[r.ShadowQuality:5]]
[2024.04.05-10.04.31:811][  0]LogConfig: Setting CVar [[r.Shadow.CSM.MaxCascades:10]]
[2024.04.05-10.04.31:811][  0]LogConfig: Setting CVar [[r.Shadow.MaxResolution:2048]]
[2024.04.05-10.04.31:811][  0]LogConfig: Setting CVar [[r.Shadow.MaxCSMResolution:2048]]
[2024.04.05-10.04.31:811][  0]LogConfig: Setting CVar [[r.Shadow.RadiusThreshold:0.01]]
[2024.04.05-10.04.31:811][  0]LogConfig: Setting CVar [[r.Shadow.DistanceScale:1.0]]
[2024.04.05-10.04.31:811][  0]LogConfig: Setting CVar [[r.Shadow.CSM.TransitionScale:1.0]]
[2024.04.05-10.04.31:811][  0]LogConfig: Setting CVar [[r.Shadow.PreShadowResolutionFactor:1.0]]
[2024.04.05-10.04.31:811][  0]LogConfig: Setting CVar [[r.DistanceFieldShadowing:1]]
[2024.04.05-10.04.31:811][  0]LogConfig: Setting CVar [[r.DistanceFieldAO:1]]
[2024.04.05-10.04.31:811][  0]LogConfig: Setting CVar [[r.AOQuality:2]]
[2024.04.05-10.04.31:811][  0]LogConfig: Setting CVar [[r.VolumetricFog:1]]
[2024.04.05-10.04.31:811][  0]LogConfig: Setting CVar [[r.VolumetricFog.GridPixelSize:8]]
[2024.04.05-10.04.31:811][  0]LogConfig: Setting CVar [[r.VolumetricFog.GridSizeZ:128]]
[2024.04.05-10.04.31:811][  0]LogConfig: Setting CVar [[r.VolumetricFog.HistoryMissSupersampleCount:4]]
[2024.04.05-10.04.31:811][  0]LogConfig: Setting CVar [[r.LightMaxDrawDistanceScale:1]]
[2024.04.05-10.04.31:811][  0]LogConfig: Setting CVar [[r.CapsuleShadows:1]]
[2024.04.05-10.04.31:811][  0]LogConfig: Applying CVar settings from Section [PostProcessQuality@3] File [E:/Project/UEProject/Test/NewProject/city/Saved/Config/Windows/Scalability.ini]
[2024.04.05-10.04.31:811][  0]LogConfig: Setting CVar [[r.MotionBlurQuality:4]]
[2024.04.05-10.04.31:811][  0]LogConfig: Setting CVar [[r.AmbientOcclusionMipLevelFactor:0.4]]
[2024.04.05-10.04.31:811][  0]LogConfig: Setting CVar [[r.AmbientOcclusionMaxQuality:100]]
[2024.04.05-10.04.31:811][  0]LogConfig: Setting CVar [[r.AmbientOcclusionLevels:-1]]
[2024.04.05-10.04.31:811][  0]LogConfig: Setting CVar [[r.AmbientOcclusionRadiusScale:1.0]]
[2024.04.05-10.04.31:811][  0]LogConfig: Setting CVar [[r.DepthOfFieldQuality:2]]
[2024.04.05-10.04.31:811][  0]LogConfig: Setting CVar [[r.RenderTargetPoolMin:400]]
[2024.04.05-10.04.31:811][  0]LogConfig: Setting CVar [[r.LensFlareQuality:2]]
[2024.04.05-10.04.31:811][  0]LogConfig: Setting CVar [[r.SceneColorFringeQuality:1]]
[2024.04.05-10.04.31:811][  0]LogConfig: Setting CVar [[r.EyeAdaptationQuality:2]]
[2024.04.05-10.04.31:811][  0]LogConfig: Setting CVar [[r.BloomQuality:5]]
[2024.04.05-10.04.31:811][  0]LogConfig: Setting CVar [[r.FastBlurThreshold:100]]
[2024.04.05-10.04.31:811][  0]LogConfig: Setting CVar [[r.Upscale.Quality:3]]
[2024.04.05-10.04.31:811][  0]LogConfig: Setting CVar [[r.Tonemapper.GrainQuantization:1]]
[2024.04.05-10.04.31:811][  0]LogConfig: Setting CVar [[r.LightShaftQuality:1]]
[2024.04.05-10.04.31:811][  0]LogConfig: Setting CVar [[r.Filter.SizeScale:1]]
[2024.04.05-10.04.31:811][  0]LogConfig: Setting CVar [[r.Tonemapper.Quality:5]]
[2024.04.05-10.04.31:811][  0]LogConfig: Setting CVar [[r.DOF.Gather.AccumulatorQuality:1        ; higher gathering accumulator quality]]
[2024.04.05-10.04.31:812][  0]LogConfig: Setting CVar [[r.DOF.Gather.PostfilterMethod:1          ; Median3x3 postfilering method]]
[2024.04.05-10.04.31:812][  0]LogConfig: Setting CVar [[r.DOF.Gather.EnableBokehSettings:0       ; no bokeh simulation when gathering]]
[2024.04.05-10.04.31:812][  0]LogConfig: Setting CVar [[r.DOF.Gather.RingCount:4                 ; medium number of samples when gathering]]
[2024.04.05-10.04.31:812][  0]LogConfig: Setting CVar [[r.DOF.Scatter.ForegroundCompositing:1    ; additive foreground scattering]]
[2024.04.05-10.04.31:812][  0]LogConfig: Setting CVar [[r.DOF.Scatter.BackgroundCompositing:2    ; additive background scattering]]
[2024.04.05-10.04.31:812][  0]LogConfig: Setting CVar [[r.DOF.Scatter.EnableBokehSettings:1      ; bokeh simulation when scattering]]
[2024.04.05-10.04.31:812][  0]LogConfig: Setting CVar [[r.DOF.Scatter.MaxSpriteRatio:0.1         ; only a maximum of 10% of scattered bokeh]]
[2024.04.05-10.04.31:812][  0]LogConfig: Setting CVar [[r.DOF.Recombine.Quality:1                ; cheap slight out of focus]]
[2024.04.05-10.04.31:812][  0]LogConfig: Setting CVar [[r.DOF.Recombine.EnableBokehSettings:0    ; no bokeh simulation on slight out of focus]]
[2024.04.05-10.04.31:812][  0]LogConfig: Setting CVar [[r.DOF.TemporalAAQuality:1                ; more stable temporal accumulation]]
[2024.04.05-10.04.31:812][  0]LogConfig: Setting CVar [[r.DOF.Kernel.MaxForegroundRadius:0.025]]
[2024.04.05-10.04.31:812][  0]LogConfig: Setting CVar [[r.DOF.Kernel.MaxBackgroundRadius:0.025]]
[2024.04.05-10.04.31:812][  0]LogConfig: Applying CVar settings from Section [TextureQuality@3] File [E:/Project/UEProject/Test/NewProject/city/Saved/Config/Windows/Scalability.ini]
[2024.04.05-10.04.31:812][  0]LogConfig: Setting CVar [[r.Streaming.MipBias:0]]
[2024.04.05-10.04.31:812][  0]LogConfig: Setting CVar [[r.Streaming.AmortizeCPUToGPUCopy:0]]
[2024.04.05-10.04.31:812][  0]LogConfig: Setting CVar [[r.Streaming.MaxNumTexturesToStreamPerFrame:0]]
[2024.04.05-10.04.31:812][  0]LogConfig: Setting CVar [[r.Streaming.Boost:1]]
[2024.04.05-10.04.31:812][  0]LogConfig: Setting CVar [[r.MaxAnisotropy:8]]
[2024.04.05-10.04.31:812][  0]LogConfig: Setting CVar [[r.VT.MaxAnisotropy:8]]
[2024.04.05-10.04.31:812][  0]LogConfig: Setting CVar [[r.Streaming.LimitPoolSizeToVRAM:0]]
[2024.04.05-10.04.31:812][  0]LogConfig: Setting CVar [[r.Streaming.PoolSize:1000]]
[2024.04.05-10.04.31:812][  0]LogConfig: Setting CVar [[r.Streaming.MaxEffectiveScreenSize:0]]
[2024.04.05-10.04.31:812][  0]LogConfig: Applying CVar settings from Section [EffectsQuality@3] File [E:/Project/UEProject/Test/NewProject/city/Saved/Config/Windows/Scalability.ini]
[2024.04.05-10.04.31:812][  0]LogConfig: Setting CVar [[r.TranslucencyLightingVolumeDim:64]]
[2024.04.05-10.04.31:812][  0]LogConfig: Setting CVar [[r.RefractionQuality:2]]
[2024.04.05-10.04.31:812][  0]LogConfig: Setting CVar [[r.SSR.Quality:3]]
[2024.04.05-10.04.31:812][  0]LogConfig: Setting CVar [[r.SSR.HalfResSceneColor:0]]
[2024.04.05-10.04.31:812][  0]LogConfig: Setting CVar [[r.SceneColorFormat:4]]
[2024.04.05-10.04.31:812][  0]LogConfig: Setting CVar [[r.DetailMode:2]]
[2024.04.05-10.04.31:812][  0]LogConfig: Setting CVar [[r.TranslucencyVolumeBlur:1]]
[2024.04.05-10.04.31:812][  0]LogConfig: Setting CVar [[r.MaterialQualityLevel:1 ; High quality]]
[2024.04.05-10.04.31:812][  0]LogConfig: Setting CVar [[r.AnisotropicMaterials:1]]
[2024.04.05-10.04.31:812][  0]LogConfig: Setting CVar [[r.SSS.Scale:1]]
[2024.04.05-10.04.31:812][  0]LogConfig: Setting CVar [[r.SSS.SampleSet:2]]
[2024.04.05-10.04.31:812][  0]LogConfig: Setting CVar [[r.SSS.Quality:1]]
[2024.04.05-10.04.31:812][  0]LogConfig: Setting CVar [[r.SSS.HalfRes:0]]
[2024.04.05-10.04.31:812][  0]LogConfig: Setting CVar [[r.SSGI.Quality:3]]
[2024.04.05-10.04.31:812][  0]LogConfig: Setting CVar [[r.EmitterSpawnRateScale:1.0]]
[2024.04.05-10.04.31:812][  0]LogConfig: Setting CVar [[r.ParticleLightQuality:2]]
[2024.04.05-10.04.31:812][  0]LogConfig: Setting CVar [[r.SkyAtmosphere.AerialPerspectiveLUT.FastApplyOnOpaque:1 ; Always have FastSkyLUT 1 in this case to avoid wrong sky]]
[2024.04.05-10.04.31:812][  0]LogConfig: Setting CVar [[r.SkyAtmosphere.AerialPerspectiveLUT.SampleCountMaxPerSlice:4]]
[2024.04.05-10.04.31:812][  0]LogConfig: Setting CVar [[r.SkyAtmosphere.AerialPerspectiveLUT.DepthResolution:16.0]]
[2024.04.05-10.04.31:812][  0]LogConfig: Setting CVar [[r.SkyAtmosphere.FastSkyLUT:1]]
[2024.04.05-10.04.31:812][  0]LogConfig: Setting CVar [[r.SkyAtmosphere.FastSkyLUT.SampleCountMin:4.0]]
[2024.04.05-10.04.31:812][  0]LogConfig: Setting CVar [[r.SkyAtmosphere.FastSkyLUT.SampleCountMax:128.0]]
[2024.04.05-10.04.31:812][  0]LogConfig: Setting CVar [[r.SkyAtmosphere.SampleCountMin:4.0]]
[2024.04.05-10.04.31:812][  0]LogConfig: Setting CVar [[r.SkyAtmosphere.SampleCountMax:128.0]]
[2024.04.05-10.04.31:812][  0]LogConfig: Setting CVar [[r.SkyAtmosphere.TransmittanceLUT.UseSmallFormat:0]]
[2024.04.05-10.04.31:812][  0]LogConfig: Setting CVar [[r.SkyAtmosphere.TransmittanceLUT.SampleCount:10.0]]
[2024.04.05-10.04.31:812][  0]LogConfig: Setting CVar [[r.SkyAtmosphere.MultiScatteringLUT.SampleCount:15.0]]
[2024.04.05-10.04.31:812][  0]LogConfig: Setting CVar [[r.SkyLight.RealTimeReflectionCapture:1]]
[2024.04.05-10.04.31:812][  0]LogConfig: Applying CVar settings from Section [FoliageQuality@3] File [E:/Project/UEProject/Test/NewProject/city/Saved/Config/Windows/Scalability.ini]
[2024.04.05-10.04.31:812][  0]LogConfig: Setting CVar [[foliage.DensityScale:1.0]]
[2024.04.05-10.04.31:812][  0]LogConfig: Setting CVar [[grass.DensityScale:1.0]]
[2024.04.05-10.04.31:812][  0]LogConfig: Applying CVar settings from Section [ShadingQuality@3] File [E:/Project/UEProject/Test/NewProject/city/Saved/Config/Windows/Scalability.ini]
[2024.04.05-10.04.31:812][  0]LogConfig: Setting CVar [[r.HairStrands.SkyLighting.IntegrationType:2]]
[2024.04.05-10.04.31:812][  0]LogConfig: Setting CVar [[r.HairStrands.SkyAO.SampleCount:4]]
[2024.04.05-10.04.31:812][  0]LogConfig: Setting CVar [[r.HairStrands.Visibility.MSAA.SamplePerPixel:4]]
[2024.04.05-10.04.31:812][  0]LogInit: Selected Device Profile: [Windows]
[2024.04.05-10.04.31:812][  0]LogInit: Applying CVar settings loaded from the selected device profile: [Windows]
[2024.04.05-10.04.31:812][  0]LogHAL: Display: Platform has ~ 16 GB [16891695104 / 17179869184 / 16], which maps to Larger [LargestMinGB=32, LargerMinGB=12, DefaultMinGB=8, SmallerMinGB=6, SmallestMinGB=0)
[2024.04.05-10.04.31:812][  0]LogInit: Going up to parent DeviceProfile []
[2024.04.05-10.04.31:813][  0]LogConfig: Applying CVar settings from Section [ViewDistanceQuality@3] File [E:/Project/UEProject/Test/NewProject/city/Saved/Config/Windows/Scalability.ini]
[2024.04.05-10.04.31:813][  0]LogConfig: Setting CVar [[r.SkeletalMeshLODBias:0]]
[2024.04.05-10.04.31:813][  0]LogConfig: Setting CVar [[r.ViewDistanceScale:1.0]]
[2024.04.05-10.04.31:813][  0]LogConfig: Applying CVar settings from Section [AntiAliasingQuality@3] File [E:/Project/UEProject/Test/NewProject/city/Saved/Config/Windows/Scalability.ini]
[2024.04.05-10.04.31:813][  0]LogConfig: Setting CVar [[r.PostProcessAAQuality:4]]
[2024.04.05-10.04.31:813][  0]LogConfig: Applying CVar settings from Section [ShadowQuality@3] File [E:/Project/UEProject/Test/NewProject/city/Saved/Config/Windows/Scalability.ini]
[2024.04.05-10.04.31:813][  0]LogConfig: Setting CVar [[r.LightFunctionQuality:1]]
[2024.04.05-10.04.31:813][  0]LogConfig: Setting CVar [[r.ShadowQuality:5]]
[2024.04.05-10.04.31:813][  0]LogConfig: Setting CVar [[r.Shadow.CSM.MaxCascades:10]]
[2024.04.05-10.04.31:813][  0]LogConfig: Setting CVar [[r.Shadow.MaxResolution:2048]]
[2024.04.05-10.04.31:813][  0]LogConfig: Setting CVar [[r.Shadow.MaxCSMResolution:2048]]
[2024.04.05-10.04.31:813][  0]LogConfig: Setting CVar [[r.Shadow.RadiusThreshold:0.01]]
[2024.04.05-10.04.31:813][  0]LogConfig: Setting CVar [[r.Shadow.DistanceScale:1.0]]
[2024.04.05-10.04.31:813][  0]LogConfig: Setting CVar [[r.Shadow.CSM.TransitionScale:1.0]]
[2024.04.05-10.04.31:813][  0]LogConfig: Setting CVar [[r.Shadow.PreShadowResolutionFactor:1.0]]
[2024.04.05-10.04.31:813][  0]LogConfig: Setting CVar [[r.DistanceFieldShadowing:1]]
[2024.04.05-10.04.31:813][  0]LogConfig: Setting CVar [[r.DistanceFieldAO:1]]
[2024.04.05-10.04.31:813][  0]LogConfig: Setting CVar [[r.AOQuality:2]]
[2024.04.05-10.04.31:813][  0]LogConfig: Setting CVar [[r.VolumetricFog:1]]
[2024.04.05-10.04.31:813][  0]LogConfig: Setting CVar [[r.VolumetricFog.GridPixelSize:8]]
[2024.04.05-10.04.31:813][  0]LogConfig: Setting CVar [[r.VolumetricFog.GridSizeZ:128]]
[2024.04.05-10.04.31:813][  0]LogConfig: Setting CVar [[r.VolumetricFog.HistoryMissSupersampleCount:4]]
[2024.04.05-10.04.31:813][  0]LogConfig: Setting CVar [[r.LightMaxDrawDistanceScale:1]]
[2024.04.05-10.04.31:813][  0]LogConfig: Setting CVar [[r.CapsuleShadows:1]]
[2024.04.05-10.04.31:813][  0]LogConfig: Applying CVar settings from Section [PostProcessQuality@3] File [E:/Project/UEProject/Test/NewProject/city/Saved/Config/Windows/Scalability.ini]
[2024.04.05-10.04.31:813][  0]LogConfig: Setting CVar [[r.MotionBlurQuality:4]]
[2024.04.05-10.04.31:813][  0]LogConfig: Setting CVar [[r.AmbientOcclusionMipLevelFactor:0.4]]
[2024.04.05-10.04.31:813][  0]LogConfig: Setting CVar [[r.AmbientOcclusionMaxQuality:100]]
[2024.04.05-10.04.31:813][  0]LogConfig: Setting CVar [[r.AmbientOcclusionLevels:-1]]
[2024.04.05-10.04.31:813][  0]LogConfig: Setting CVar [[r.AmbientOcclusionRadiusScale:1.0]]
[2024.04.05-10.04.31:813][  0]LogConfig: Setting CVar [[r.DepthOfFieldQuality:2]]
[2024.04.05-10.04.31:813][  0]LogConfig: Setting CVar [[r.RenderTargetPoolMin:400]]
[2024.04.05-10.04.31:813][  0]LogConfig: Setting CVar [[r.LensFlareQuality:2]]
[2024.04.05-10.04.31:813][  0]LogConfig: Setting CVar [[r.SceneColorFringeQuality:1]]
[2024.04.05-10.04.31:813][  0]LogConfig: Setting CVar [[r.EyeAdaptationQuality:2]]
[2024.04.05-10.04.31:813][  0]LogConfig: Setting CVar [[r.BloomQuality:5]]
[2024.04.05-10.04.31:813][  0]LogConfig: Setting CVar [[r.FastBlurThreshold:100]]
[2024.04.05-10.04.31:813][  0]LogConfig: Setting CVar [[r.Upscale.Quality:3]]
[2024.04.05-10.04.31:813][  0]LogConfig: Setting CVar [[r.Tonemapper.GrainQuantization:1]]
[2024.04.05-10.04.31:813][  0]LogConfig: Setting CVar [[r.LightShaftQuality:1]]
[2024.04.05-10.04.31:813][  0]LogConfig: Setting CVar [[r.Filter.SizeScale:1]]
[2024.04.05-10.04.31:813][  0]LogConfig: Setting CVar [[r.Tonemapper.Quality:5]]
[2024.04.05-10.04.31:813][  0]LogConfig: Setting CVar [[r.DOF.Gather.AccumulatorQuality:1        ; higher gathering accumulator quality]]
[2024.04.05-10.04.31:813][  0]LogConfig: Setting CVar [[r.DOF.Gather.PostfilterMethod:1          ; Median3x3 postfilering method]]
[2024.04.05-10.04.31:813][  0]LogConfig: Setting CVar [[r.DOF.Gather.EnableBokehSettings:0       ; no bokeh simulation when gathering]]
[2024.04.05-10.04.31:813][  0]LogConfig: Setting CVar [[r.DOF.Gather.RingCount:4                 ; medium number of samples when gathering]]
[2024.04.05-10.04.31:813][  0]LogConfig: Setting CVar [[r.DOF.Scatter.ForegroundCompositing:1    ; additive foreground scattering]]
[2024.04.05-10.04.31:813][  0]LogConfig: Setting CVar [[r.DOF.Scatter.BackgroundCompositing:2    ; additive background scattering]]
[2024.04.05-10.04.31:813][  0]LogConfig: Setting CVar [[r.DOF.Scatter.EnableBokehSettings:1      ; bokeh simulation when scattering]]
[2024.04.05-10.04.31:813][  0]LogConfig: Setting CVar [[r.DOF.Scatter.MaxSpriteRatio:0.1         ; only a maximum of 10% of scattered bokeh]]
[2024.04.05-10.04.31:813][  0]LogConfig: Setting CVar [[r.DOF.Recombine.Quality:1                ; cheap slight out of focus]]
[2024.04.05-10.04.31:813][  0]LogConfig: Setting CVar [[r.DOF.Recombine.EnableBokehSettings:0    ; no bokeh simulation on slight out of focus]]
[2024.04.05-10.04.31:813][  0]LogConfig: Setting CVar [[r.DOF.TemporalAAQuality:1                ; more stable temporal accumulation]]
[2024.04.05-10.04.31:813][  0]LogConfig: Setting CVar [[r.DOF.Kernel.MaxForegroundRadius:0.025]]
[2024.04.05-10.04.31:813][  0]LogConfig: Setting CVar [[r.DOF.Kernel.MaxBackgroundRadius:0.025]]
[2024.04.05-10.04.31:813][  0]LogConfig: Applying CVar settings from Section [TextureQuality@3] File [E:/Project/UEProject/Test/NewProject/city/Saved/Config/Windows/Scalability.ini]
[2024.04.05-10.04.31:813][  0]LogConfig: Setting CVar [[r.Streaming.MipBias:0]]
[2024.04.05-10.04.31:813][  0]LogConfig: Setting CVar [[r.Streaming.AmortizeCPUToGPUCopy:0]]
[2024.04.05-10.04.31:813][  0]LogConfig: Setting CVar [[r.Streaming.MaxNumTexturesToStreamPerFrame:0]]
[2024.04.05-10.04.31:813][  0]LogConfig: Setting CVar [[r.Streaming.Boost:1]]
[2024.04.05-10.04.31:813][  0]LogConfig: Setting CVar [[r.MaxAnisotropy:8]]
[2024.04.05-10.04.31:813][  0]LogConfig: Setting CVar [[r.VT.MaxAnisotropy:8]]
[2024.04.05-10.04.31:813][  0]LogConfig: Setting CVar [[r.Streaming.LimitPoolSizeToVRAM:0]]
[2024.04.05-10.04.31:813][  0]LogConfig: Setting CVar [[r.Streaming.PoolSize:1000]]
[2024.04.05-10.04.31:813][  0]LogConfig: Setting CVar [[r.Streaming.MaxEffectiveScreenSize:0]]
[2024.04.05-10.04.31:813][  0]LogConfig: Applying CVar settings from Section [EffectsQuality@3] File [E:/Project/UEProject/Test/NewProject/city/Saved/Config/Windows/Scalability.ini]
[2024.04.05-10.04.31:813][  0]LogConfig: Setting CVar [[r.TranslucencyLightingVolumeDim:64]]
[2024.04.05-10.04.31:813][  0]LogConfig: Setting CVar [[r.RefractionQuality:2]]
[2024.04.05-10.04.31:813][  0]LogConfig: Setting CVar [[r.SSR.Quality:3]]
[2024.04.05-10.04.31:813][  0]LogConfig: Setting CVar [[r.SSR.HalfResSceneColor:0]]
[2024.04.05-10.04.31:813][  0]LogConfig: Setting CVar [[r.SceneColorFormat:4]]
[2024.04.05-10.04.31:813][  0]LogConfig: Setting CVar [[r.DetailMode:2]]
[2024.04.05-10.04.31:813][  0]LogConfig: Setting CVar [[r.TranslucencyVolumeBlur:1]]
[2024.04.05-10.04.31:813][  0]LogConfig: Setting CVar [[r.MaterialQualityLevel:1 ; High quality]]
[2024.04.05-10.04.31:813][  0]LogConfig: Setting CVar [[r.AnisotropicMaterials:1]]
[2024.04.05-10.04.31:813][  0]LogConfig: Setting CVar [[r.SSS.Scale:1]]
[2024.04.05-10.04.31:813][  0]LogConfig: Setting CVar [[r.SSS.SampleSet:2]]
[2024.04.05-10.04.31:813][  0]LogConfig: Setting CVar [[r.SSS.Quality:1]]
[2024.04.05-10.04.31:813][  0]LogConfig: Setting CVar [[r.SSS.HalfRes:0]]
[2024.04.05-10.04.31:813][  0]LogConfig: Setting CVar [[r.SSGI.Quality:3]]
[2024.04.05-10.04.31:813][  0]LogConfig: Setting CVar [[r.EmitterSpawnRateScale:1.0]]
[2024.04.05-10.04.31:813][  0]LogConfig: Setting CVar [[r.ParticleLightQuality:2]]
[2024.04.05-10.04.31:813][  0]LogConfig: Setting CVar [[r.SkyAtmosphere.AerialPerspectiveLUT.FastApplyOnOpaque:1 ; Always have FastSkyLUT 1 in this case to avoid wrong sky]]
[2024.04.05-10.04.31:813][  0]LogConfig: Setting CVar [[r.SkyAtmosphere.AerialPerspectiveLUT.SampleCountMaxPerSlice:4]]
[2024.04.05-10.04.31:813][  0]LogConfig: Setting CVar [[r.SkyAtmosphere.AerialPerspectiveLUT.DepthResolution:16.0]]
[2024.04.05-10.04.31:813][  0]LogConfig: Setting CVar [[r.SkyAtmosphere.FastSkyLUT:1]]
[2024.04.05-10.04.31:813][  0]LogConfig: Setting CVar [[r.SkyAtmosphere.FastSkyLUT.SampleCountMin:4.0]]
[2024.04.05-10.04.31:813][  0]LogConfig: Setting CVar [[r.SkyAtmosphere.FastSkyLUT.SampleCountMax:128.0]]
[2024.04.05-10.04.31:813][  0]LogConfig: Setting CVar [[r.SkyAtmosphere.SampleCountMin:4.0]]
[2024.04.05-10.04.31:813][  0]LogConfig: Setting CVar [[r.SkyAtmosphere.SampleCountMax:128.0]]
[2024.04.05-10.04.31:813][  0]LogConfig: Setting CVar [[r.SkyAtmosphere.TransmittanceLUT.UseSmallFormat:0]]
[2024.04.05-10.04.31:813][  0]LogConfig: Setting CVar [[r.SkyAtmosphere.TransmittanceLUT.SampleCount:10.0]]
[2024.04.05-10.04.31:813][  0]LogConfig: Setting CVar [[r.SkyAtmosphere.MultiScatteringLUT.SampleCount:15.0]]
[2024.04.05-10.04.31:813][  0]LogConfig: Setting CVar [[r.SkyLight.RealTimeReflectionCapture:1]]
[2024.04.05-10.04.31:813][  0]LogConfig: Applying CVar settings from Section [FoliageQuality@3] File [E:/Project/UEProject/Test/NewProject/city/Saved/Config/Windows/Scalability.ini]
[2024.04.05-10.04.31:813][  0]LogConfig: Setting CVar [[foliage.DensityScale:1.0]]
[2024.04.05-10.04.31:813][  0]LogConfig: Setting CVar [[grass.DensityScale:1.0]]
[2024.04.05-10.04.31:813][  0]LogConfig: Applying CVar settings from Section [ShadingQuality@3] File [E:/Project/UEProject/Test/NewProject/city/Saved/Config/Windows/Scalability.ini]
[2024.04.05-10.04.31:813][  0]LogConfig: Setting CVar [[r.HairStrands.SkyLighting.IntegrationType:2]]
[2024.04.05-10.04.31:813][  0]LogConfig: Setting CVar [[r.HairStrands.SkyAO.SampleCount:4]]
[2024.04.05-10.04.31:813][  0]LogConfig: Setting CVar [[r.HairStrands.Visibility.MSAA.SamplePerPixel:4]]
[2024.04.05-10.04.31:813][  0]LogConfig: Applying CVar settings from Section [Startup] File [../../../Engine/Config/ConsoleVariables.ini]
[2024.04.05-10.04.31:814][  0]LogConfig: Setting CVar [[net.UseAdaptiveNetUpdateFrequency:0]]
[2024.04.05-10.04.31:814][  0]LogConfig: Setting CVar [[p.chaos.AllowCreatePhysxBodies:1]]
[2024.04.05-10.04.31:814][  0]LogConfig: Setting CVar [[fx.SkipVectorVMBackendOptimizations:1]]
[2024.04.05-10.04.31:814][  0]LogConfig: Applying CVar settings from Section [ConsoleVariables] File [E:/Project/UEProject/Test/NewProject/city/Saved/Config/Windows/Engine.ini]
[2024.04.05-10.04.31:814][  0]LogConfig: Applying CVar settings from Section [ConsoleVariables] File [E:/Project/UEProject/Test/NewProject/city/Saved/Config/Windows/Editor.ini]
[2024.04.05-10.04.31:814][  0]LogInit: Computer: WIN-0IC8OVMB61U
[2024.04.05-10.04.31:814][  0]LogInit: User: Administrator
[2024.04.05-10.04.31:814][  0]LogInit: CPU Page size=4096, Cores=8
[2024.04.05-10.04.31:814][  0]LogInit: High frequency timer resolution =10.000000 MHz
[2024.04.05-10.04.31:814][  0]LogMemory: Memory total: Physical=15.7GB (16GB approx)
[2024.04.05-10.04.31:814][  0]LogMemory: Platform Memory Stats for Windows
[2024.04.05-10.04.31:814][  0]LogMemory: Process Physical Memory: 146.53 MB used, 146.53 MB peak
[2024.04.05-10.04.31:814][  0]LogMemory: Process Virtual Memory: 129.39 MB used, 129.39 MB peak
[2024.04.05-10.04.31:814][  0]LogMemory: Physical Memory: 6666.07 MB used,  9443.11 MB free, 16109.18 MB total
[2024.04.05-10.04.31:814][  0]LogMemory: Virtual Memory: 134204656.00 MB used,  13068.49 MB free, 134217728.00 MB total
[2024.04.05-10.04.31:821][  0]LogWindows: WindowsPlatformFeatures enabled
[2024.04.05-10.04.31:885][  0]LogInit: Physics initialised using underlying interface: PhysX
[2024.04.05-10.04.31:886][  0]LogInit: Using OS detected language (zh-CN).
[2024.04.05-10.04.31:886][  0]LogInit: Using OS detected locale (zh-CN).
[2024.04.05-10.04.31:889][  0]LogTextLocalizationManager: No specific localization for 'zh-CN' exists, so the 'zh-Hans' localization will be used.
[2024.04.05-10.04.32:019][  0]LogTextLocalizationResource: LocRes '../../../Engine/Content/Localization/Editor/zh/Editor.locres' could not be opened for reading!
[2024.04.05-10.04.32:019][  0]LogTextLocalizationResource: LocRes '../../../Engine/Content/Localization/EditorTutorials/zh/EditorTutorials.locres' could not be opened for reading!
[2024.04.05-10.04.32:020][  0]LogTextLocalizationResource: LocRes '../../../Engine/Content/Localization/Keywords/zh/Keywords.locres' could not be opened for reading!
[2024.04.05-10.04.32:020][  0]LogTextLocalizationResource: LocRes '../../../Engine/Content/Localization/Category/zh/Category.locres' could not be opened for reading!
[2024.04.05-10.04.32:020][  0]LogTextLocalizationResource: LocRes '../../../Engine/Content/Localization/ToolTips/zh/ToolTips.locres' could not be opened for reading!
[2024.04.05-10.04.32:020][  0]LogTextLocalizationResource: LocRes '../../../Engine/Content/Localization/PropertyNames/zh/PropertyNames.locres' could not be opened for reading!
[2024.04.05-10.04.32:020][  0]LogTextLocalizationResource: LocRes '../../../Engine/Content/Localization/Engine/zh/Engine.locres' could not be opened for reading!
[2024.04.05-10.04.32:020][  0]LogTextLocalizationResource: LocRes '../../../Engine/Plugins/Online/OnlineSubsystem/Content/Localization/OnlineSubsystem/zh/OnlineSubsystem.locres' could not be opened for reading!
[2024.04.05-10.04.32:020][  0]LogTextLocalizationResource: LocRes '../../../Engine/Plugins/Online/OnlineSubsystemUtils/Content/Localization/OnlineSubsystemUtils/zh/OnlineSubsystemUtils.locres' could not be opened for reading!
[2024.04.05-10.04.32:020][  0]LogTextLocalizationResource: LocRes '../../../Engine/Plugins/Online/Android/OnlineSubsystemGooglePlay/Content/Localization/OnlineSubsystemGooglePlay/zh/OnlineSubsystemGooglePlay.locres' could not be opened for reading!
[2024.04.05-10.04.32:020][  0]LogTextLocalizationResource: LocRes '../../../Engine/Plugins/Online/IOS/OnlineSubsystemIOS/Content/Localization/OnlineSubsystemIOS/zh/OnlineSubsystemIOS.locres' could not be opened for reading!
[2024.04.05-10.04.32:058][  0]LogInit: Setting process to per monitor DPI aware
[2024.04.05-10.04.32:093][  0]LogWindowsTextInputMethodSystem: Display: IME system deactivated.
[2024.04.05-10.04.32:110][  0]LogSlate: New Slate User Created.  User Index 0, Is Virtual User: 0
[2024.04.05-10.04.32:110][  0]LogSlate: Slate User Registered.  User Index 0, Is Virtual User: 0
[2024.04.05-10.04.32:252][  0]LogD3D11RHI: Loaded GFSDK_Aftermath_Lib.x64.dll
[2024.04.05-10.04.32:287][  0]LogHMD: Failed to initialize OpenVR with code 110
[2024.04.05-10.04.32:287][  0]LogD3D11RHI: D3D11 min allowed feature level: 11_0
[2024.04.05-10.04.32:287][  0]LogD3D11RHI: D3D11 max allowed feature level: 11_0
[2024.04.05-10.04.32:287][  0]LogD3D11RHI: D3D11 adapters:
[2024.04.05-10.04.32:427][  0]LogD3D11RHI:    0. 'NVIDIA GeForce RTX 3060 Laptop GPU' (Feature Level 11_0)
[2024.04.05-10.04.32:427][  0]LogD3D11RHI:       6010/0/8054 MB DedicatedVideo/DedicatedSystem/SharedSystem, Outputs:1, VendorId:0x10de
[2024.04.05-10.04.32:475][  0]LogD3D11RHI:    1. 'Intel(R) UHD Graphics' (Feature Level 11_0)
[2024.04.05-10.04.32:475][  0]LogD3D11RHI:       128/0/8054 MB DedicatedVideo/DedicatedSystem/SharedSystem, Outputs:0, VendorId:0x8086
[2024.04.05-10.04.32:478][  0]LogD3D11RHI:    2. 'Microsoft Basic Render Driver' (Feature Level 11_0)
[2024.04.05-10.04.32:478][  0]LogD3D11RHI:       0/0/8054 MB DedicatedVideo/DedicatedSystem/SharedSystem, Outputs:0, VendorId:0x1414
[2024.04.05-10.04.32:503][  0]LogD3D11RHI:    3. 'Intel(R) UHD Graphics' (Feature Level 11_0)
[2024.04.05-10.04.32:503][  0]LogD3D11RHI:       128/0/8054 MB DedicatedVideo/DedicatedSystem/SharedSystem, Outputs:0, VendorId:0x8086
[2024.04.05-10.04.32:503][  0]LogD3D11RHI: Chosen D3D11 Adapter:
[2024.04.05-10.04.32:503][  0]LogD3D11RHI:     Description : NVIDIA GeForce RTX 3060 Laptop GPU
[2024.04.05-10.04.32:503][  0]LogD3D11RHI:     VendorId    : 10de
[2024.04.05-10.04.32:503][  0]LogD3D11RHI:     DeviceId    : 2520
[2024.04.05-10.04.32:503][  0]LogD3D11RHI:     SubSysId    : 1341152d
[2024.04.05-10.04.32:503][  0]LogD3D11RHI:     Revision    : 00a1
[2024.04.05-10.04.32:503][  0]LogD3D11RHI:     DedicatedVideoMemory : 6301941760 bytes
[2024.04.05-10.04.32:503][  0]LogD3D11RHI:     DedicatedSystemMemory : 0 bytes
[2024.04.05-10.04.32:503][  0]LogD3D11RHI:     SharedSystemMemory : 8445847552 bytes
[2024.04.05-10.04.32:503][  0]LogD3D11RHI:     AdapterLuid : 0 53212
[2024.04.05-10.04.32:507][  0]LogD3D11RHI: Creating new Direct3DDevice
[2024.04.05-10.04.32:507][  0]LogD3D11RHI:     GPU DeviceId: 0x2520 (for the marketing name, search the web for "GPU Device Id")
[2024.04.05-10.04.32:507][  0]LogWindows: EnumDisplayDevices:
[2024.04.05-10.04.32:507][  0]LogWindows:    0. 'Intel(R) UHD Graphics' (P:1 D:1)
[2024.04.05-10.04.32:508][  0]LogWindows:    1. 'Intel(R) UHD Graphics' (P:0 D:0)
[2024.04.05-10.04.32:508][  0]LogWindows:    2. 'Intel(R) UHD Graphics' (P:0 D:0)
[2024.04.05-10.04.32:508][  0]LogWindows:    3. 'Intel(R) UHD Graphics' (P:0 D:0)
[2024.04.05-10.04.32:508][  0]LogWindows:    4. 'NVIDIA GeForce RTX 3060 Laptop GPU' (P:0 D:0)
[2024.04.05-10.04.32:508][  0]LogWindows:    5. 'NVIDIA GeForce RTX 3060 Laptop GPU' (P:0 D:0)
[2024.04.05-10.04.32:509][  0]LogWindows:    6. 'NVIDIA GeForce RTX 3060 Laptop GPU' (P:0 D:0)
[2024.04.05-10.04.32:509][  0]LogWindows:    7. 'NVIDIA GeForce RTX 3060 Laptop GPU' (P:0 D:0)
[2024.04.05-10.04.32:509][  0]LogWindows:    8. 'OrayIddDriver Device' (P:0 D:0)
[2024.04.05-10.04.32:509][  0]LogWindows:    9. 'OrayIddDriver Device' (P:0 D:0)
[2024.04.05-10.04.32:509][  0]LogWindows:    10. 'OrayIddDriver Device' (P:0 D:0)
[2024.04.05-10.04.32:509][  0]LogWindows:    11. 'OrayIddDriver Device' (P:0 D:0)
[2024.04.05-10.04.32:510][  0]LogWindows:    12. 'OrayIddDriver Device' (P:0 D:0)
[2024.04.05-10.04.32:510][  0]LogWindows: DebugString: PrimaryIsNotTheChoosenAdapter PrimaryIsNotTheChoosenAdapter PrimaryIsNotTheChoosenAdapter PrimaryIsNotTheChoosenAdapter GetVideoDriverDetailsInvalid PrimaryIsNotTheChoosenAdapter GetVideoDriverDetailsInvalid PrimaryIsNotTheChoosenAdapter GetVideoDriverDetailsInvalid PrimaryIsNotTheChoosenAdapter GetVideoDriverDetailsInvalid PrimaryIsNotTheChoosenAdapter GetVideoDriverDetailsInvalid PrimaryIsNotTheChoosenAdapter FoundDriverCount:4 
[2024.04.05-10.04.32:510][  0]LogD3D11RHI:     Adapter Name: NVIDIA GeForce RTX 3060 Laptop GPU
[2024.04.05-10.04.32:510][  0]LogD3D11RHI:   Driver Version: 546.01 (internal:31.0.15.4601, unified:546.01)
[2024.04.05-10.04.32:510][  0]LogD3D11RHI:      Driver Date: 10-26-2023
[2024.04.05-10.04.32:510][  0]LogRHI: Texture pool is 4207 MB (70% of 6010 MB)
[2024.04.05-10.04.32:510][  0]LogD3D11RHI: Creating D3DDevice using adapter:
[2024.04.05-10.04.32:510][  0]LogD3D11RHI:     Description : NVIDIA GeForce RTX 3060 Laptop GPU
[2024.04.05-10.04.32:510][  0]LogD3D11RHI:     VendorId    : 10de
[2024.04.05-10.04.32:510][  0]LogD3D11RHI:     DeviceId    : 2520
[2024.04.05-10.04.32:510][  0]LogD3D11RHI:     SubSysId    : 1341152d
[2024.04.05-10.04.32:510][  0]LogD3D11RHI:     Revision    : 00a1
[2024.04.05-10.04.32:510][  0]LogD3D11RHI:     DedicatedVideoMemory : 6301941760 bytes
[2024.04.05-10.04.32:510][  0]LogD3D11RHI:     DedicatedSystemMemory : 0 bytes
[2024.04.05-10.04.32:510][  0]LogD3D11RHI:     SharedSystemMemory : 8445847552 bytes
[2024.04.05-10.04.32:510][  0]LogD3D11RHI:     AdapterLuid : 0 53212
[2024.04.05-10.04.32:591][  0]LogD3D11RHI: RHI has support for 64 bit atomics
[2024.04.05-10.04.32:592][  0]LogD3D11RHI: Async texture creation enabled
[2024.04.05-10.04.32:592][  0]LogD3D11RHI: Array index from any shader is supported
[2024.04.05-10.04.32:623][  0]LogD3D11RHI: GPU Timing Frequency: 1000.000000 (Debug: 2 2)
[2024.04.05-10.04.32:649][  0]LogRHI: GeForceNow SDK initialized: 1
[2024.04.05-10.04.32:906][  0]LogTargetPlatformManager: Display: Loaded TargetPlatform 'AllDesktop'
[2024.04.05-10.04.32:921][  0]LogTargetPlatformManager: Display: Loaded TargetPlatform 'Android'
[2024.04.05-10.04.32:921][  0]LogTargetPlatformManager: Display: Loaded TargetPlatform 'Android_ASTC'
[2024.04.05-10.04.32:921][  0]LogTargetPlatformManager: Display: Loaded TargetPlatform 'Android_DXT'
[2024.04.05-10.04.32:921][  0]LogTargetPlatformManager: Display: Loaded TargetPlatform 'Android_ETC2'
[2024.04.05-10.04.32:921][  0]LogTargetPlatformManager: Display: Loaded TargetPlatform 'AndroidClient'
[2024.04.05-10.04.32:921][  0]LogTargetPlatformManager: Display: Loaded TargetPlatform 'Android_ASTCClient'
[2024.04.05-10.04.32:921][  0]LogTargetPlatformManager: Display: Loaded TargetPlatform 'Android_DXTClient'
[2024.04.05-10.04.32:921][  0]LogTargetPlatformManager: Display: Loaded TargetPlatform 'Android_ETC2Client'
[2024.04.05-10.04.32:921][  0]LogTargetPlatformManager: Display: Loaded TargetPlatform 'Android_Multi'
[2024.04.05-10.04.32:921][  0]LogTargetPlatformManager: Display: Loaded TargetPlatform 'Android_MultiClient'
[2024.04.05-10.04.32:938][  0]LogTargetPlatformManager: Display: Loaded TargetPlatform 'IOSClient'
[2024.04.05-10.04.32:938][  0]LogTargetPlatformManager: Display: Loaded TargetPlatform 'IOS'
[2024.04.05-10.04.32:945][  0]LogTargetPlatformManager: Display: Loaded TargetPlatform 'Linux'
[2024.04.05-10.04.32:949][  0]LogTargetPlatformManager: Display: Loaded TargetPlatform 'LinuxNoEditor'
[2024.04.05-10.04.32:953][  0]LogTargetPlatformManager: Display: Loaded TargetPlatform 'LinuxClient'
[2024.04.05-10.04.32:957][  0]LogTargetPlatformManager: Display: Loaded TargetPlatform 'LinuxServer'
[2024.04.05-10.04.32:965][  0]LogTargetPlatformManager: Display: Loaded TargetPlatform 'LinuxAArch64NoEditor'
[2024.04.05-10.04.32:969][  0]LogTargetPlatformManager: Display: Loaded TargetPlatform 'LinuxAArch64Client'
[2024.04.05-10.04.32:973][  0]LogTargetPlatformManager: Display: Loaded TargetPlatform 'LinuxAArch64Server'
[2024.04.05-10.04.32:990][  0]LogTargetPlatformManager: Display: Loaded TargetPlatform 'Lumin'
[2024.04.05-10.04.32:990][  0]LogTargetPlatformManager: Display: Loaded TargetPlatform 'LuminClient'
[2024.04.05-10.04.32:996][  0]LogTargetPlatformManager: Display: Loaded TargetPlatform 'MacNoEditor'
[2024.04.05-10.04.33:001][  0]LogTargetPlatformManager: Display: Loaded TargetPlatform 'Mac'
[2024.04.05-10.04.33:005][  0]LogTargetPlatformManager: Display: Loaded TargetPlatform 'MacClient'
[2024.04.05-10.04.33:008][  0]LogTargetPlatformManager: Display: Loaded TargetPlatform 'MacServer'
[2024.04.05-10.04.33:016][  0]LogTargetPlatformManager: Display: Loaded TargetPlatform 'TVOSClient'
[2024.04.05-10.04.33:016][  0]LogTargetPlatformManager: Display: Loaded TargetPlatform 'TVOS'
[2024.04.05-10.04.33:024][  0]LogTargetPlatformManager: Display: Loaded TargetPlatform 'WindowsNoEditor'
[2024.04.05-10.04.33:028][  0]LogTargetPlatformManager: Display: Loaded TargetPlatform 'Windows'
[2024.04.05-10.04.33:032][  0]LogTargetPlatformManager: Display: Loaded TargetPlatform 'WindowsClient'
[2024.04.05-10.04.33:036][  0]LogTargetPlatformManager: Display: Loaded TargetPlatform 'WindowsServer'
[2024.04.05-10.04.33:036][  0]LogTargetPlatformManager: Display: Building Assets For Windows
[2024.04.05-10.04.33:044][  0]LogAudioDebug: Display: Lib vorbis DLL was dynamically loaded.
[2024.04.05-10.04.33:078][  0]LogTextureFormatOodle: Display: Oodle Texture 2.9.0 init RDO Off
[2024.04.05-10.04.33:133][  0]LogRendererCore: Ray tracing is disabled. Reason: r.RayTracing=0.
[2024.04.05-10.04.33:133][  0]LogShaderCompilers: Guid format shader working directory is -2 characters bigger than the processId version (../../../../../../Project/UEProject/Test/NewProject/city/Intermediate/Shaders/WorkingDirectory/7024/).
[2024.04.05-10.04.33:133][  0]LogShaderCompilers: Cleaned the shader compiler working directory 'C:/Users/Administrator/AppData/Local/Temp/UnrealShaderWorkingDir/C81D53CD48485D0CAB6776AA55E58A76/'.
[2024.04.05-10.04.33:133][  0]LogXGEController: Cannot use XGE Controller as Incredibuild is not installed on this machine.
[2024.04.05-10.04.33:133][  0]LogShaderCompilers: Cannot use XGE Shader Compiler as Incredibuild is not installed on this machine.
[2024.04.05-10.04.33:133][  0]LogShaderCompilers: Display: Using Local Shader Compiler.
[2024.04.05-10.04.33:746][  0]LogDerivedDataCache: Display: Max Cache Size: 512 MB
[2024.04.05-10.04.33:829][  0]LogDerivedDataCache: Loaded boot cache 0.08s 111MB C:/Users/Administrator/AppData/Local/UnrealEngine/4.27/DerivedDataCache/Boot.ddc.
[2024.04.05-10.04.33:829][  0]LogDerivedDataCache: Display: Loaded Boot cache: C:/Users/Administrator/AppData/Local/UnrealEngine/4.27/DerivedDataCache/Boot.ddc
[2024.04.05-10.04.33:830][  0]LogDerivedDataCache: FDerivedDataBackendGraph:  Pak pak cache file ../../../../../../Project/UEProject/Test/NewProject/city/DerivedDataCache/DDC.ddp not found, will not use a pak cache.
[2024.04.05-10.04.33:830][  0]LogDerivedDataCache: Unable to find inner node Pak for hierarchical cache Hierarchy.
[2024.04.05-10.04.33:830][  0]LogDerivedDataCache: FDerivedDataBackendGraph:  CompressedPak pak cache file ../../../../../../Project/UEProject/Test/NewProject/city/DerivedDataCache/Compressed.ddp not found, will not use a pak cache.
[2024.04.05-10.04.33:830][  0]LogDerivedDataCache: Unable to find inner node CompressedPak for hierarchical cache Hierarchy.
[2024.04.05-10.04.33:842][  0]LogDerivedDataCache: Display: Pak cache opened for reading ../../../Engine/DerivedDataCache/Compressed.ddp.
[2024.04.05-10.04.33:843][  0]LogDerivedDataCache: FDerivedDataBackendGraph:  EnterprisePak pak cache file ../../../Enterprise/DerivedDataCache/Compressed.ddp not found, will not use a pak cache.
[2024.04.05-10.04.33:843][  0]LogDerivedDataCache: Unable to find inner node EnterprisePak for hierarchical cache Hierarchy.
[2024.04.05-10.04.33:865][  0]LogDerivedDataCache: Speed tests for C:/Users/Administrator/AppData/Local/UnrealEngine/Common/DerivedDataCache took 0.02 seconds
[2024.04.05-10.04.33:865][  0]LogDerivedDataCache: Display: Performance to C:/Users/Administrator/AppData/Local/UnrealEngine/Common/DerivedDataCache: Latency=0.08ms. RandomReadSpeed=92.45MBs, RandomWriteSpeed=85.77MBs. Assigned SpeedClass 'Local'
[2024.04.05-10.04.33:865][  0]LogDerivedDataCache: Using Local data cache path C:/Users/Administrator/AppData/Local/UnrealEngine/Common/DerivedDataCache: Writable
[2024.04.05-10.04.33:865][  0]LogDerivedDataCache: Shared data cache path not found in *engine.ini, will not use an Shared cache.
[2024.04.05-10.04.33:865][  0]LogDerivedDataCache: Unable to find inner node Shared for hierarchical cache Hierarchy.
[2024.04.05-10.04.33:901][  0]LogSlate: Using FreeType 2.10.0
[2024.04.05-10.04.33:902][  0]LogSlate: SlateFontServices - WITH_FREETYPE: 1, WITH_HARFBUZZ: 1
[2024.04.05-10.04.33:924][  0]LogAssetRegistry: FAssetRegistry took 0.0027 seconds to start up
[2024.04.05-10.04.34:125][  0]LogInit: Selected Device Profile: [Windows]
[2024.04.05-10.04.34:125][  0]LogInit: Active device profile: [000001E7E8D9FA00][000001E7E744A2C0 49] Windows
[2024.04.05-10.04.34:125][  0]LogInit: Profiles: [000001E7E8D9FA00][000001E7E744A2C0 49] Windows, [000001E7E8D54800][000001E7E7F62440 49] WindowsNoEditor, [000001E7E8D9C800][000001E7E7F665C0 49] WindowsServer, [000001E7E8D56F00][000001E7E7F6A740 49] WindowsClient, [000001E7E8D9EF00][000001E7E7F5E880 49] IOS, [000001E7E8D55300][000001E7E7F6E9C0 49] iPadAir, [000001E7E8D9D200][000001E7E7F72B00 49] iPadAir2, [000001E7E8CEFB00][000001E7E7F7EDC0 49] IPadPro, [000001E7E8CEFC00][000001E7E7F7AE00 49] iPadAir3, [000001E7E8D9F000][000001E7E7F82F80 49] iPadAir4, [000001E7E8CECD00][000001E7E7F87100 49] iPadMini2, [000001E7E8D9F100][000001E7E7F8B280 49] iPadMini3, [000001E7E8CEEA00][000001E7E7F8F400 49] iPadMini4, [000001E7E8D9D300][000001E7E7F93580 49] iPadMini5, [000001E7E8D7B400][000001E7E7F9B840 49] iPhone6, [000001E7E8D7B500][000001E7E7F97880 49] iPodTouch6, [000001E7E8CEE100][000001E7E7FA3B40 49] iPhone7, [000001E7E8CEE200][000001E7E7F9FB80 49] iPodTouch7, [000001E7E8D78C00][000001E7E7FA6180 49] iPhone5S, [000001E7E8CEEB00][000001E7E7FAA300 49] iPhone6Plus, [000001E7E8D7AB00][000001E7E7FAE480 49] iPhone6S, [000001E7E8CED900][000001E7E7FB2600 49] iPhone6SPlus, [000001E7E8D7BF00][000001E7E7FB6780 49] iPhone7Plus, [000001E7E8CEDF00][000001E7E7FBA900 49] iPhoneSE, [000001E7E8D78D00][000001E7E7F76A40 49] iPhone8, [000001E7E8CEDB00][000001E7E7FBEB80 49] iPhone8Plus, [000001E7E8D7A900][000001E7E7FC2CC0 49] iPhoneX, [000001E7E8CEE300][000001E7E7FCAE40 49] iPhoneXS, [000001E7E8D78500][000001E7E7FCEFC0 49] iPhoneXSMax, [000001E7E8CEE600][000001E7E7FD3140 49] iPhoneXR, [000001E7E8D7AF00][000001E7E7FD72C0 49] iPhone11, [000001E7E8CECA00][000001E7E7FDB440 49] iPhone11Pro, [000001E7E8D7A400][000001E7E7FDF5C0 49] iPhone11ProMax, [000001E7E8CEC100][000001E7E7FE3740 49] iPhoneSE2, [000001E7E8D78B00][000001E7E7FE78C0 49] iPhone12Mini, [000001E7E8CED700][000001E7E7FEBA40 49] iPhone12, [000001E7E8D78800][000001E7E7FEFBC0 49] iPhone12Pro, [000001E7E8CED100][000001E7E7FF21C0 49] iPhone12ProMax, [000001E7E8D78900][000001E7E7FF6340 49] iPadPro105, [000001E7E8CEF600][000001E7E7FFA4C0 49] iPadPro129, [000001E7E8D79100][000001E7E7FFE640 49] iPadPro97, [000001E7E8CEED00][000001E7E80027C0 49] iPadPro2_129, [000001E7E8D7A300][000001E7E8006940 49] iPad5, [000001E7E8CEE500][000001E7E800AAC0 49] iPad6, [000001E7E8D79A00][000001E7E7FC6C00 49] iPad7, [000001E7E8CEF400][000001E7E800ED40 49] iPad8, [000001E7E8D7B700][000001E7E8012E80 49] iPadPro11, [000001E7E8CEE400][000001E7E8016FC0 49] iPadPro2_11, [000001E7E8D78200][000001E7E801F140 49] iPadPro3_129, [000001E7E8CEE900][000001E7E80232C0 49] iPadPro4_129, [000001E7E8D7B300][000001E7E8027440 49] AppleTV, [000001E7E8CEF500][000001E7E802B5C0 49] AppleTV4K, [000001E7E8D7A000][000001E7E802F740 49] TVOS, [000001E7E8CED800][000001E7E80338C0 49] Mac, [000001E7E8D79F00][000001E7E8037A40 49] MacClient, [000001E7E8CEE000][000001E7E803BBC0 49] MacNoEditor, [000001E7E8D7AE00][000001E7E803E1C0 49] MacServer, [000001E7E8CECB00][000001E7E8042340 49] Linux, [000001E7E8D7AC00][000001E7E80464C0 49] LinuxAArch64, [000001E7E8CEE700][000001E7E804A640 49] LinuxNoEditor, [000001E7E8D56700][000001E7E804E7C0 49] LinuxAArch64NoEditor, [000001E7E8DED400][000001E7E8052940 49] LinuxClient, [000001E7E8D56500][000001E7E8056AC0 49] LinuxAArch64Client, [000001E7E8DEEF00][000001E7E805AC40 49] LinuxServer, [000001E7E8D55A00][000001E7E801AD80 49] LinuxAArch64Server, [000001E7E8DEC900][000001E7E805EEC0 49] Android, [000001E7E8D54A00][000001E7E8063000 49] Android_Low, [000001E7E8DEDF00][000001E7E8067140 49] Android_Mid, [000001E7E8D56A00][000001E7E806F2C0 49] Android_High, [000001E7E8DEE300][000001E7E8073440 49] Android_Default, [000001E7E8D57100][000001E7E80775C0 49] Android_Adreno4xx, [000001E7E8DEE200][000001E7E807B740 49] Android_Adreno5xx_Low, [000001E7E8D57C00][000001E7E78718C0 49] Android_Adreno5xx, [000001E7E8DEDA00][000001E7E7875A40 49] Android_Adreno6xx, [000001E7E8D54200][000001E7E7879BC0 49] Android_Adreno6xx_Vulkan, [000001E7E8DED600][000001E7E787C1C0 49] Android_Mali_T6xx, [000001E7E8D56400][000001E7E7880340 49] Android_Mali_T7xx, [000001E7E8DED000][000001E7E78844C0 49] Android_Mali_T8xx, [000001E7E8D54100][000001E7E7888640 49] Android_Mali_G71, [000001E7E8DED100][000001E7E788C7C0 49] Android_Mali_G72, [000001E7E8D55800][000001E7E7890940 49] Android_Mali_G72_Vulkan, [000001E7E8DEC500][000001E7E7894AC0 49] Android_Mali_G76, [000001E7E8D54300][000001E7E7898C40 49] Android_Mali_G76_Vulkan, [000001E7E8DEE900][000001E7E789CDC0 49] Android_Mali_G77, [000001E7E8CEEF00][000001E7E78A0F40 49] Android_Mali_G77_Vulkan, [000001E7E8DEEC00][000001E7E806B080 49] Android_Mali_G78, [000001E7E8CEC700][000001E7E78A51C0 49] Android_Mali_G78_Vulkan, [000001E7E8DEC600][000001E7E78A9300 49] Android_Mali_G710, [000001E7E8CEF100][000001E7E78B1480 49] Android_Mali_G710_Vulkan, [000001E7E8DEE700][000001E7E78B5600 49] Android_Vulkan_SM5, [000001E7E8CEC400][000001E7E78B9780 49] Android_PowerVR_G6xxx, [000001E7E8DEDD00][000001E7E78BD900 49] Android_PowerVR_GT7xxx, [000001E7E8CED200][000001E7E78C1A80 49] Android_PowerVR_GE8xxx, [000001E7E8DECB00][000001E7E78C5C00 49] Android_PowerVR_GM9xxx, [000001E7E8CEF200][000001E7E78C8200 49] Android_PowerVR_GM9xxx_Vulkan, [000001E7E8DED900][000001E7E78CC380 49] Android_TegraK1, [000001E7E8CEF300][000001E7E78D0500 49] Android_Unknown_Vulkan, [000001E7E8DEE500][000001E7E78D4680 49] Lumin, [000001E7E8CED000][000001E7E78D8800 49] Lumin_Desktop, [000001E7E8DECA00][000001E7E78DC980 49] HoloLens, 
[2024.04.05-10.04.34:254][  0]LogMeshReduction: Using QuadricMeshReduction for automatic static mesh reduction
[2024.04.05-10.04.34:254][  0]LogMeshReduction: Using SimplygonMeshReduction for automatic skeletal mesh reduction
[2024.04.05-10.04.34:254][  0]LogMeshReduction: Using ProxyLODMeshReduction for automatic mesh merging
[2024.04.05-10.04.34:254][  0]LogMeshReduction: No distributed automatic mesh merging module available
[2024.04.05-10.04.34:254][  0]LogMeshMerging: No distributed automatic mesh merging module available
[2024.04.05-10.04.34:273][  0]LogNetVersion: city 1.0.0, NetCL: 17155196, EngineNetVer: 17, GameNetVer: 0 (Checksum: 806950221)
[2024.04.05-10.04.34:625][  0]LogTexture: Default maximum texture size for cubemaps generated from long-lat sources has been changed from 512 to unlimited. In order to preserve old behaiour for '/Engine/MapTemplates/Sky/DaylightAmbientCubemap.DaylightAmbientCubemap', its maximum texture size has been explicitly set to 512.
[2024.04.05-10.04.34:673][  0]LogHMD: PokeAHoleMaterial loaded successfully
[2024.04.05-10.04.34:678][  0]LogUObjectArray: 17178 objects as part of root set at end of initial load.
[2024.04.05-10.04.34:678][  0]LogUObjectAllocator: 4302048 out of 0 bytes used by permanent object pool.
[2024.04.05-10.04.34:678][  0]LogUObjectArray: CloseDisregardForGC: 0/0 objects in disregard for GC pool
[2024.04.05-10.04.34:869][  0]LogNiagaraDebuggerClient: Niagara Debugger Client Initialized | Session: 5F644BDB4712AB2F961BFE9928354D97 | Instance: 7C4B038E4D0543676743B7BC922C636E (WIN-0IC8OVMB61U-7024).
[2024.04.05-10.04.35:005][  0]LogVaRest: FVaRestModule::StartupModule(28): VaRest (1.1.33) module started
[2024.04.05-10.04.35:139][  0]LogPython: Using Python 3.7.7
[2024.04.05-10.04.35:519][  0]LogUdpMessaging: Initializing bridge on interface 0.0.0.0:0 to multicast group 230.0.0.1:6666.
[2024.04.05-10.04.35:526][  0]LogTcpMessaging: Initializing TcpMessaging bridge
[2024.04.05-10.04.35:872][  0]LogTexture: Default maximum texture size for cubemaps generated from long-lat sources has been changed from 512 to unlimited. In order to preserve old behaiour for '/Engine/EditorMaterials/AssetViewer/EpicQuadPanorama_CC+EV1.EpicQuadPanorama_CC+EV1', its maximum texture size has been explicitly set to 512.
[2024.04.05-10.04.36:271][  0]SourceControl: 源码管理已禁用
[2024.04.05-10.04.36:271][  0]SourceControl: 源码管理已禁用
[2024.04.05-10.04.36:297][  0]SourceControl: 源码管理已禁用
[2024.04.05-10.04.36:301][  0]SourceControl: 源码管理已禁用
[2024.04.05-10.04.36:316][  0]SourceControl: 源码管理已禁用
[2024.04.05-10.04.36:318][  0]LogUProjectInfo: Found projects:
[2024.04.05-10.04.36:440][  0]LogOpenImageDenoise: OIDN starting up
[2024.04.05-10.04.36:460][  0]LogAndroidPermission: UAndroidPermissionCallbackProxy::GetInstance
[2024.04.05-10.04.36:492][  0]LogAudioCaptureCore: Display: No Audio Capture implementations found. Audio input will be silent.
[2024.04.05-10.04.36:492][  0]LogAudioCaptureCore: Display: No Audio Capture implementations found. Audio input will be silent.
[2024.04.05-10.04.36:586][  0]LogCollectionManager: Loaded 0 collections in 0.000619 seconds
[2024.04.05-10.04.36:610][  0]LogFileCache: Scanning file cache for directory 'E:/Project/UEProject/Test/NewProject/city/Saved/Collections/' took 0.00s
[2024.04.05-10.04.36:610][  0]LogFileCache: Scanning file cache for directory 'E:/Project/UEProject/Test/NewProject/city/Content/Developers/Administrator/Collections/' took 0.00s
[2024.04.05-10.04.36:610][  0]LogFileCache: Scanning file cache for directory 'E:/Project/UEProject/Test/NewProject/city/Content/Collections/' took 0.00s
[2024.04.05-10.04.36:610][  0]LogOcInput: OculusInput pre-init called
[2024.04.05-10.04.36:776][  0]LogDatasmithRuntime: Adding /DatasmithRuntime/Materials to the list of directories to always package otherwise we cannot create dynamic material instances at runtime
[2024.04.05-10.04.36:846][  0]LogClass: Display: EnumProperty FVaRest_NamedType::Type is not initialized properly. Module:VaRestEditor File:Public/VaRest_BreakJson.h
[2024.04.05-10.04.36:846][  0]LogClass: Display: BoolProperty FVaRest_NamedType::bIsArray is not initialized properly. Module:VaRestEditor File:Public/VaRest_BreakJson.h
[2024.04.05-10.04.36:847][  0]LogClass: Display: 2 Uninitialized script struct members found including 0 object properties
[2024.04.05-10.04.36:849][  0]LogEngine: Initializing Engine...
[2024.04.05-10.04.36:849][  0]LogVaRest: UVaRestSubsystem::Initialize(24): VaRest subsystem initialized
[2024.04.05-10.04.36:855][  0]LogHMD: Failed to enumerate extensions. Please check that you have a valid OpenXR runtime installed.
[2024.04.05-10.04.36:855][  0]LogHMD: Failed to initialize OpenVR with code 110
[2024.04.05-10.04.36:855][  0]LogMagicLeap: Warning: VR disabled because ZI is not enabled.  To enable, in the editor, Edit -> Project Settings -> Plugins -> Magic Leap Plugin -> Enable Zero Iteration
[2024.04.05-10.04.36:857][  0]LogStats: UGameplayTagsManager::InitializeManager -  0.000 s
[2024.04.05-10.04.36:947][  0]LogInit: Initializing FReadOnlyCVARCache
[2024.04.05-10.04.36:965][  0]LogAIModule: Creating AISystem for world Untitled
[2024.04.05-10.04.36:966][  0]LogAudio: Display: Initializing Audio Device Manager...
[2024.04.05-10.04.36:970][  0]LogAudio: Display: Loading Default Audio Settings Objects...
[2024.04.05-10.04.36:970][  0]LogAudio: Display: No default SoundConcurrencyObject specified (or failed to load).
[2024.04.05-10.04.36:971][  0]LogAudio: Display: Audio Device Manager Initialized
[2024.04.05-10.04.36:971][  0]LogAudio: Display: Creating Audio Device:                 Id: 1, Scope: Shared, Realtime: True
[2024.04.05-10.04.36:971][  0]LogAudioMixer: Display: Audio Mixer Platform Settings:
[2024.04.05-10.04.36:971][  0]LogAudioMixer: Display: 	Sample Rate:						  48000
[2024.04.05-10.04.36:971][  0]LogAudioMixer: Display: 	Callback Buffer Frame Size Requested: 1024
[2024.04.05-10.04.36:971][  0]LogAudioMixer: Display: 	Callback Buffer Frame Size To Use:	  1024
[2024.04.05-10.04.36:971][  0]LogAudioMixer: Display: 	Number of buffers to queue:			  2
[2024.04.05-10.04.36:971][  0]LogAudioMixer: Display: 	Max Channels (voices):				  32
[2024.04.05-10.04.36:971][  0]LogAudioMixer: Display: 	Number of Async Source Workers:		  0
[2024.04.05-10.04.36:971][  0]LogAudio: Display: AudioDevice MaxSources: 32
[2024.04.05-10.04.36:971][  0]LogAudio: Display: Audio Spatialization Plugin: None (built-in).
[2024.04.05-10.04.36:971][  0]LogAudio: Display: Audio Reverb Plugin: None (built-in).
[2024.04.05-10.04.36:971][  0]LogAudio: Display: Audio Occlusion Plugin: None (built-in).
[2024.04.05-10.04.36:971][  0]LogAudioMixer: Display: Initializing audio mixer.
[2024.04.05-10.04.36:981][  0]LogAudioMixer: Display: 0: FrontLeft
[2024.04.05-10.04.36:981][  0]LogAudioMixer: Display: 1: FrontRight
[2024.04.05-10.04.36:999][  0]LogAudioMixer: Display: Using Audio Device 扬声器 (Realtek(R) Audio)
[2024.04.05-10.04.37:001][  0]LogAudioMixer: Display: Initializing Sound Submixes...
[2024.04.05-10.04.37:002][  0]LogAudioMixer: Display: Creating Master Submix 'MasterSubmixDefault'
[2024.04.05-10.04.37:003][  0]LogAudioMixer: Display: Creating Master Submix 'MasterReverbSubmixDefault'
[2024.04.05-10.04.37:004][  0]LogAudioMixer: Display: Creating Master Submix 'MasterEQSubmixDefault'
[2024.04.05-10.04.37:004][  0]LogAudioMixer: FMixerPlatformXAudio2::StartAudioStream() called
[2024.04.05-10.04.37:004][  0]LogAudioMixer: Display: Output buffers initialized: Frames=1024, Channels=2, Samples=2048
[2024.04.05-10.04.37:004][  0]LogAudioMixer: Display: Starting AudioMixerPlatformInterface::RunInternal()
[2024.04.05-10.04.37:004][  0]LogAudioMixer: Display: FMixerPlatformXAudio2::SubmitBuffer() called for the first time
[2024.04.05-10.04.37:004][  0]LogInit: FAudioDevice initialized.
[2024.04.05-10.04.37:005][  0]LogAudio: Display: Audio Device (ID: 1) registered with world 'Untitled'.
[2024.04.05-10.04.37:005][  0]LogNetVersion: Set ProjectVersion to 1.0.0.0. Version Checksum will be recalculated on next use.
[2024.04.05-10.04.37:135][  0]LogDerivedDataCache: Saved boot cache 0.13s 111MB C:/Users/Administrator/AppData/Local/UnrealEngine/4.27/DerivedDataCache/Boot.ddc.
[2024.04.05-10.04.37:136][  0]LogInit: Texture streaming: Enabled
[2024.04.05-10.04.37:148][  0]LogAnalytics: Display: [UEEditor.Rocket.Release] APIServer = https://datarouter.ol.epicgames.com/. AppVersion = 4.27.2-18319896+++UE4+Release-4.27
[2024.04.05-10.04.37:153][  0]LogEngineSessionManager: EngineSessionManager initialized
[2024.04.05-10.04.37:153][  0]LogEngineSessionManager: EngineSessionManager sent abnormal shutdown report. Type=AbnormalShutdown, SessionId={B92D4AC3-4688-92C5-8C90-B4B1D116BBE8}
[2024.04.05-10.04.37:153][  0]LogEditorSessionSummary: Verbose: Initializing EditorSessionSummaryWriter for editor session tracking
[2024.04.05-10.04.37:156][  0]LogEditorSessionSummary: EditorSessionSummaryWriter initialized
[2024.04.05-10.04.37:181][  0]LogInit: Transaction tracking system initialized
[2024.04.05-10.04.37:208][  0]BlueprintLog: New page: 编辑器加载
[2024.04.05-10.04.37:285][  0]LocalizationService: 本地化服务已禁用
[2024.04.05-10.04.37:316][  0]TimingProfiler: Initialize
[2024.04.05-10.04.37:317][  0]TimingProfiler: OnSessionChanged
[2024.04.05-10.04.37:317][  0]LoadingProfiler: Initialize
[2024.04.05-10.04.37:317][  0]LoadingProfiler: OnSessionChanged
[2024.04.05-10.04.37:318][  0]NetworkingProfiler: Initialize
[2024.04.05-10.04.37:318][  0]NetworkingProfiler: OnSessionChanged
[2024.04.05-10.04.37:318][  0]MemoryProfiler: Initialize
[2024.04.05-10.04.37:318][  0]MemoryProfiler: OnSessionChanged
[2024.04.05-10.04.37:452][  0]LogCook: Display: CookSettings for Memory: MemoryMaxUsedVirtual 0MiB, MemoryMaxUsedPhysical 16384MiB, MemoryMinFreeVirtual 0MiB, MemoryMinFreePhysical 1024MiB
[2024.04.05-10.04.37:452][  0]LogCook: Display: Mobile HDR setting 1
[2024.04.05-10.04.37:760][  0]LogFileCache: Scanning file cache for directory 'E:/Project/UEProject/Test/NewProject/city/Content/' took 0.03s
[2024.04.05-10.04.37:900][  0]LogInit: Display: Engine is initialized. Leaving FEngineLoop::Init()
[2024.04.05-10.04.37:904][  0]SourceControl: 源码管理已禁用
[2024.04.05-10.04.37:905][  0]LogUnrealEdMisc: Loading editor; pre map load, took 7.298
[2024.04.05-10.04.37:905][  0]Cmd: MAP LOAD FILE="../../../../../../Project/UEProject/Test/NewProject/city/Content/ThirdPersonBP/Maps/Untitled.umap" TEMPLATE=0 SHOWPROGRESS=1 FEATURELEVEL=3
[2024.04.05-10.04.37:906][  0]LightingResults: New page: 光照构建
[2024.04.05-10.04.37:908][  0]LogWorld: UWorld::CleanupWorld for Untitled, bSessionEnded=true, bCleanupResources=true
[2024.04.05-10.04.37:908][  0]LogSlate: InvalidateAllWidgets triggered.  All widgets were invalidated
[2024.04.05-10.04.37:909][  0]MapCheck: New page: 地图检测
[2024.04.05-10.04.37:909][  0]LightingResults: New page: 光照构建
[2024.04.05-10.04.37:915][  0]LogAudio: Display: Audio Device unregistered from world 'None'.
[2024.04.05-10.04.37:919][  0]LogUObjectHash: Compacting FUObjectHashTables data took   0.63ms
[2024.04.05-10.04.47:277][  0]LogAudio: Display: Audio Device (ID: 1) registered with world 'Untitled'.
[2024.04.05-10.04.47:279][  0]LogAIModule: Creating AISystem for world Untitled
[2024.04.05-10.04.47:477][  0]LogEditorServer: Finished looking for orphan Actors (0.000 secs)
[2024.04.05-10.04.47:559][  0]LogUObjectHash: Compacting FUObjectHashTables data took   2.52ms
[2024.04.05-10.04.47:560][  0]Cmd: MAP CHECKDEP NOCLEARLOG
[2024.04.05-10.04.47:562][  0]MapCheck: 地图检测完成：0个错误、0个警告、完成用时1.062毫秒。
[2024.04.05-10.04.47:562][  0]LogFileHelpers: Loading map 'Untitled' took 9.656
[2024.04.05-10.04.47:570][  0]LogUnrealEdMisc: Total Editor Startup Time, took 16.964
[2024.04.05-10.04.47:660][  0]LogSlate: The tab "Cesium" attempted to spawn in layout 'LevelEditor_Layout_v1.2' but failed for some reason. It will not be displayed.
[2024.04.05-10.04.47:680][  0]LogSlate: Updating window title bar state: overlay mode, drag disabled, window buttons hidden, title bar hidden
[2024.04.05-10.04.47:686][  0]LogSlate: Updating window title bar state: overlay mode, drag disabled, window buttons hidden, title bar hidden
[2024.04.05-10.04.47:691][  0]LogSlate: Updating window title bar state: overlay mode, drag disabled, window buttons hidden, title bar hidden
[2024.04.05-10.04.47:697][  0]LogSlate: Updating window title bar state: overlay mode, drag disabled, window buttons hidden, title bar hidden
[2024.04.05-10.04.47:715][  0]LogNativeClassHierarchy: Verbose: Native class hierarchy populated in 0.0073 seconds. Added 4057 classes and 1015 folders.
[2024.04.05-10.04.47:717][  0]LogNativeClassHierarchy: Verbose: Native class hierarchy updated for 'WidgetCarousel' in 0.0002 seconds. Added 0 classes and 0 folders.
[2024.04.05-10.04.47:719][  0]LogPakFile: PakFile PrimaryIndexSize=187
[2024.04.05-10.04.47:720][  0]LogPakFile: PakFile PathHashIndexSize=101
[2024.04.05-10.04.47:720][  0]LogPakFile: PakFile FullDirectoryIndexSize=148
[2024.04.05-10.04.47:720][  0]LogShaderLibrary: Display: ShaderCodeLibraryPakFileMountedCallback: PakFile 'E:/Software/UE/UE_4.27/FeaturePacks/FP_FirstPerson.upack' (chunk index -1, root 'root:/') mounted
[2024.04.05-10.04.47:720][  0]LogShaderLibrary: Display: ShaderCodeLibraryPakFileMountedCallback: pending pak file info (ChunkID:-1 Root:root:/ File:E:/Software/UE/UE_4.27/FeaturePacks/FP_FirstPerson.upack)
[2024.04.05-10.04.47:720][  0]LogPakFile: OnPakFileMounted2Time == 0.000042
[2024.04.05-10.04.47:721][  0]LogPakFile: PakFile PrimaryIndexSize=189
[2024.04.05-10.04.47:721][  0]LogPakFile: PakFile PathHashIndexSize=101
[2024.04.05-10.04.47:721][  0]LogPakFile: PakFile FullDirectoryIndexSize=152
[2024.04.05-10.04.47:721][  0]LogShaderLibrary: Display: ShaderCodeLibraryPakFileMountedCallback: PakFile 'E:/Software/UE/UE_4.27/FeaturePacks/FP_FirstPersonBP.upack' (chunk index -1, root 'root:/') mounted
[2024.04.05-10.04.47:721][  0]LogShaderLibrary: Display: ShaderCodeLibraryPakFileMountedCallback: pending pak file info (ChunkID:-1 Root:root:/ File:E:/Software/UE/UE_4.27/FeaturePacks/FP_FirstPersonBP.upack)
[2024.04.05-10.04.47:721][  0]LogPakFile: OnPakFileMounted2Time == 0.000030
[2024.04.05-10.04.47:721][  0]LogPakFile: PakFile PrimaryIndexSize=191
[2024.04.05-10.04.47:721][  0]LogPakFile: PakFile PathHashIndexSize=101
[2024.04.05-10.04.47:721][  0]LogPakFile: PakFile FullDirectoryIndexSize=160
[2024.04.05-10.04.47:721][  0]LogShaderLibrary: Display: ShaderCodeLibraryPakFileMountedCallback: PakFile 'E:/Software/UE/UE_4.27/FeaturePacks/MobileStarterContent.upack' (chunk index -1, root 'root:/') mounted
[2024.04.05-10.04.47:721][  0]LogShaderLibrary: Display: ShaderCodeLibraryPakFileMountedCallback: pending pak file info (ChunkID:-1 Root:root:/ File:E:/Software/UE/UE_4.27/FeaturePacks/MobileStarterContent.upack)
[2024.04.05-10.04.47:721][  0]LogPakFile: OnPakFileMounted2Time == 0.000025
[2024.04.05-10.04.47:722][  0]LogPakFile: PakFile PrimaryIndexSize=185
[2024.04.05-10.04.47:722][  0]LogPakFile: PakFile PathHashIndexSize=101
[2024.04.05-10.04.47:722][  0]LogPakFile: PakFile FullDirectoryIndexSize=148
[2024.04.05-10.04.47:722][  0]LogShaderLibrary: Display: ShaderCodeLibraryPakFileMountedCallback: PakFile 'E:/Software/UE/UE_4.27/FeaturePacks/StarterContent.upack' (chunk index -1, root 'root:/') mounted
[2024.04.05-10.04.47:722][  0]LogShaderLibrary: Display: ShaderCodeLibraryPakFileMountedCallback: pending pak file info (ChunkID:-1 Root:root:/ File:E:/Software/UE/UE_4.27/FeaturePacks/StarterContent.upack)
[2024.04.05-10.04.47:722][  0]LogPakFile: OnPakFileMounted2Time == 0.000025
[2024.04.05-10.04.47:723][  0]LogPakFile: PakFile PrimaryIndexSize=190
[2024.04.05-10.04.47:723][  0]LogPakFile: PakFile PathHashIndexSize=101
[2024.04.05-10.04.47:723][  0]LogPakFile: PakFile FullDirectoryIndexSize=154
[2024.04.05-10.04.47:723][  0]LogShaderLibrary: Display: ShaderCodeLibraryPakFileMountedCallback: PakFile 'E:/Software/UE/UE_4.27/FeaturePacks/TP_2DSideScroller.upack' (chunk index -1, root 'root:/') mounted
[2024.04.05-10.04.47:723][  0]LogShaderLibrary: Display: ShaderCodeLibraryPakFileMountedCallback: pending pak file info (ChunkID:-1 Root:root:/ File:E:/Software/UE/UE_4.27/FeaturePacks/TP_2DSideScroller.upack)
[2024.04.05-10.04.47:723][  0]LogPakFile: OnPakFileMounted2Time == 0.000026
[2024.04.05-10.04.47:723][  0]LogPakFile: PakFile PrimaryIndexSize=192
[2024.04.05-10.04.47:723][  0]LogPakFile: PakFile PathHashIndexSize=101
[2024.04.05-10.04.47:723][  0]LogPakFile: PakFile FullDirectoryIndexSize=158
[2024.04.05-10.04.47:723][  0]LogShaderLibrary: Display: ShaderCodeLibraryPakFileMountedCallback: PakFile 'E:/Software/UE/UE_4.27/FeaturePacks/TP_2DSideScrollerBP.upack' (chunk index -1, root 'root:/') mounted
[2024.04.05-10.04.47:723][  0]LogShaderLibrary: Display: ShaderCodeLibraryPakFileMountedCallback: pending pak file info (ChunkID:-1 Root:root:/ File:E:/Software/UE/UE_4.27/FeaturePacks/TP_2DSideScrollerBP.upack)
[2024.04.05-10.04.47:723][  0]LogPakFile: OnPakFileMounted2Time == 0.000022
[2024.04.05-10.04.47:724][  0]LogPakFile: PakFile PrimaryIndexSize=182
[2024.04.05-10.04.47:724][  0]LogPakFile: PakFile PathHashIndexSize=101
[2024.04.05-10.04.47:724][  0]LogPakFile: PakFile FullDirectoryIndexSize=138
[2024.04.05-10.04.47:724][  0]LogShaderLibrary: Display: ShaderCodeLibraryPakFileMountedCallback: PakFile 'E:/Software/UE/UE_4.27/FeaturePacks/TP_Flying.upack' (chunk index -1, root 'root:/') mounted
[2024.04.05-10.04.47:724][  0]LogShaderLibrary: Display: ShaderCodeLibraryPakFileMountedCallback: pending pak file info (ChunkID:-1 Root:root:/ File:E:/Software/UE/UE_4.27/FeaturePacks/TP_Flying.upack)
[2024.04.05-10.04.47:724][  0]LogPakFile: OnPakFileMounted2Time == 0.000027
[2024.04.05-10.04.47:724][  0]LogPakFile: PakFile PrimaryIndexSize=184
[2024.04.05-10.04.47:724][  0]LogPakFile: PakFile PathHashIndexSize=101
[2024.04.05-10.04.47:724][  0]LogPakFile: PakFile FullDirectoryIndexSize=142
[2024.04.05-10.04.47:724][  0]LogShaderLibrary: Display: ShaderCodeLibraryPakFileMountedCallback: PakFile 'E:/Software/UE/UE_4.27/FeaturePacks/TP_FlyingBP.upack' (chunk index -1, root 'root:/') mounted
[2024.04.05-10.04.47:724][  0]LogShaderLibrary: Display: ShaderCodeLibraryPakFileMountedCallback: pending pak file info (ChunkID:-1 Root:root:/ File:E:/Software/UE/UE_4.27/FeaturePacks/TP_FlyingBP.upack)
[2024.04.05-10.04.47:724][  0]LogPakFile: OnPakFileMounted2Time == 0.000023
[2024.04.05-10.04.47:725][  0]LogPakFile: PakFile PrimaryIndexSize=188
[2024.04.05-10.04.47:725][  0]LogPakFile: PakFile PathHashIndexSize=101
[2024.04.05-10.04.47:725][  0]LogPakFile: PakFile FullDirectoryIndexSize=150
[2024.04.05-10.04.47:725][  0]LogShaderLibrary: Display: ShaderCodeLibraryPakFileMountedCallback: PakFile 'E:/Software/UE/UE_4.27/FeaturePacks/TP_HandheldARBP.upack' (chunk index -1, root 'root:/') mounted
[2024.04.05-10.04.47:725][  0]LogShaderLibrary: Display: ShaderCodeLibraryPakFileMountedCallback: pending pak file info (ChunkID:-1 Root:root:/ File:E:/Software/UE/UE_4.27/FeaturePacks/TP_HandheldARBP.upack)
[2024.04.05-10.04.47:725][  0]LogPakFile: OnPakFileMounted2Time == 0.000023
[2024.04.05-10.04.47:726][  0]LogPakFile: PakFile PrimaryIndexSize=182
[2024.04.05-10.04.47:726][  0]LogPakFile: PakFile PathHashIndexSize=101
[2024.04.05-10.04.47:726][  0]LogPakFile: PakFile FullDirectoryIndexSize=138
[2024.04.05-10.04.47:726][  0]LogShaderLibrary: Display: ShaderCodeLibraryPakFileMountedCallback: PakFile 'E:/Software/UE/UE_4.27/FeaturePacks/TP_Puzzle.upack' (chunk index -1, root 'root:/') mounted
[2024.04.05-10.04.47:726][  0]LogShaderLibrary: Display: ShaderCodeLibraryPakFileMountedCallback: pending pak file info (ChunkID:-1 Root:root:/ File:E:/Software/UE/UE_4.27/FeaturePacks/TP_Puzzle.upack)
[2024.04.05-10.04.47:726][  0]LogPakFile: OnPakFileMounted2Time == 0.000023
[2024.04.05-10.04.47:727][  0]LogPakFile: PakFile PrimaryIndexSize=184
[2024.04.05-10.04.47:727][  0]LogPakFile: PakFile PathHashIndexSize=101
[2024.04.05-10.04.47:727][  0]LogPakFile: PakFile FullDirectoryIndexSize=142
[2024.04.05-10.04.47:727][  0]LogShaderLibrary: Display: ShaderCodeLibraryPakFileMountedCallback: PakFile 'E:/Software/UE/UE_4.27/FeaturePacks/TP_PuzzleBP.upack' (chunk index -1, root 'root:/') mounted
[2024.04.05-10.04.47:727][  0]LogShaderLibrary: Display: ShaderCodeLibraryPakFileMountedCallback: pending pak file info (ChunkID:-1 Root:root:/ File:E:/Software/UE/UE_4.27/FeaturePacks/TP_PuzzleBP.upack)
[2024.04.05-10.04.47:727][  0]LogPakFile: OnPakFileMounted2Time == 0.000023
[2024.04.05-10.04.47:727][  0]LogPakFile: PakFile PrimaryIndexSize=183
[2024.04.05-10.04.47:727][  0]LogPakFile: PakFile PathHashIndexSize=101
[2024.04.05-10.04.47:727][  0]LogPakFile: PakFile FullDirectoryIndexSize=140
[2024.04.05-10.04.47:727][  0]LogShaderLibrary: Display: ShaderCodeLibraryPakFileMountedCallback: PakFile 'E:/Software/UE/UE_4.27/FeaturePacks/TP_Rolling.upack' (chunk index -1, root 'root:/') mounted
[2024.04.05-10.04.47:727][  0]LogShaderLibrary: Display: ShaderCodeLibraryPakFileMountedCallback: pending pak file info (ChunkID:-1 Root:root:/ File:E:/Software/UE/UE_4.27/FeaturePacks/TP_Rolling.upack)
[2024.04.05-10.04.47:727][  0]LogPakFile: OnPakFileMounted2Time == 0.000025
[2024.04.05-10.04.47:728][  0]LogPakFile: PakFile PrimaryIndexSize=185
[2024.04.05-10.04.47:728][  0]LogPakFile: PakFile PathHashIndexSize=101
[2024.04.05-10.04.47:728][  0]LogPakFile: PakFile FullDirectoryIndexSize=144
[2024.04.05-10.04.47:728][  0]LogShaderLibrary: Display: ShaderCodeLibraryPakFileMountedCallback: PakFile 'E:/Software/UE/UE_4.27/FeaturePacks/TP_RollingBP.upack' (chunk index -1, root 'root:/') mounted
[2024.04.05-10.04.47:728][  0]LogShaderLibrary: Display: ShaderCodeLibraryPakFileMountedCallback: pending pak file info (ChunkID:-1 Root:root:/ File:E:/Software/UE/UE_4.27/FeaturePacks/TP_RollingBP.upack)
[2024.04.05-10.04.47:728][  0]LogPakFile: OnPakFileMounted2Time == 0.000022
[2024.04.05-10.04.47:728][  0]LogPakFile: PakFile PrimaryIndexSize=188
[2024.04.05-10.04.47:728][  0]LogPakFile: PakFile PathHashIndexSize=101
[2024.04.05-10.04.47:728][  0]LogPakFile: PakFile FullDirectoryIndexSize=150
[2024.04.05-10.04.47:728][  0]LogShaderLibrary: Display: ShaderCodeLibraryPakFileMountedCallback: PakFile 'E:/Software/UE/UE_4.27/FeaturePacks/TP_SideScroller.upack' (chunk index -1, root 'root:/') mounted
[2024.04.05-10.04.47:728][  0]LogShaderLibrary: Display: ShaderCodeLibraryPakFileMountedCallback: pending pak file info (ChunkID:-1 Root:root:/ File:E:/Software/UE/UE_4.27/FeaturePacks/TP_SideScroller.upack)
[2024.04.05-10.04.47:728][  0]LogPakFile: OnPakFileMounted2Time == 0.000023
[2024.04.05-10.04.47:729][  0]LogPakFile: PakFile PrimaryIndexSize=190
[2024.04.05-10.04.47:729][  0]LogPakFile: PakFile PathHashIndexSize=101
[2024.04.05-10.04.47:729][  0]LogPakFile: PakFile FullDirectoryIndexSize=154
[2024.04.05-10.04.47:729][  0]LogShaderLibrary: Display: ShaderCodeLibraryPakFileMountedCallback: PakFile 'E:/Software/UE/UE_4.27/FeaturePacks/TP_SideScrollerBP.upack' (chunk index -1, root 'root:/') mounted
[2024.04.05-10.04.47:729][  0]LogShaderLibrary: Display: ShaderCodeLibraryPakFileMountedCallback: pending pak file info (ChunkID:-1 Root:root:/ File:E:/Software/UE/UE_4.27/FeaturePacks/TP_SideScrollerBP.upack)
[2024.04.05-10.04.47:729][  0]LogPakFile: OnPakFileMounted2Time == 0.000023
[2024.04.05-10.04.47:729][  0]LogPakFile: PakFile PrimaryIndexSize=187
[2024.04.05-10.04.47:729][  0]LogPakFile: PakFile PathHashIndexSize=101
[2024.04.05-10.04.47:729][  0]LogPakFile: PakFile FullDirectoryIndexSize=148
[2024.04.05-10.04.47:729][  0]LogShaderLibrary: Display: ShaderCodeLibraryPakFileMountedCallback: PakFile 'E:/Software/UE/UE_4.27/FeaturePacks/TP_ThirdPerson.upack' (chunk index -1, root 'root:/') mounted
[2024.04.05-10.04.47:729][  0]LogShaderLibrary: Display: ShaderCodeLibraryPakFileMountedCallback: pending pak file info (ChunkID:-1 Root:root:/ File:E:/Software/UE/UE_4.27/FeaturePacks/TP_ThirdPerson.upack)
[2024.04.05-10.04.47:729][  0]LogPakFile: OnPakFileMounted2Time == 0.000023
[2024.04.05-10.04.47:730][  0]LogPakFile: PakFile PrimaryIndexSize=189
[2024.04.05-10.04.47:730][  0]LogPakFile: PakFile PathHashIndexSize=101
[2024.04.05-10.04.47:730][  0]LogPakFile: PakFile FullDirectoryIndexSize=152
[2024.04.05-10.04.47:730][  0]LogShaderLibrary: Display: ShaderCodeLibraryPakFileMountedCallback: PakFile 'E:/Software/UE/UE_4.27/FeaturePacks/TP_ThirdPersonBP.upack' (chunk index -1, root 'root:/') mounted
[2024.04.05-10.04.47:730][  0]LogShaderLibrary: Display: ShaderCodeLibraryPakFileMountedCallback: pending pak file info (ChunkID:-1 Root:root:/ File:E:/Software/UE/UE_4.27/FeaturePacks/TP_ThirdPersonBP.upack)
[2024.04.05-10.04.47:730][  0]LogPakFile: OnPakFileMounted2Time == 0.000023
[2024.04.05-10.04.47:730][  0]LogPakFile: PakFile PrimaryIndexSize=183
[2024.04.05-10.04.47:730][  0]LogPakFile: PakFile PathHashIndexSize=101
[2024.04.05-10.04.47:730][  0]LogPakFile: PakFile FullDirectoryIndexSize=140
[2024.04.05-10.04.47:730][  0]LogShaderLibrary: Display: ShaderCodeLibraryPakFileMountedCallback: PakFile 'E:/Software/UE/UE_4.27/FeaturePacks/TP_TopDown.upack' (chunk index -1, root 'root:/') mounted
[2024.04.05-10.04.47:730][  0]LogShaderLibrary: Display: ShaderCodeLibraryPakFileMountedCallback: pending pak file info (ChunkID:-1 Root:root:/ File:E:/Software/UE/UE_4.27/FeaturePacks/TP_TopDown.upack)
[2024.04.05-10.04.47:730][  0]LogPakFile: OnPakFileMounted2Time == 0.000028
[2024.04.05-10.04.47:731][  0]LogPakFile: PakFile PrimaryIndexSize=185
[2024.04.05-10.04.47:731][  0]LogPakFile: PakFile PathHashIndexSize=101
[2024.04.05-10.04.47:731][  0]LogPakFile: PakFile FullDirectoryIndexSize=144
[2024.04.05-10.04.47:731][  0]LogShaderLibrary: Display: ShaderCodeLibraryPakFileMountedCallback: PakFile 'E:/Software/UE/UE_4.27/FeaturePacks/TP_TopDownBP.upack' (chunk index -1, root 'root:/') mounted
[2024.04.05-10.04.47:731][  0]LogShaderLibrary: Display: ShaderCodeLibraryPakFileMountedCallback: pending pak file info (ChunkID:-1 Root:root:/ File:E:/Software/UE/UE_4.27/FeaturePacks/TP_TopDownBP.upack)
[2024.04.05-10.04.47:731][  0]LogPakFile: OnPakFileMounted2Time == 0.000022
[2024.04.05-10.04.47:731][  0]LogPakFile: PakFile PrimaryIndexSize=185
[2024.04.05-10.04.47:731][  0]LogPakFile: PakFile PathHashIndexSize=101
[2024.04.05-10.04.47:731][  0]LogPakFile: PakFile FullDirectoryIndexSize=144
[2024.04.05-10.04.47:732][  0]LogShaderLibrary: Display: ShaderCodeLibraryPakFileMountedCallback: PakFile 'E:/Software/UE/UE_4.27/FeaturePacks/TP_TwinStick.upack' (chunk index -1, root 'root:/') mounted
[2024.04.05-10.04.47:732][  0]LogShaderLibrary: Display: ShaderCodeLibraryPakFileMountedCallback: pending pak file info (ChunkID:-1 Root:root:/ File:E:/Software/UE/UE_4.27/FeaturePacks/TP_TwinStick.upack)
[2024.04.05-10.04.47:732][  0]LogPakFile: OnPakFileMounted2Time == 0.000022
[2024.04.05-10.04.47:732][  0]LogPakFile: PakFile PrimaryIndexSize=187
[2024.04.05-10.04.47:732][  0]LogPakFile: PakFile PathHashIndexSize=101
[2024.04.05-10.04.47:732][  0]LogPakFile: PakFile FullDirectoryIndexSize=148
[2024.04.05-10.04.47:732][  0]LogShaderLibrary: Display: ShaderCodeLibraryPakFileMountedCallback: PakFile 'E:/Software/UE/UE_4.27/FeaturePacks/TP_TwinStickBP.upack' (chunk index -1, root 'root:/') mounted
[2024.04.05-10.04.47:732][  0]LogShaderLibrary: Display: ShaderCodeLibraryPakFileMountedCallback: pending pak file info (ChunkID:-1 Root:root:/ File:E:/Software/UE/UE_4.27/FeaturePacks/TP_TwinStickBP.upack)
[2024.04.05-10.04.47:732][  0]LogPakFile: OnPakFileMounted2Time == 0.000022
[2024.04.05-10.04.47:733][  0]LogPakFile: PakFile PrimaryIndexSize=183
[2024.04.05-10.04.47:733][  0]LogPakFile: PakFile PathHashIndexSize=101
[2024.04.05-10.04.47:733][  0]LogPakFile: PakFile FullDirectoryIndexSize=140
[2024.04.05-10.04.47:733][  0]LogShaderLibrary: Display: ShaderCodeLibraryPakFileMountedCallback: PakFile 'E:/Software/UE/UE_4.27/FeaturePacks/TP_Vehicle.upack' (chunk index -1, root 'root:/') mounted
[2024.04.05-10.04.47:733][  0]LogShaderLibrary: Display: ShaderCodeLibraryPakFileMountedCallback: pending pak file info (ChunkID:-1 Root:root:/ File:E:/Software/UE/UE_4.27/FeaturePacks/TP_Vehicle.upack)
[2024.04.05-10.04.47:733][  0]LogPakFile: OnPakFileMounted2Time == 0.000023
[2024.04.05-10.04.47:733][  0]LogPakFile: PakFile PrimaryIndexSize=186
[2024.04.05-10.04.47:733][  0]LogPakFile: PakFile PathHashIndexSize=101
[2024.04.05-10.04.47:733][  0]LogPakFile: PakFile FullDirectoryIndexSize=146
[2024.04.05-10.04.47:733][  0]LogShaderLibrary: Display: ShaderCodeLibraryPakFileMountedCallback: PakFile 'E:/Software/UE/UE_4.27/FeaturePacks/TP_VehicleAdv.upack' (chunk index -1, root 'root:/') mounted
[2024.04.05-10.04.47:733][  0]LogShaderLibrary: Display: ShaderCodeLibraryPakFileMountedCallback: pending pak file info (ChunkID:-1 Root:root:/ File:E:/Software/UE/UE_4.27/FeaturePacks/TP_VehicleAdv.upack)
[2024.04.05-10.04.47:733][  0]LogPakFile: OnPakFileMounted2Time == 0.000023
[2024.04.05-10.04.47:734][  0]LogPakFile: PakFile PrimaryIndexSize=188
[2024.04.05-10.04.47:734][  0]LogPakFile: PakFile PathHashIndexSize=101
[2024.04.05-10.04.47:734][  0]LogPakFile: PakFile FullDirectoryIndexSize=150
[2024.04.05-10.04.47:734][  0]LogShaderLibrary: Display: ShaderCodeLibraryPakFileMountedCallback: PakFile 'E:/Software/UE/UE_4.27/FeaturePacks/TP_VehicleAdvBP.upack' (chunk index -1, root 'root:/') mounted
[2024.04.05-10.04.47:734][  0]LogShaderLibrary: Display: ShaderCodeLibraryPakFileMountedCallback: pending pak file info (ChunkID:-1 Root:root:/ File:E:/Software/UE/UE_4.27/FeaturePacks/TP_VehicleAdvBP.upack)
[2024.04.05-10.04.47:734][  0]LogPakFile: OnPakFileMounted2Time == 0.000025
[2024.04.05-10.04.47:734][  0]LogPakFile: PakFile PrimaryIndexSize=185
[2024.04.05-10.04.47:734][  0]LogPakFile: PakFile PathHashIndexSize=101
[2024.04.05-10.04.47:734][  0]LogPakFile: PakFile FullDirectoryIndexSize=144
[2024.04.05-10.04.47:734][  0]LogShaderLibrary: Display: ShaderCodeLibraryPakFileMountedCallback: PakFile 'E:/Software/UE/UE_4.27/FeaturePacks/TP_VehicleBP.upack' (chunk index -1, root 'root:/') mounted
[2024.04.05-10.04.47:734][  0]LogShaderLibrary: Display: ShaderCodeLibraryPakFileMountedCallback: pending pak file info (ChunkID:-1 Root:root:/ File:E:/Software/UE/UE_4.27/FeaturePacks/TP_VehicleBP.upack)
[2024.04.05-10.04.47:735][  0]LogPakFile: OnPakFileMounted2Time == 0.000025
[2024.04.05-10.04.47:735][  0]LogPakFile: PakFile PrimaryIndexSize=192
[2024.04.05-10.04.47:735][  0]LogPakFile: PakFile PathHashIndexSize=101
[2024.04.05-10.04.47:735][  0]LogPakFile: PakFile FullDirectoryIndexSize=158
[2024.04.05-10.04.47:735][  0]LogShaderLibrary: Display: ShaderCodeLibraryPakFileMountedCallback: PakFile 'E:/Software/UE/UE_4.27/FeaturePacks/TP_VirtualRealityBP.upack' (chunk index -1, root 'root:/') mounted
[2024.04.05-10.04.47:735][  0]LogShaderLibrary: Display: ShaderCodeLibraryPakFileMountedCallback: pending pak file info (ChunkID:-1 Root:root:/ File:E:/Software/UE/UE_4.27/FeaturePacks/TP_VirtualRealityBP.upack)
[2024.04.05-10.04.47:735][  0]LogPakFile: OnPakFileMounted2Time == 0.000023
[2024.04.05-10.04.47:786][  0]LogNativeClassHierarchy: Verbose: Native class hierarchy updated for 'AddContentDialog' in 0.0002 seconds. Added 0 classes and 0 folders.
[2024.04.05-10.04.47:786][  0]LogSlate: The tab "CesiumIon" attempted to spawn in layout 'LevelEditor_Layout_v1.2' but failed for some reason. It will not be displayed.
[2024.04.05-10.04.47:792][  0]LogNativeClassHierarchy: Verbose: Native class hierarchy updated for 'SceneOutliner' in 0.0002 seconds. Added 2 classes and 0 folders.
[2024.04.05-10.04.47:813][  0]LogSlate: The tab "/SuperMap/BluePrints/CN/SuperMap.SuperMap_ActiveTab" attempted to spawn in layout 'LevelEditor_Layout_v1.2' but failed for some reason. It will not be displayed.
[2024.04.05-10.04.47:855][  0]LogSlate: Took 0.000391 seconds to synchronously load lazily loaded font '../../../Engine/Content/Slate/Fonts/Roboto-Regular.ttf' (155K)
[2024.04.05-10.04.47:856][  0]LogSlate: Took 0.000295 seconds to synchronously load lazily loaded font '../../../Engine/Content/Editor/Slate/Fonts/FontAwesome.ttf' (139K)
[2024.04.05-10.04.47:859][  0]LogSlate: Took 0.002571 seconds to synchronously load lazily loaded font '../../../Engine/Content/Slate/Fonts/DroidSansFallback.ttf' (3848K)
[2024.04.05-10.04.47:861][  0]LogSlate: Took 0.000469 seconds to synchronously load lazily loaded font '../../../Engine/Content/Slate/Fonts/Roboto-Bold.ttf' (160K)
[2024.04.05-10.04.47:995][  0]LogRenderer: Reallocating scene render targets to support 1072x560 Format 10 NumSamples 1 (Frame:1).
[2024.04.05-10.04.48:164][  0]LogNativeClassHierarchy: Verbose: Native class hierarchy updated for 'HierarchicalLODOutliner' in 0.0002 seconds. Added 0 classes and 0 folders.
[2024.04.05-10.04.48:164][  0]LogInput: Warning: Action Jump uses invalid key OculusGo_Left_Trigger_Click.
[2024.04.05-10.04.48:164][  0]LogInput: Warning: Action ResetVR uses invalid key OculusGo_Left_Trackpad_Click.
[2024.04.05-10.04.48:164][  0]LogInput: Warning: Use -RemoveInvalidKeys to remove instances of these keys from the action mapping.
[2024.04.05-10.04.48:165][  0]LogLoad: (Engine Initialization) Total time: 17.56 seconds
[2024.04.05-10.04.48:165][  0]LogLoad: (Engine Initialization) Total Blueprint compile time: 0.00 seconds
[2024.04.05-10.04.48:267][  0]LogContentStreaming: Texture pool size now 1000 MB
[2024.04.05-10.04.48:483][  4]LogAssetRegistry: Asset discovery search completed in 14.5601 seconds
[2024.04.05-10.04.48:490][  4]LogCollectionManager: Fixed up redirectors for 0 collections in 0.000004 seconds (updated 0 objects)
[2024.04.05-10.04.49:193][ 42]LogSlate: Took 0.000601 seconds to synchronously load lazily loaded font '../../../Engine/Content/Slate/Fonts/Roboto-Light.ttf' (167K)
