Log file open, 03/11/24 23:37:48
LogWindows: Failed to load 'aqProf.dll' (GetLastError=126)
LogWindows: File 'aqProf.dll' does not exist
LogWindows: Failed to load 'VtuneApi.dll' (GetLastError=126)
LogWindows: File 'VtuneApi.dll' does not exist
LogWindows: Failed to load 'VtuneApi32e.dll' (GetLastError=126)
LogWindows: File 'VtuneApi32e.dll' does not exist
LogConsoleResponse: Display: Failed to find resolution value strings in scalability ini. Falling back to default.
LogConsoleResponse: Display: Failed to find resolution value strings in scalability ini. Falling back to default.
LogInit: Display: Running engine for game: city
LogPlatformFile: Not using cached read wrapper
LogTaskGraph: Started task graph with 5 named threads and 47 total threads with 3 sets of task threads.
LogStats: Stats thread started at 0.454029
LogICUInternationalization: ICU TimeZone Detection - Raw Offset: +8:00, Platform Override: ''
LogInit: Display: Loading text-based GConfig....
LogPluginManager: Mounting plugin MeshPainting
LogPluginManager: Mounting plugin XGEController
LogPluginManager: Mounting plugin LightPropagationVolume
LogPluginManager: Mounting plugin CameraShakePreviewer
LogPluginManager: Mounting plugin LiveLink
LogPluginManager: Mounting plugin AISupport
LogPluginManager: Mounting plugin OodleData
LogPluginManager: Mounting plugin EnvironmentQueryEditor
LogPluginManager: Mounting plugin OodleNetwork
LogPluginManager: Mounting plugin GameplayCameras
LogPluginManager: Mounting plugin AnimationSharing
LogPluginManager: Mounting plugin Paper2D
LogPluginManager: Mounting plugin CLionSourceCodeAccess
LogPluginManager: Mounting plugin CodeLiteSourceCodeAccess
LogPluginManager: Mounting plugin KDevelopSourceCodeAccess
LogPluginManager: Mounting plugin NullSourceCodeAccess
LogPluginManager: Mounting plugin GitSourceControl
LogPluginManager: Mounting plugin Niagara
LogPluginManager: Mounting plugin PluginUtils
LogPluginManager: Mounting plugin PixWinPlugin
LogPluginManager: Mounting plugin PerforceSourceControl
LogPluginManager: Mounting plugin PropertyAccessNode
LogPluginManager: Mounting plugin PlasticSourceControl
LogPluginManager: Mounting plugin RiderSourceCodeAccess
LogPluginManager: Mounting plugin SubversionSourceControl
LogPluginManager: Mounting plugin AssetManagerEditor
LogPluginManager: Mounting plugin UObjectPlugin
LogPluginManager: Mounting plugin TextureFormatOodle
LogPluginManager: Mounting plugin XCodeSourceCodeAccess
LogPluginManager: Mounting plugin VisualStudioCodeSourceCodeAccess
LogPluginManager: Mounting plugin VisualStudioSourceCodeAccess
LogPluginManager: Mounting plugin CryptoKeys
LogPluginManager: Mounting plugin DataValidation
LogPluginManager: Mounting plugin CurveEditorTools
LogPluginManager: Mounting plugin GeometryMode
LogPluginManager: Mounting plugin GameplayTagsEditor
LogPluginManager: Mounting plugin MacGraphicsSwitching
LogPluginManager: Mounting plugin FacialAnimation
LogPluginManager: Mounting plugin GLTFImporter
LogPluginManager: Mounting plugin VaRest
LogPluginManager: Mounting plugin MeshEditor
LogPluginManager: Mounting plugin MobileLauncherProfileWizard
LogPluginManager: Mounting plugin SpeedTreeImporter
LogPluginManager: Mounting plugin EditorScriptingUtilities
LogPluginManager: Mounting plugin MaterialAnalyzer
LogPluginManager: Mounting plugin AlembicImporter
LogPluginManager: Mounting plugin AutomationUtils
LogPluginManager: Mounting plugin BackChannel
LogPluginManager: Mounting plugin BlastPlugin
LogPluginManager: Mounting plugin PluginBrowser
LogPluginManager: Mounting plugin ChaosCloth
LogPluginManager: Mounting plugin ChaosClothEditor
LogPluginManager: Mounting plugin ChaosEditor
LogPluginManager: Mounting plugin ChaosSolverPlugin
LogPluginManager: Mounting plugin CharacterAI
LogPluginManager: Mounting plugin ChaosNiagara
LogPluginManager: Mounting plugin GeometryCache
LogPluginManager: Mounting plugin TcpMessaging
LogPluginManager: Mounting plugin UdpMessaging
LogPluginManager: Mounting plugin GeometryCollectionPlugin
LogPluginManager: Mounting plugin DatasmithCADImporter
LogPluginManager: Mounting plugin DatasmithContent
LogPluginManager: Mounting plugin DatasmithGLTFImporter
LogPluginManager: Mounting plugin DataprepEditor
LogPluginManager: Mounting plugin VariantManagerContent
LogPluginManager: Mounting plugin StaticMeshEditorExtension
LogPluginManager: Mounting plugin DatasmithImporter
LogPluginManager: Mounting plugin VariantManager
LogPluginManager: Mounting plugin GeometryProcessing
LogPluginManager: Mounting plugin OpenImageDenoise
LogPluginManager: Mounting plugin ProxyLODPlugin
LogPluginManager: Mounting plugin PlanarCut
LogPluginManager: Mounting plugin PlatformCrypto
LogPluginManager: Mounting plugin MotoSynth
LogPluginManager: Mounting plugin SkeletalReduction
LogPluginManager: Mounting plugin PythonScriptPlugin
LogPluginManager: Mounting plugin AvfMedia
LogPluginManager: Mounting plugin AndroidMedia
LogPluginManager: Mounting plugin LuminPlatformFeatures
LogPluginManager: Mounting plugin MediaPlayerEditor
LogPluginManager: Mounting plugin MediaCompositing
LogPluginManager: Mounting plugin ImgMedia
LogPluginManager: Mounting plugin WebMMedia
LogPluginManager: Mounting plugin WmfMedia
LogPluginManager: Mounting plugin MagicLeap
LogPluginManager: Mounting plugin MagicLeapMedia
LogPluginManager: Mounting plugin MagicLeapLightEstimation
LogPluginManager: Mounting plugin MagicLeapPassableWorld
LogPluginManager: Mounting plugin MLSDK
LogPluginManager: Mounting plugin OnlineSubsystemNull
LogPluginManager: Mounting plugin OnlineSubsystem
LogPluginManager: Mounting plugin OnlineSubsystemUtils
LogPluginManager: Mounting plugin LauncherChunkInstaller
LogPluginManager: Mounting plugin ActorSequence
LogPluginManager: Mounting plugin MatineeToLevelSequence
LogPluginManager: Mounting plugin ActorLayerUtilities
LogPluginManager: Mounting plugin LevelSequenceEditor
LogPluginManager: Mounting plugin TemplateSequence
LogPluginManager: Mounting plugin AndroidPermission
LogPluginManager: Mounting plugin AndroidMoviePlayer
LogPluginManager: Mounting plugin AndroidDeviceProfileSelector
LogPluginManager: Mounting plugin AppleImageUtils
LogPluginManager: Mounting plugin AppleMoviePlayer
LogPluginManager: Mounting plugin ArchVisCharacter
LogPluginManager: Mounting plugin AssetTags
LogPluginManager: Mounting plugin AudioCapture
LogPluginManager: Mounting plugin CableComponent
LogPluginManager: Mounting plugin ChunkDownloader
LogPluginManager: Mounting plugin CustomMeshComponent
LogPluginManager: Mounting plugin EditableMesh
LogPluginManager: Mounting plugin AudioSynesthesia
LogPluginManager: Mounting plugin ExampleDeviceProfileSelector
LogPluginManager: Mounting plugin GoogleCloudMessaging
LogPluginManager: Mounting plugin GooglePAD
LogPluginManager: Mounting plugin Takes
LogPluginManager: Mounting plugin IOSDeviceProfileSelector
LogPluginManager: Mounting plugin LinuxDeviceProfileSelector
LogPluginManager: Mounting plugin MobilePatchingUtils
LogPluginManager: Mounting plugin LocationServicesBPLibrary
LogPluginManager: Mounting plugin OpenXREyeTracker
LogPluginManager: Mounting plugin OpenXR
LogPluginManager: Mounting plugin OpenXRHandTracking
LogPluginManager: Mounting plugin PhysXVehicles
LogPluginManager: Mounting plugin ScreenshotTools
LogPluginManager: Mounting plugin PostSplashScreen
LogPluginManager: Mounting plugin ProceduralMeshComponent
LogPluginManager: Mounting plugin PropertyAccessEditor
LogPluginManager: Mounting plugin RuntimePhysXCooking
LogPluginManager: Mounting plugin SignificanceManager
LogPluginManager: Mounting plugin SoundFields
LogPluginManager: Mounting plugin WebMMoviePlayer
LogPluginManager: Mounting plugin Synthesis
LogPluginManager: Mounting plugin WindowsMoviePlayer
LogPluginManager: Mounting plugin ContentBrowserAssetDataSource
LogPluginManager: Mounting plugin ContentBrowserClassDataSource
LogPluginManager: Mounting plugin ContentBrowserFileDataSource
LogPluginManager: Mounting plugin DatasmithRuntime
LogPluginManager: Mounting plugin OnlineSubsystemGooglePlay
LogPluginManager: Mounting plugin OnlineSubsystemIOS
LogPluginManager: Mounting plugin OculusVR
LogPluginManager: Mounting plugin SteamVR
PixWinPlugin: PIX capture plugin failed to initialize! Check that the process is launched from PIX.
LogInit: Using libcurl 7.55.1-DEV
LogInit:  - built for x86_64-pc-win32
LogInit:  - supports SSL with OpenSSL/1.1.1
LogInit:  - supports HTTP deflate (compression) using libz 1.2.8
LogInit:  - other features:
LogInit:      CURL_VERSION_SSL
LogInit:      CURL_VERSION_LIBZ
LogInit:      CURL_VERSION_IPV6
LogInit:      CURL_VERSION_ASYNCHDNS
LogInit:      CURL_VERSION_LARGEFILE
LogInit:      CURL_VERSION_IDN
LogInit:  CurlRequestOptions (configurable via config and command line):
LogInit:  - bVerifyPeer = true  - Libcurl will verify peer certificate
LogInit:  - bUseHttpProxy = false  - Libcurl will NOT use HTTP proxy
LogInit:  - bDontReuseConnections = false  - Libcurl will reuse connections
LogInit:  - MaxHostConnections = 16  - Libcurl will limit the number of connections to a host
LogInit:  - LocalHostAddr = Default
LogInit:  - BufferSize = 65536
LogOnline: OSS: Creating online subsystem instance for: NULL
LogInit: WinSock: version 1.1 (2.2), MaxSocks=32767, MaxUdp=65467
LogOnline: OSS: TryLoadSubsystemAndSetDefault: Loaded subsystem for module [NULL]
LogOculusPluginWrapper: OculusPlugin initialized successfully
LogHMD: Failed initializing OVRPlugin 1.59.0
LogInit: Build: ++UE4+Release-4.27-CL-18319896
LogInit: Engine Version: 4.27.2-18319896+++UE4+Release-4.27
LogInit: Compatible Engine Version: 4.27.0-17155196+++UE4+Release-4.27
LogInit: Net CL: 17155196
LogInit: OS: Windows 10 (Release 2009) (), CPU: 11th Gen Intel(R) Core(TM) i9-11900H @ 2.50GHz, GPU: Intel(R) UHD Graphics
LogInit: Compiled (64-bit): Nov 30 2021 07:12:08
LogInit: Compiled with Visual C++: 19.24.28315.00
LogInit: Build Configuration: Development
LogInit: Branch Name: ++UE4+Release-4.27
LogInit: Command Line: 
LogInit: Base Directory: E:/Software/UE/UE_4.27/Engine/Binaries/Win64/
LogInit: Allocator: TBB
LogInit: Installed Engine Build: 1
LogDevObjectVersion: Number of dev versions registered: 29
LogDevObjectVersion:   Dev-Blueprints (B0D832E4-1F89-4F0D-ACCF-7EB736FD4AA2): 10
LogDevObjectVersion:   Dev-Build (E1C64328-A22C-4D53-A36C-8E866417BD8C): 0
LogDevObjectVersion:   Dev-Core (375EC13C-06E4-48FB-B500-84F0262A717E): 4
LogDevObjectVersion:   Dev-Editor (E4B068ED-F494-42E9-A231-DA0B2E46BB41): 40
LogDevObjectVersion:   Dev-Framework (CFFC743F-43B0-4480-9391-14DF171D2073): 37
LogDevObjectVersion:   Dev-Mobile (B02B49B5-BB20-44E9-A304-32B752E40360): 3
LogDevObjectVersion:   Dev-Networking (A4E4105C-59A1-49B5-A7C5-40C4547EDFEE): 0
LogDevObjectVersion:   Dev-Online (39C831C9-5AE6-47DC-9A44-9C173E1C8E7C): 0
LogDevObjectVersion:   Dev-Physics (78F01B33-EBEA-4F98-B9B4-84EACCB95AA2): 14
LogDevObjectVersion:   Dev-Platform (6631380F-2D4D-43E0-8009-CF276956A95A): 0
LogDevObjectVersion:   Dev-Rendering (12F88B9F-8875-4AFC-A67C-D90C383ABD29): 45
LogDevObjectVersion:   Dev-Sequencer (7B5AE74C-D270-4C10-A958-57980B212A5A): 13
LogDevObjectVersion:   Dev-VR (D7296918-1DD6-4BDD-9DE2-64A83CC13884): 3
LogDevObjectVersion:   Dev-LoadTimes (C2A15278-BFE7-4AFE-6C17-90FF531DF755): 1
LogDevObjectVersion:   Private-Geometry (6EACA3D4-40EC-4CC1-B786-8BED09428FC5): 3
LogDevObjectVersion:   Dev-AnimPhys (29E575DD-E0A3-4627-9D10-D276232CDCEA): 17
LogDevObjectVersion:   Dev-Anim (AF43A65D-7FD3-4947-9873-3E8ED9C1BB05): 15
LogDevObjectVersion:   Dev-ReflectionCapture (6B266CEC-1EC7-4B8F-A30B-E4D90942FC07): 1
LogDevObjectVersion:   Dev-Automation (0DF73D61-A23F-47EA-B727-89E90C41499A): 1
LogDevObjectVersion:   FortniteMain (601D1886-AC64-4F84-AA16-D3DE0DEAC7D6): 47
LogDevObjectVersion:   FortniteRelease (E7086368-6B23-4C58-8439-1B7016265E91): 1
LogDevObjectVersion:   Dev-Enterprise (9DFFBCD6-494F-0158-E221-12823C92A888): 10
LogDevObjectVersion:   Dev-Niagara (F2AED0AC-9AFE-416F-8664-AA7FFA26D6FC): 1
LogDevObjectVersion:   Dev-Destruction (174F1F0B-B4C6-45A5-B13F-2EE8D0FB917D): 10
LogDevObjectVersion:   Dev-Physics-Ext (35F94A83-E258-406C-A318-09F59610247C): 41
LogDevObjectVersion:   Dev-PhysicsMaterial-Chaos (B68FC16E-8B1B-42E2-B453-215C058844FE): 1
LogDevObjectVersion:   Dev-CineCamera (B2E18506-4273-CFC2-A54E-F4BB758BBA07): 1
LogDevObjectVersion:   Dev-VirtualProduction (64F58936-FD1B-42BA-BA96-7289D5D0FA4E): 1
LogDevObjectVersion:   Dev-MediaFramework (6F0ED827-A609-4895-9C91-998D90180EA4): 2
LogLinker: AddRedirectList(E:/Project/UEProject/Test/NewProject/city/Saved/Config/Windows/VaRest.ini) has substring redirect /VaRestPlugin/, these are very slow and should be resolved as soon as possible!
LogInit: Presizing for max 25165824 objects, including 0 objects not considered by GC, pre-allocating 0 bytes for permanent pool.
LogConfig: Applying CVar settings from Section [/Script/Engine.StreamingSettings] File [E:/Project/UEProject/Test/NewProject/city/Saved/Config/Windows/Engine.ini]
LogConfig: Setting CVar [[s.MinBulkDataSizeForAsyncLoading:131072]]
LogConfig: Setting CVar [[s.AsyncLoadingThreadEnabled:0]]
LogConfig: Setting CVar [[s.EventDrivenLoaderEnabled:1]]
LogConfig: Setting CVar [[s.WarnIfTimeLimitExceeded:0]]
LogConfig: Setting CVar [[s.TimeLimitExceededMultiplier:1.5]]
LogConfig: Setting CVar [[s.TimeLimitExceededMinTime:0.005]]
LogConfig: Setting CVar [[s.UseBackgroundLevelStreaming:1]]
LogConfig: Setting CVar [[s.PriorityAsyncLoadingExtraTime:15.0]]
LogConfig: Setting CVar [[s.LevelStreamingActorsUpdateTimeLimit:5.0]]
LogConfig: Setting CVar [[s.PriorityLevelStreamingActorsUpdateExtraTime:5.0]]
LogConfig: Setting CVar [[s.LevelStreamingComponentsRegistrationGranularity:10]]
LogConfig: Setting CVar [[s.UnregisterComponentsTimeLimit:1.0]]
LogConfig: Setting CVar [[s.LevelStreamingComponentsUnregistrationGranularity:5]]
LogConfig: Setting CVar [[s.FlushStreamingOnExit:1]]
LogInit: Object subsystem initialized
LogConfig: Setting CVar [[con.DebugEarlyDefault:1]]
LogConfig: Setting CVar [[r.setres:1280x720]]
[2024.03.11-15.37.49:212][  0]LogConfig: Setting CVar [[r.VSync:0]]
[2024.03.11-15.37.49:212][  0]LogConfig: Setting CVar [[r.RHICmdBypass:0]]
[2024.03.11-15.37.49:212][  0]LogConfig: Applying CVar settings from Section [/Script/Engine.RendererSettings] File [E:/Project/UEProject/Test/NewProject/city/Saved/Config/Windows/Engine.ini]
[2024.03.11-15.37.49:212][  0]LogConfig: Setting CVar [[r.GPUCrashDebugging:0]]
[2024.03.11-15.37.49:212][  0]LogConfig: Applying CVar settings from Section [/Script/Engine.RendererOverrideSettings] File [E:/Project/UEProject/Test/NewProject/city/Saved/Config/Windows/Engine.ini]
[2024.03.11-15.37.49:212][  0]LogConfig: Applying CVar settings from Section [/Script/Engine.StreamingSettings] File [E:/Project/UEProject/Test/NewProject/city/Saved/Config/Windows/Engine.ini]
[2024.03.11-15.37.49:212][  0]LogConfig: Setting CVar [[s.MinBulkDataSizeForAsyncLoading:131072]]
[2024.03.11-15.37.49:212][  0]LogConfig: Setting CVar [[s.AsyncLoadingThreadEnabled:0]]
[2024.03.11-15.37.49:212][  0]LogConfig: Setting CVar [[s.EventDrivenLoaderEnabled:1]]
[2024.03.11-15.37.49:212][  0]LogConfig: Setting CVar [[s.WarnIfTimeLimitExceeded:0]]
[2024.03.11-15.37.49:212][  0]LogConfig: Setting CVar [[s.TimeLimitExceededMultiplier:1.5]]
[2024.03.11-15.37.49:212][  0]LogConfig: Setting CVar [[s.TimeLimitExceededMinTime:0.005]]
[2024.03.11-15.37.49:212][  0]LogConfig: Setting CVar [[s.UseBackgroundLevelStreaming:1]]
[2024.03.11-15.37.49:212][  0]LogConfig: Setting CVar [[s.PriorityAsyncLoadingExtraTime:15.0]]
[2024.03.11-15.37.49:212][  0]LogConfig: Setting CVar [[s.LevelStreamingActorsUpdateTimeLimit:5.0]]
[2024.03.11-15.37.49:212][  0]LogConfig: Setting CVar [[s.PriorityLevelStreamingActorsUpdateExtraTime:5.0]]
[2024.03.11-15.37.49:212][  0]LogConfig: Setting CVar [[s.LevelStreamingComponentsRegistrationGranularity:10]]
[2024.03.11-15.37.49:212][  0]LogConfig: Setting CVar [[s.UnregisterComponentsTimeLimit:1.0]]
[2024.03.11-15.37.49:212][  0]LogConfig: Setting CVar [[s.LevelStreamingComponentsUnregistrationGranularity:5]]
[2024.03.11-15.37.49:212][  0]LogConfig: Setting CVar [[s.FlushStreamingOnExit:1]]
[2024.03.11-15.37.49:212][  0]LogConfig: Applying CVar settings from Section [/Script/Engine.GarbageCollectionSettings] File [E:/Project/UEProject/Test/NewProject/city/Saved/Config/Windows/Engine.ini]
[2024.03.11-15.37.49:212][  0]LogConfig: Setting CVar [[gc.MaxObjectsNotConsideredByGC:1]]
[2024.03.11-15.37.49:212][  0]LogConfig: Setting CVar [[gc.SizeOfPermanentObjectPool:0]]
[2024.03.11-15.37.49:212][  0]LogConfig: Setting CVar [[gc.FlushStreamingOnGC:0]]
[2024.03.11-15.37.49:212][  0]LogConfig: Setting CVar [[gc.NumRetriesBeforeForcingGC:10]]
[2024.03.11-15.37.49:212][  0]LogConfig: Setting CVar [[gc.AllowParallelGC:1]]
[2024.03.11-15.37.49:212][  0]LogConfig: Setting CVar [[gc.TimeBetweenPurgingPendingKillObjects:61.1]]
[2024.03.11-15.37.49:212][  0]LogConfig: Setting CVar [[gc.MaxObjectsInEditor:25165824]]
[2024.03.11-15.37.49:212][  0]LogConfig: Setting CVar [[gc.IncrementalBeginDestroyEnabled:1]]
[2024.03.11-15.37.49:212][  0]LogConfig: Setting CVar [[gc.CreateGCClusters:1]]
[2024.03.11-15.37.49:212][  0]LogConfig: Setting CVar [[gc.MinGCClusterSize:5]]
[2024.03.11-15.37.49:212][  0]LogConfig: Setting CVar [[gc.ActorClusteringEnabled:0]]
[2024.03.11-15.37.49:212][  0]LogConfig: Setting CVar [[gc.BlueprintClusteringEnabled:0]]
[2024.03.11-15.37.49:212][  0]LogConfig: Setting CVar [[gc.UseDisregardForGCOnDedicatedServers:0]]
[2024.03.11-15.37.49:212][  0]LogConfig: Setting CVar [[gc.MultithreadedDestructionEnabled:1]]
[2024.03.11-15.37.49:212][  0]LogConfig: Applying CVar settings from Section [/Script/Engine.NetworkSettings] File [E:/Project/UEProject/Test/NewProject/city/Saved/Config/Windows/Engine.ini]
[2024.03.11-15.37.49:212][  0]LogConfig: Applying CVar settings from Section [/Script/UnrealEd.CookerSettings] File [E:/Project/UEProject/Test/NewProject/city/Saved/Config/Windows/Engine.ini]
[2024.03.11-15.37.49:222][  0]LogConfig: Applying CVar settings from Section [ViewDistanceQuality@3] File [E:/Project/UEProject/Test/NewProject/city/Saved/Config/Windows/Scalability.ini]
[2024.03.11-15.37.49:222][  0]LogConfig: Setting CVar [[r.SkeletalMeshLODBias:0]]
[2024.03.11-15.37.49:222][  0]LogConfig: Setting CVar [[r.ViewDistanceScale:1.0]]
[2024.03.11-15.37.49:222][  0]LogConfig: Applying CVar settings from Section [AntiAliasingQuality@3] File [E:/Project/UEProject/Test/NewProject/city/Saved/Config/Windows/Scalability.ini]
[2024.03.11-15.37.49:222][  0]LogConfig: Setting CVar [[r.PostProcessAAQuality:4]]
[2024.03.11-15.37.49:222][  0]LogConfig: Applying CVar settings from Section [ShadowQuality@3] File [E:/Project/UEProject/Test/NewProject/city/Saved/Config/Windows/Scalability.ini]
[2024.03.11-15.37.49:222][  0]LogConfig: Setting CVar [[r.LightFunctionQuality:1]]
[2024.03.11-15.37.49:222][  0]LogConfig: Setting CVar [[r.ShadowQuality:5]]
[2024.03.11-15.37.49:222][  0]LogConfig: Setting CVar [[r.Shadow.CSM.MaxCascades:10]]
[2024.03.11-15.37.49:222][  0]LogConfig: Setting CVar [[r.Shadow.MaxResolution:2048]]
[2024.03.11-15.37.49:222][  0]LogConfig: Setting CVar [[r.Shadow.MaxCSMResolution:2048]]
[2024.03.11-15.37.49:222][  0]LogConfig: Setting CVar [[r.Shadow.RadiusThreshold:0.01]]
[2024.03.11-15.37.49:222][  0]LogConfig: Setting CVar [[r.Shadow.DistanceScale:1.0]]
[2024.03.11-15.37.49:222][  0]LogConfig: Setting CVar [[r.Shadow.CSM.TransitionScale:1.0]]
[2024.03.11-15.37.49:222][  0]LogConfig: Setting CVar [[r.Shadow.PreShadowResolutionFactor:1.0]]
[2024.03.11-15.37.49:222][  0]LogConfig: Setting CVar [[r.DistanceFieldShadowing:1]]
[2024.03.11-15.37.49:222][  0]LogConfig: Setting CVar [[r.DistanceFieldAO:1]]
[2024.03.11-15.37.49:222][  0]LogConfig: Setting CVar [[r.AOQuality:2]]
[2024.03.11-15.37.49:222][  0]LogConfig: Setting CVar [[r.VolumetricFog:1]]
[2024.03.11-15.37.49:222][  0]LogConfig: Setting CVar [[r.VolumetricFog.GridPixelSize:8]]
[2024.03.11-15.37.49:222][  0]LogConfig: Setting CVar [[r.VolumetricFog.GridSizeZ:128]]
[2024.03.11-15.37.49:222][  0]LogConfig: Setting CVar [[r.VolumetricFog.HistoryMissSupersampleCount:4]]
[2024.03.11-15.37.49:222][  0]LogConfig: Setting CVar [[r.LightMaxDrawDistanceScale:1]]
[2024.03.11-15.37.49:222][  0]LogConfig: Setting CVar [[r.CapsuleShadows:1]]
[2024.03.11-15.37.49:222][  0]LogConfig: Applying CVar settings from Section [PostProcessQuality@3] File [E:/Project/UEProject/Test/NewProject/city/Saved/Config/Windows/Scalability.ini]
[2024.03.11-15.37.49:222][  0]LogConfig: Setting CVar [[r.MotionBlurQuality:4]]
[2024.03.11-15.37.49:222][  0]LogConfig: Setting CVar [[r.AmbientOcclusionMipLevelFactor:0.4]]
[2024.03.11-15.37.49:222][  0]LogConfig: Setting CVar [[r.AmbientOcclusionMaxQuality:100]]
[2024.03.11-15.37.49:222][  0]LogConfig: Setting CVar [[r.AmbientOcclusionLevels:-1]]
[2024.03.11-15.37.49:222][  0]LogConfig: Setting CVar [[r.AmbientOcclusionRadiusScale:1.0]]
[2024.03.11-15.37.49:222][  0]LogConfig: Setting CVar [[r.DepthOfFieldQuality:2]]
[2024.03.11-15.37.49:222][  0]LogConfig: Setting CVar [[r.RenderTargetPoolMin:400]]
[2024.03.11-15.37.49:222][  0]LogConfig: Setting CVar [[r.LensFlareQuality:2]]
[2024.03.11-15.37.49:222][  0]LogConfig: Setting CVar [[r.SceneColorFringeQuality:1]]
[2024.03.11-15.37.49:222][  0]LogConfig: Setting CVar [[r.EyeAdaptationQuality:2]]
[2024.03.11-15.37.49:222][  0]LogConfig: Setting CVar [[r.BloomQuality:5]]
[2024.03.11-15.37.49:222][  0]LogConfig: Setting CVar [[r.FastBlurThreshold:100]]
[2024.03.11-15.37.49:222][  0]LogConfig: Setting CVar [[r.Upscale.Quality:3]]
[2024.03.11-15.37.49:222][  0]LogConfig: Setting CVar [[r.Tonemapper.GrainQuantization:1]]
[2024.03.11-15.37.49:222][  0]LogConfig: Setting CVar [[r.LightShaftQuality:1]]
[2024.03.11-15.37.49:222][  0]LogConfig: Setting CVar [[r.Filter.SizeScale:1]]
[2024.03.11-15.37.49:222][  0]LogConfig: Setting CVar [[r.Tonemapper.Quality:5]]
[2024.03.11-15.37.49:222][  0]LogConfig: Setting CVar [[r.DOF.Gather.AccumulatorQuality:1        ; higher gathering accumulator quality]]
[2024.03.11-15.37.49:222][  0]LogConfig: Setting CVar [[r.DOF.Gather.PostfilterMethod:1          ; Median3x3 postfilering method]]
[2024.03.11-15.37.49:222][  0]LogConfig: Setting CVar [[r.DOF.Gather.EnableBokehSettings:0       ; no bokeh simulation when gathering]]
[2024.03.11-15.37.49:222][  0]LogConfig: Setting CVar [[r.DOF.Gather.RingCount:4                 ; medium number of samples when gathering]]
[2024.03.11-15.37.49:222][  0]LogConfig: Setting CVar [[r.DOF.Scatter.ForegroundCompositing:1    ; additive foreground scattering]]
[2024.03.11-15.37.49:222][  0]LogConfig: Setting CVar [[r.DOF.Scatter.BackgroundCompositing:2    ; additive background scattering]]
[2024.03.11-15.37.49:222][  0]LogConfig: Setting CVar [[r.DOF.Scatter.EnableBokehSettings:1      ; bokeh simulation when scattering]]
[2024.03.11-15.37.49:222][  0]LogConfig: Setting CVar [[r.DOF.Scatter.MaxSpriteRatio:0.1         ; only a maximum of 10% of scattered bokeh]]
[2024.03.11-15.37.49:222][  0]LogConfig: Setting CVar [[r.DOF.Recombine.Quality:1                ; cheap slight out of focus]]
[2024.03.11-15.37.49:222][  0]LogConfig: Setting CVar [[r.DOF.Recombine.EnableBokehSettings:0    ; no bokeh simulation on slight out of focus]]
[2024.03.11-15.37.49:222][  0]LogConfig: Setting CVar [[r.DOF.TemporalAAQuality:1                ; more stable temporal accumulation]]
[2024.03.11-15.37.49:222][  0]LogConfig: Setting CVar [[r.DOF.Kernel.MaxForegroundRadius:0.025]]
[2024.03.11-15.37.49:222][  0]LogConfig: Setting CVar [[r.DOF.Kernel.MaxBackgroundRadius:0.025]]
[2024.03.11-15.37.49:222][  0]LogConfig: Applying CVar settings from Section [TextureQuality@3] File [E:/Project/UEProject/Test/NewProject/city/Saved/Config/Windows/Scalability.ini]
[2024.03.11-15.37.49:222][  0]LogConfig: Setting CVar [[r.Streaming.MipBias:0]]
[2024.03.11-15.37.49:222][  0]LogConfig: Setting CVar [[r.Streaming.AmortizeCPUToGPUCopy:0]]
[2024.03.11-15.37.49:222][  0]LogConfig: Setting CVar [[r.Streaming.MaxNumTexturesToStreamPerFrame:0]]
[2024.03.11-15.37.49:222][  0]LogConfig: Setting CVar [[r.Streaming.Boost:1]]
[2024.03.11-15.37.49:222][  0]LogConfig: Setting CVar [[r.MaxAnisotropy:8]]
[2024.03.11-15.37.49:222][  0]LogConfig: Setting CVar [[r.VT.MaxAnisotropy:8]]
[2024.03.11-15.37.49:222][  0]LogConfig: Setting CVar [[r.Streaming.LimitPoolSizeToVRAM:0]]
[2024.03.11-15.37.49:222][  0]LogConfig: Setting CVar [[r.Streaming.PoolSize:1000]]
[2024.03.11-15.37.49:222][  0]LogConfig: Setting CVar [[r.Streaming.MaxEffectiveScreenSize:0]]
[2024.03.11-15.37.49:222][  0]LogConfig: Applying CVar settings from Section [EffectsQuality@3] File [E:/Project/UEProject/Test/NewProject/city/Saved/Config/Windows/Scalability.ini]
[2024.03.11-15.37.49:222][  0]LogConfig: Setting CVar [[r.TranslucencyLightingVolumeDim:64]]
[2024.03.11-15.37.49:222][  0]LogConfig: Setting CVar [[r.RefractionQuality:2]]
[2024.03.11-15.37.49:223][  0]LogConfig: Setting CVar [[r.SSR.Quality:3]]
[2024.03.11-15.37.49:223][  0]LogConfig: Setting CVar [[r.SSR.HalfResSceneColor:0]]
[2024.03.11-15.37.49:223][  0]LogConfig: Setting CVar [[r.SceneColorFormat:4]]
[2024.03.11-15.37.49:223][  0]LogConfig: Setting CVar [[r.DetailMode:2]]
[2024.03.11-15.37.49:223][  0]LogConfig: Setting CVar [[r.TranslucencyVolumeBlur:1]]
[2024.03.11-15.37.49:223][  0]LogConfig: Setting CVar [[r.MaterialQualityLevel:1 ; High quality]]
[2024.03.11-15.37.49:223][  0]LogConfig: Setting CVar [[r.AnisotropicMaterials:1]]
[2024.03.11-15.37.49:223][  0]LogConfig: Setting CVar [[r.SSS.Scale:1]]
[2024.03.11-15.37.49:223][  0]LogConfig: Setting CVar [[r.SSS.SampleSet:2]]
[2024.03.11-15.37.49:223][  0]LogConfig: Setting CVar [[r.SSS.Quality:1]]
[2024.03.11-15.37.49:223][  0]LogConfig: Setting CVar [[r.SSS.HalfRes:0]]
[2024.03.11-15.37.49:223][  0]LogConfig: Setting CVar [[r.SSGI.Quality:3]]
[2024.03.11-15.37.49:223][  0]LogConfig: Setting CVar [[r.EmitterSpawnRateScale:1.0]]
[2024.03.11-15.37.49:223][  0]LogConfig: Setting CVar [[r.ParticleLightQuality:2]]
[2024.03.11-15.37.49:223][  0]LogConfig: Setting CVar [[r.SkyAtmosphere.AerialPerspectiveLUT.FastApplyOnOpaque:1 ; Always have FastSkyLUT 1 in this case to avoid wrong sky]]
[2024.03.11-15.37.49:223][  0]LogConfig: Setting CVar [[r.SkyAtmosphere.AerialPerspectiveLUT.SampleCountMaxPerSlice:4]]
[2024.03.11-15.37.49:223][  0]LogConfig: Setting CVar [[r.SkyAtmosphere.AerialPerspectiveLUT.DepthResolution:16.0]]
[2024.03.11-15.37.49:223][  0]LogConfig: Setting CVar [[r.SkyAtmosphere.FastSkyLUT:1]]
[2024.03.11-15.37.49:223][  0]LogConfig: Setting CVar [[r.SkyAtmosphere.FastSkyLUT.SampleCountMin:4.0]]
[2024.03.11-15.37.49:223][  0]LogConfig: Setting CVar [[r.SkyAtmosphere.FastSkyLUT.SampleCountMax:128.0]]
[2024.03.11-15.37.49:223][  0]LogConfig: Setting CVar [[r.SkyAtmosphere.SampleCountMin:4.0]]
[2024.03.11-15.37.49:223][  0]LogConfig: Setting CVar [[r.SkyAtmosphere.SampleCountMax:128.0]]
[2024.03.11-15.37.49:223][  0]LogConfig: Setting CVar [[r.SkyAtmosphere.TransmittanceLUT.UseSmallFormat:0]]
[2024.03.11-15.37.49:223][  0]LogConfig: Setting CVar [[r.SkyAtmosphere.TransmittanceLUT.SampleCount:10.0]]
[2024.03.11-15.37.49:223][  0]LogConfig: Setting CVar [[r.SkyAtmosphere.MultiScatteringLUT.SampleCount:15.0]]
[2024.03.11-15.37.49:223][  0]LogConfig: Setting CVar [[r.SkyLight.RealTimeReflectionCapture:1]]
[2024.03.11-15.37.49:223][  0]LogConfig: Applying CVar settings from Section [FoliageQuality@3] File [E:/Project/UEProject/Test/NewProject/city/Saved/Config/Windows/Scalability.ini]
[2024.03.11-15.37.49:223][  0]LogConfig: Setting CVar [[foliage.DensityScale:1.0]]
[2024.03.11-15.37.49:223][  0]LogConfig: Setting CVar [[grass.DensityScale:1.0]]
[2024.03.11-15.37.49:223][  0]LogConfig: Applying CVar settings from Section [ShadingQuality@3] File [E:/Project/UEProject/Test/NewProject/city/Saved/Config/Windows/Scalability.ini]
[2024.03.11-15.37.49:223][  0]LogConfig: Setting CVar [[r.HairStrands.SkyLighting.IntegrationType:2]]
[2024.03.11-15.37.49:223][  0]LogConfig: Setting CVar [[r.HairStrands.SkyAO.SampleCount:4]]
[2024.03.11-15.37.49:223][  0]LogConfig: Setting CVar [[r.HairStrands.Visibility.MSAA.SamplePerPixel:4]]
[2024.03.11-15.37.49:223][  0]LogInit: Selected Device Profile: [Windows]
[2024.03.11-15.37.49:223][  0]LogInit: Applying CVar settings loaded from the selected device profile: [Windows]
[2024.03.11-15.37.49:224][  0]LogHAL: Display: Platform has ~ 16 GB [16891695104 / 17179869184 / 16], which maps to Larger [LargestMinGB=32, LargerMinGB=12, DefaultMinGB=8, SmallerMinGB=6, SmallestMinGB=0)
[2024.03.11-15.37.49:224][  0]LogInit: Going up to parent DeviceProfile []
[2024.03.11-15.37.49:224][  0]LogConfig: Applying CVar settings from Section [ViewDistanceQuality@3] File [E:/Project/UEProject/Test/NewProject/city/Saved/Config/Windows/Scalability.ini]
[2024.03.11-15.37.49:224][  0]LogConfig: Setting CVar [[r.SkeletalMeshLODBias:0]]
[2024.03.11-15.37.49:224][  0]LogConfig: Setting CVar [[r.ViewDistanceScale:1.0]]
[2024.03.11-15.37.49:224][  0]LogConfig: Applying CVar settings from Section [AntiAliasingQuality@3] File [E:/Project/UEProject/Test/NewProject/city/Saved/Config/Windows/Scalability.ini]
[2024.03.11-15.37.49:224][  0]LogConfig: Setting CVar [[r.PostProcessAAQuality:4]]
[2024.03.11-15.37.49:224][  0]LogConfig: Applying CVar settings from Section [ShadowQuality@3] File [E:/Project/UEProject/Test/NewProject/city/Saved/Config/Windows/Scalability.ini]
[2024.03.11-15.37.49:224][  0]LogConfig: Setting CVar [[r.LightFunctionQuality:1]]
[2024.03.11-15.37.49:224][  0]LogConfig: Setting CVar [[r.ShadowQuality:5]]
[2024.03.11-15.37.49:224][  0]LogConfig: Setting CVar [[r.Shadow.CSM.MaxCascades:10]]
[2024.03.11-15.37.49:224][  0]LogConfig: Setting CVar [[r.Shadow.MaxResolution:2048]]
[2024.03.11-15.37.49:224][  0]LogConfig: Setting CVar [[r.Shadow.MaxCSMResolution:2048]]
[2024.03.11-15.37.49:224][  0]LogConfig: Setting CVar [[r.Shadow.RadiusThreshold:0.01]]
[2024.03.11-15.37.49:224][  0]LogConfig: Setting CVar [[r.Shadow.DistanceScale:1.0]]
[2024.03.11-15.37.49:224][  0]LogConfig: Setting CVar [[r.Shadow.CSM.TransitionScale:1.0]]
[2024.03.11-15.37.49:224][  0]LogConfig: Setting CVar [[r.Shadow.PreShadowResolutionFactor:1.0]]
[2024.03.11-15.37.49:224][  0]LogConfig: Setting CVar [[r.DistanceFieldShadowing:1]]
[2024.03.11-15.37.49:224][  0]LogConfig: Setting CVar [[r.DistanceFieldAO:1]]
[2024.03.11-15.37.49:224][  0]LogConfig: Setting CVar [[r.AOQuality:2]]
[2024.03.11-15.37.49:224][  0]LogConfig: Setting CVar [[r.VolumetricFog:1]]
[2024.03.11-15.37.49:224][  0]LogConfig: Setting CVar [[r.VolumetricFog.GridPixelSize:8]]
[2024.03.11-15.37.49:224][  0]LogConfig: Setting CVar [[r.VolumetricFog.GridSizeZ:128]]
[2024.03.11-15.37.49:224][  0]LogConfig: Setting CVar [[r.VolumetricFog.HistoryMissSupersampleCount:4]]
[2024.03.11-15.37.49:224][  0]LogConfig: Setting CVar [[r.LightMaxDrawDistanceScale:1]]
[2024.03.11-15.37.49:224][  0]LogConfig: Setting CVar [[r.CapsuleShadows:1]]
[2024.03.11-15.37.49:224][  0]LogConfig: Applying CVar settings from Section [PostProcessQuality@3] File [E:/Project/UEProject/Test/NewProject/city/Saved/Config/Windows/Scalability.ini]
[2024.03.11-15.37.49:224][  0]LogConfig: Setting CVar [[r.MotionBlurQuality:4]]
[2024.03.11-15.37.49:224][  0]LogConfig: Setting CVar [[r.AmbientOcclusionMipLevelFactor:0.4]]
[2024.03.11-15.37.49:224][  0]LogConfig: Setting CVar [[r.AmbientOcclusionMaxQuality:100]]
[2024.03.11-15.37.49:224][  0]LogConfig: Setting CVar [[r.AmbientOcclusionLevels:-1]]
[2024.03.11-15.37.49:224][  0]LogConfig: Setting CVar [[r.AmbientOcclusionRadiusScale:1.0]]
[2024.03.11-15.37.49:224][  0]LogConfig: Setting CVar [[r.DepthOfFieldQuality:2]]
[2024.03.11-15.37.49:224][  0]LogConfig: Setting CVar [[r.RenderTargetPoolMin:400]]
[2024.03.11-15.37.49:224][  0]LogConfig: Setting CVar [[r.LensFlareQuality:2]]
[2024.03.11-15.37.49:224][  0]LogConfig: Setting CVar [[r.SceneColorFringeQuality:1]]
[2024.03.11-15.37.49:224][  0]LogConfig: Setting CVar [[r.EyeAdaptationQuality:2]]
[2024.03.11-15.37.49:224][  0]LogConfig: Setting CVar [[r.BloomQuality:5]]
[2024.03.11-15.37.49:224][  0]LogConfig: Setting CVar [[r.FastBlurThreshold:100]]
[2024.03.11-15.37.49:224][  0]LogConfig: Setting CVar [[r.Upscale.Quality:3]]
[2024.03.11-15.37.49:224][  0]LogConfig: Setting CVar [[r.Tonemapper.GrainQuantization:1]]
[2024.03.11-15.37.49:224][  0]LogConfig: Setting CVar [[r.LightShaftQuality:1]]
[2024.03.11-15.37.49:224][  0]LogConfig: Setting CVar [[r.Filter.SizeScale:1]]
[2024.03.11-15.37.49:224][  0]LogConfig: Setting CVar [[r.Tonemapper.Quality:5]]
[2024.03.11-15.37.49:224][  0]LogConfig: Setting CVar [[r.DOF.Gather.AccumulatorQuality:1        ; higher gathering accumulator quality]]
[2024.03.11-15.37.49:224][  0]LogConfig: Setting CVar [[r.DOF.Gather.PostfilterMethod:1          ; Median3x3 postfilering method]]
[2024.03.11-15.37.49:224][  0]LogConfig: Setting CVar [[r.DOF.Gather.EnableBokehSettings:0       ; no bokeh simulation when gathering]]
[2024.03.11-15.37.49:224][  0]LogConfig: Setting CVar [[r.DOF.Gather.RingCount:4                 ; medium number of samples when gathering]]
[2024.03.11-15.37.49:224][  0]LogConfig: Setting CVar [[r.DOF.Scatter.ForegroundCompositing:1    ; additive foreground scattering]]
[2024.03.11-15.37.49:224][  0]LogConfig: Setting CVar [[r.DOF.Scatter.BackgroundCompositing:2    ; additive background scattering]]
[2024.03.11-15.37.49:224][  0]LogConfig: Setting CVar [[r.DOF.Scatter.EnableBokehSettings:1      ; bokeh simulation when scattering]]
[2024.03.11-15.37.49:224][  0]LogConfig: Setting CVar [[r.DOF.Scatter.MaxSpriteRatio:0.1         ; only a maximum of 10% of scattered bokeh]]
[2024.03.11-15.37.49:224][  0]LogConfig: Setting CVar [[r.DOF.Recombine.Quality:1                ; cheap slight out of focus]]
[2024.03.11-15.37.49:224][  0]LogConfig: Setting CVar [[r.DOF.Recombine.EnableBokehSettings:0    ; no bokeh simulation on slight out of focus]]
[2024.03.11-15.37.49:224][  0]LogConfig: Setting CVar [[r.DOF.TemporalAAQuality:1                ; more stable temporal accumulation]]
[2024.03.11-15.37.49:224][  0]LogConfig: Setting CVar [[r.DOF.Kernel.MaxForegroundRadius:0.025]]
[2024.03.11-15.37.49:224][  0]LogConfig: Setting CVar [[r.DOF.Kernel.MaxBackgroundRadius:0.025]]
[2024.03.11-15.37.49:224][  0]LogConfig: Applying CVar settings from Section [TextureQuality@3] File [E:/Project/UEProject/Test/NewProject/city/Saved/Config/Windows/Scalability.ini]
[2024.03.11-15.37.49:224][  0]LogConfig: Setting CVar [[r.Streaming.MipBias:0]]
[2024.03.11-15.37.49:224][  0]LogConfig: Setting CVar [[r.Streaming.AmortizeCPUToGPUCopy:0]]
[2024.03.11-15.37.49:224][  0]LogConfig: Setting CVar [[r.Streaming.MaxNumTexturesToStreamPerFrame:0]]
[2024.03.11-15.37.49:224][  0]LogConfig: Setting CVar [[r.Streaming.Boost:1]]
[2024.03.11-15.37.49:224][  0]LogConfig: Setting CVar [[r.MaxAnisotropy:8]]
[2024.03.11-15.37.49:224][  0]LogConfig: Setting CVar [[r.VT.MaxAnisotropy:8]]
[2024.03.11-15.37.49:224][  0]LogConfig: Setting CVar [[r.Streaming.LimitPoolSizeToVRAM:0]]
[2024.03.11-15.37.49:224][  0]LogConfig: Setting CVar [[r.Streaming.PoolSize:1000]]
[2024.03.11-15.37.49:224][  0]LogConfig: Setting CVar [[r.Streaming.MaxEffectiveScreenSize:0]]
[2024.03.11-15.37.49:224][  0]LogConfig: Applying CVar settings from Section [EffectsQuality@3] File [E:/Project/UEProject/Test/NewProject/city/Saved/Config/Windows/Scalability.ini]
[2024.03.11-15.37.49:224][  0]LogConfig: Setting CVar [[r.TranslucencyLightingVolumeDim:64]]
[2024.03.11-15.37.49:224][  0]LogConfig: Setting CVar [[r.RefractionQuality:2]]
[2024.03.11-15.37.49:224][  0]LogConfig: Setting CVar [[r.SSR.Quality:3]]
[2024.03.11-15.37.49:224][  0]LogConfig: Setting CVar [[r.SSR.HalfResSceneColor:0]]
[2024.03.11-15.37.49:224][  0]LogConfig: Setting CVar [[r.SceneColorFormat:4]]
[2024.03.11-15.37.49:224][  0]LogConfig: Setting CVar [[r.DetailMode:2]]
[2024.03.11-15.37.49:224][  0]LogConfig: Setting CVar [[r.TranslucencyVolumeBlur:1]]
[2024.03.11-15.37.49:224][  0]LogConfig: Setting CVar [[r.MaterialQualityLevel:1 ; High quality]]
[2024.03.11-15.37.49:224][  0]LogConfig: Setting CVar [[r.AnisotropicMaterials:1]]
[2024.03.11-15.37.49:224][  0]LogConfig: Setting CVar [[r.SSS.Scale:1]]
[2024.03.11-15.37.49:224][  0]LogConfig: Setting CVar [[r.SSS.SampleSet:2]]
[2024.03.11-15.37.49:224][  0]LogConfig: Setting CVar [[r.SSS.Quality:1]]
[2024.03.11-15.37.49:224][  0]LogConfig: Setting CVar [[r.SSS.HalfRes:0]]
[2024.03.11-15.37.49:224][  0]LogConfig: Setting CVar [[r.SSGI.Quality:3]]
[2024.03.11-15.37.49:224][  0]LogConfig: Setting CVar [[r.EmitterSpawnRateScale:1.0]]
[2024.03.11-15.37.49:224][  0]LogConfig: Setting CVar [[r.ParticleLightQuality:2]]
[2024.03.11-15.37.49:224][  0]LogConfig: Setting CVar [[r.SkyAtmosphere.AerialPerspectiveLUT.FastApplyOnOpaque:1 ; Always have FastSkyLUT 1 in this case to avoid wrong sky]]
[2024.03.11-15.37.49:224][  0]LogConfig: Setting CVar [[r.SkyAtmosphere.AerialPerspectiveLUT.SampleCountMaxPerSlice:4]]
[2024.03.11-15.37.49:224][  0]LogConfig: Setting CVar [[r.SkyAtmosphere.AerialPerspectiveLUT.DepthResolution:16.0]]
[2024.03.11-15.37.49:224][  0]LogConfig: Setting CVar [[r.SkyAtmosphere.FastSkyLUT:1]]
[2024.03.11-15.37.49:224][  0]LogConfig: Setting CVar [[r.SkyAtmosphere.FastSkyLUT.SampleCountMin:4.0]]
[2024.03.11-15.37.49:224][  0]LogConfig: Setting CVar [[r.SkyAtmosphere.FastSkyLUT.SampleCountMax:128.0]]
[2024.03.11-15.37.49:224][  0]LogConfig: Setting CVar [[r.SkyAtmosphere.SampleCountMin:4.0]]
[2024.03.11-15.37.49:224][  0]LogConfig: Setting CVar [[r.SkyAtmosphere.SampleCountMax:128.0]]
[2024.03.11-15.37.49:224][  0]LogConfig: Setting CVar [[r.SkyAtmosphere.TransmittanceLUT.UseSmallFormat:0]]
[2024.03.11-15.37.49:224][  0]LogConfig: Setting CVar [[r.SkyAtmosphere.TransmittanceLUT.SampleCount:10.0]]
[2024.03.11-15.37.49:224][  0]LogConfig: Setting CVar [[r.SkyAtmosphere.MultiScatteringLUT.SampleCount:15.0]]
[2024.03.11-15.37.49:224][  0]LogConfig: Setting CVar [[r.SkyLight.RealTimeReflectionCapture:1]]
[2024.03.11-15.37.49:224][  0]LogConfig: Applying CVar settings from Section [FoliageQuality@3] File [E:/Project/UEProject/Test/NewProject/city/Saved/Config/Windows/Scalability.ini]
[2024.03.11-15.37.49:224][  0]LogConfig: Setting CVar [[foliage.DensityScale:1.0]]
[2024.03.11-15.37.49:224][  0]LogConfig: Setting CVar [[grass.DensityScale:1.0]]
[2024.03.11-15.37.49:224][  0]LogConfig: Applying CVar settings from Section [ShadingQuality@3] File [E:/Project/UEProject/Test/NewProject/city/Saved/Config/Windows/Scalability.ini]
[2024.03.11-15.37.49:224][  0]LogConfig: Setting CVar [[r.HairStrands.SkyLighting.IntegrationType:2]]
[2024.03.11-15.37.49:224][  0]LogConfig: Setting CVar [[r.HairStrands.SkyAO.SampleCount:4]]
[2024.03.11-15.37.49:224][  0]LogConfig: Setting CVar [[r.HairStrands.Visibility.MSAA.SamplePerPixel:4]]
[2024.03.11-15.37.49:224][  0]LogConfig: Applying CVar settings from Section [Startup] File [../../../Engine/Config/ConsoleVariables.ini]
[2024.03.11-15.37.49:225][  0]LogConfig: Setting CVar [[net.UseAdaptiveNetUpdateFrequency:0]]
[2024.03.11-15.37.49:225][  0]LogConfig: Setting CVar [[p.chaos.AllowCreatePhysxBodies:1]]
[2024.03.11-15.37.49:225][  0]LogConfig: Setting CVar [[fx.SkipVectorVMBackendOptimizations:1]]
[2024.03.11-15.37.49:225][  0]LogConfig: Applying CVar settings from Section [ConsoleVariables] File [E:/Project/UEProject/Test/NewProject/city/Saved/Config/Windows/Engine.ini]
[2024.03.11-15.37.49:225][  0]LogConfig: Applying CVar settings from Section [ConsoleVariables] File [E:/Project/UEProject/Test/NewProject/city/Saved/Config/Windows/Editor.ini]
[2024.03.11-15.37.49:225][  0]LogInit: Computer: WIN-0IC8OVMB61U
[2024.03.11-15.37.49:225][  0]LogInit: User: Administrator
[2024.03.11-15.37.49:225][  0]LogInit: CPU Page size=4096, Cores=8
[2024.03.11-15.37.49:225][  0]LogInit: High frequency timer resolution =10.000000 MHz
[2024.03.11-15.37.49:225][  0]LogMemory: Memory total: Physical=15.7GB (16GB approx)
[2024.03.11-15.37.49:225][  0]LogMemory: Platform Memory Stats for Windows
[2024.03.11-15.37.49:225][  0]LogMemory: Process Physical Memory: 147.00 MB used, 147.00 MB peak
[2024.03.11-15.37.49:225][  0]LogMemory: Process Virtual Memory: 129.04 MB used, 129.04 MB peak
[2024.03.11-15.37.49:225][  0]LogMemory: Physical Memory: 5874.75 MB used,  10234.43 MB free, 16109.18 MB total
[2024.03.11-15.37.49:225][  0]LogMemory: Virtual Memory: 134152616.00 MB used,  65108.34 MB free, 134217728.00 MB total
[2024.03.11-15.37.49:231][  0]LogWindows: WindowsPlatformFeatures enabled
[2024.03.11-15.37.49:302][  0]LogInit: Physics initialised using underlying interface: PhysX
[2024.03.11-15.37.49:304][  0]LogInit: Using OS detected language (zh-CN).
[2024.03.11-15.37.49:304][  0]LogInit: Using OS detected locale (zh-CN).
[2024.03.11-15.37.49:309][  0]LogTextLocalizationManager: No specific localization for 'zh-CN' exists, so the 'zh-Hans' localization will be used.
[2024.03.11-15.37.49:436][  0]LogTextLocalizationResource: LocRes '../../../Engine/Content/Localization/Editor/zh/Editor.locres' could not be opened for reading!
[2024.03.11-15.37.49:436][  0]LogTextLocalizationResource: LocRes '../../../Engine/Content/Localization/EditorTutorials/zh/EditorTutorials.locres' could not be opened for reading!
[2024.03.11-15.37.49:436][  0]LogTextLocalizationResource: LocRes '../../../Engine/Content/Localization/Keywords/zh/Keywords.locres' could not be opened for reading!
[2024.03.11-15.37.49:436][  0]LogTextLocalizationResource: LocRes '../../../Engine/Content/Localization/Category/zh/Category.locres' could not be opened for reading!
[2024.03.11-15.37.49:436][  0]LogTextLocalizationResource: LocRes '../../../Engine/Content/Localization/ToolTips/zh/ToolTips.locres' could not be opened for reading!
[2024.03.11-15.37.49:436][  0]LogTextLocalizationResource: LocRes '../../../Engine/Content/Localization/PropertyNames/zh/PropertyNames.locres' could not be opened for reading!
[2024.03.11-15.37.49:436][  0]LogTextLocalizationResource: LocRes '../../../Engine/Content/Localization/Engine/zh/Engine.locres' could not be opened for reading!
[2024.03.11-15.37.49:436][  0]LogTextLocalizationResource: LocRes '../../../Engine/Plugins/Online/OnlineSubsystem/Content/Localization/OnlineSubsystem/zh/OnlineSubsystem.locres' could not be opened for reading!
[2024.03.11-15.37.49:436][  0]LogTextLocalizationResource: LocRes '../../../Engine/Plugins/Online/OnlineSubsystemUtils/Content/Localization/OnlineSubsystemUtils/zh/OnlineSubsystemUtils.locres' could not be opened for reading!
[2024.03.11-15.37.49:436][  0]LogTextLocalizationResource: LocRes '../../../Engine/Plugins/Online/Android/OnlineSubsystemGooglePlay/Content/Localization/OnlineSubsystemGooglePlay/zh/OnlineSubsystemGooglePlay.locres' could not be opened for reading!
[2024.03.11-15.37.49:436][  0]LogTextLocalizationResource: LocRes '../../../Engine/Plugins/Online/IOS/OnlineSubsystemIOS/Content/Localization/OnlineSubsystemIOS/zh/OnlineSubsystemIOS.locres' could not be opened for reading!
[2024.03.11-15.37.49:472][  0]LogInit: Setting process to per monitor DPI aware
[2024.03.11-15.37.49:506][  0]LogWindowsTextInputMethodSystem: Display: IME system deactivated.
[2024.03.11-15.37.49:522][  0]LogSlate: New Slate User Created.  User Index 0, Is Virtual User: 0
[2024.03.11-15.37.49:522][  0]LogSlate: Slate User Registered.  User Index 0, Is Virtual User: 0
[2024.03.11-15.37.49:658][  0]LogD3D11RHI: Loaded GFSDK_Aftermath_Lib.x64.dll
[2024.03.11-15.37.49:690][  0]LogHMD: Failed to initialize OpenVR with code 110
[2024.03.11-15.37.49:690][  0]LogD3D11RHI: D3D11 min allowed feature level: 11_0
[2024.03.11-15.37.49:690][  0]LogD3D11RHI: D3D11 max allowed feature level: 11_0
[2024.03.11-15.37.49:690][  0]LogD3D11RHI: D3D11 adapters:
[2024.03.11-15.37.49:815][  0]LogD3D11RHI:    0. 'NVIDIA GeForce RTX 3060 Laptop GPU' (Feature Level 11_0)
[2024.03.11-15.37.49:815][  0]LogD3D11RHI:       6010/0/8054 MB DedicatedVideo/DedicatedSystem/SharedSystem, Outputs:1, VendorId:0x10de
[2024.03.11-15.37.49:855][  0]LogD3D11RHI:    1. 'Intel(R) UHD Graphics' (Feature Level 11_0)
[2024.03.11-15.37.49:855][  0]LogD3D11RHI:       128/0/8054 MB DedicatedVideo/DedicatedSystem/SharedSystem, Outputs:0, VendorId:0x8086
[2024.03.11-15.37.49:857][  0]LogD3D11RHI:    2. 'Microsoft Basic Render Driver' (Feature Level 11_0)
[2024.03.11-15.37.49:857][  0]LogD3D11RHI:       0/0/8054 MB DedicatedVideo/DedicatedSystem/SharedSystem, Outputs:0, VendorId:0x1414
[2024.03.11-15.37.49:879][  0]LogD3D11RHI:    3. 'Intel(R) UHD Graphics' (Feature Level 11_0)
[2024.03.11-15.37.49:879][  0]LogD3D11RHI:       128/0/8054 MB DedicatedVideo/DedicatedSystem/SharedSystem, Outputs:0, VendorId:0x8086
[2024.03.11-15.37.49:879][  0]LogD3D11RHI: Chosen D3D11 Adapter:
[2024.03.11-15.37.49:879][  0]LogD3D11RHI:     Description : NVIDIA GeForce RTX 3060 Laptop GPU
[2024.03.11-15.37.49:879][  0]LogD3D11RHI:     VendorId    : 10de
[2024.03.11-15.37.49:879][  0]LogD3D11RHI:     DeviceId    : 2520
[2024.03.11-15.37.49:879][  0]LogD3D11RHI:     SubSysId    : 1341152d
[2024.03.11-15.37.49:879][  0]LogD3D11RHI:     Revision    : 00a1
[2024.03.11-15.37.49:879][  0]LogD3D11RHI:     DedicatedVideoMemory : 6301941760 bytes
[2024.03.11-15.37.49:879][  0]LogD3D11RHI:     DedicatedSystemMemory : 0 bytes
[2024.03.11-15.37.49:879][  0]LogD3D11RHI:     SharedSystemMemory : 8445847552 bytes
[2024.03.11-15.37.49:879][  0]LogD3D11RHI:     AdapterLuid : 0 54592
[2024.03.11-15.37.49:883][  0]LogD3D11RHI: Creating new Direct3DDevice
[2024.03.11-15.37.49:884][  0]LogD3D11RHI:     GPU DeviceId: 0x2520 (for the marketing name, search the web for "GPU Device Id")
[2024.03.11-15.37.49:884][  0]LogWindows: EnumDisplayDevices:
[2024.03.11-15.37.49:884][  0]LogWindows:    0. 'Intel(R) UHD Graphics' (P:1 D:1)
[2024.03.11-15.37.49:884][  0]LogWindows:    1. 'Intel(R) UHD Graphics' (P:0 D:0)
[2024.03.11-15.37.49:884][  0]LogWindows:    2. 'Intel(R) UHD Graphics' (P:0 D:0)
[2024.03.11-15.37.49:884][  0]LogWindows:    3. 'Intel(R) UHD Graphics' (P:0 D:0)
[2024.03.11-15.37.49:884][  0]LogWindows:    4. 'NVIDIA GeForce RTX 3060 Laptop GPU' (P:0 D:0)
[2024.03.11-15.37.49:885][  0]LogWindows:    5. 'NVIDIA GeForce RTX 3060 Laptop GPU' (P:0 D:0)
[2024.03.11-15.37.49:885][  0]LogWindows:    6. 'NVIDIA GeForce RTX 3060 Laptop GPU' (P:0 D:0)
[2024.03.11-15.37.49:885][  0]LogWindows:    7. 'NVIDIA GeForce RTX 3060 Laptop GPU' (P:0 D:0)
[2024.03.11-15.37.49:885][  0]LogWindows:    8. 'OrayIddDriver Device' (P:0 D:0)
[2024.03.11-15.37.49:885][  0]LogWindows:    9. 'OrayIddDriver Device' (P:0 D:0)
[2024.03.11-15.37.49:885][  0]LogWindows:    10. 'OrayIddDriver Device' (P:0 D:0)
[2024.03.11-15.37.49:886][  0]LogWindows:    11. 'OrayIddDriver Device' (P:0 D:0)
[2024.03.11-15.37.49:886][  0]LogWindows:    12. 'OrayIddDriver Device' (P:0 D:0)
[2024.03.11-15.37.49:886][  0]LogWindows: DebugString: PrimaryIsNotTheChoosenAdapter PrimaryIsNotTheChoosenAdapter PrimaryIsNotTheChoosenAdapter PrimaryIsNotTheChoosenAdapter GetVideoDriverDetailsInvalid PrimaryIsNotTheChoosenAdapter GetVideoDriverDetailsInvalid PrimaryIsNotTheChoosenAdapter GetVideoDriverDetailsInvalid PrimaryIsNotTheChoosenAdapter GetVideoDriverDetailsInvalid PrimaryIsNotTheChoosenAdapter GetVideoDriverDetailsInvalid PrimaryIsNotTheChoosenAdapter FoundDriverCount:4 
[2024.03.11-15.37.49:886][  0]LogD3D11RHI:     Adapter Name: NVIDIA GeForce RTX 3060 Laptop GPU
[2024.03.11-15.37.49:886][  0]LogD3D11RHI:   Driver Version: 546.01 (internal:31.0.15.4601, unified:546.01)
[2024.03.11-15.37.49:886][  0]LogD3D11RHI:      Driver Date: 10-26-2023
[2024.03.11-15.37.49:886][  0]LogRHI: Texture pool is 4207 MB (70% of 6010 MB)
[2024.03.11-15.37.49:886][  0]LogD3D11RHI: Creating D3DDevice using adapter:
[2024.03.11-15.37.49:886][  0]LogD3D11RHI:     Description : NVIDIA GeForce RTX 3060 Laptop GPU
[2024.03.11-15.37.49:886][  0]LogD3D11RHI:     VendorId    : 10de
[2024.03.11-15.37.49:886][  0]LogD3D11RHI:     DeviceId    : 2520
[2024.03.11-15.37.49:886][  0]LogD3D11RHI:     SubSysId    : 1341152d
[2024.03.11-15.37.49:886][  0]LogD3D11RHI:     Revision    : 00a1
[2024.03.11-15.37.49:886][  0]LogD3D11RHI:     DedicatedVideoMemory : 6301941760 bytes
[2024.03.11-15.37.49:886][  0]LogD3D11RHI:     DedicatedSystemMemory : 0 bytes
[2024.03.11-15.37.49:886][  0]LogD3D11RHI:     SharedSystemMemory : 8445847552 bytes
[2024.03.11-15.37.49:886][  0]LogD3D11RHI:     AdapterLuid : 0 54592
[2024.03.11-15.37.49:961][  0]LogD3D11RHI: RHI has support for 64 bit atomics
[2024.03.11-15.37.49:961][  0]LogD3D11RHI: Async texture creation enabled
[2024.03.11-15.37.49:961][  0]LogD3D11RHI: Array index from any shader is supported
[2024.03.11-15.37.49:991][  0]LogD3D11RHI: GPU Timing Frequency: 1000.000000 (Debug: 2 2)
[2024.03.11-15.37.50:018][  0]LogRHI: GeForceNow SDK initialized: 1
[2024.03.11-15.37.50:267][  0]LogTargetPlatformManager: Display: Loaded TargetPlatform 'AllDesktop'
[2024.03.11-15.37.50:281][  0]LogTargetPlatformManager: Display: Loaded TargetPlatform 'Android'
[2024.03.11-15.37.50:281][  0]LogTargetPlatformManager: Display: Loaded TargetPlatform 'Android_ASTC'
[2024.03.11-15.37.50:281][  0]LogTargetPlatformManager: Display: Loaded TargetPlatform 'Android_DXT'
[2024.03.11-15.37.50:281][  0]LogTargetPlatformManager: Display: Loaded TargetPlatform 'Android_ETC2'
[2024.03.11-15.37.50:281][  0]LogTargetPlatformManager: Display: Loaded TargetPlatform 'AndroidClient'
[2024.03.11-15.37.50:281][  0]LogTargetPlatformManager: Display: Loaded TargetPlatform 'Android_ASTCClient'
[2024.03.11-15.37.50:281][  0]LogTargetPlatformManager: Display: Loaded TargetPlatform 'Android_DXTClient'
[2024.03.11-15.37.50:281][  0]LogTargetPlatformManager: Display: Loaded TargetPlatform 'Android_ETC2Client'
[2024.03.11-15.37.50:281][  0]LogTargetPlatformManager: Display: Loaded TargetPlatform 'Android_Multi'
[2024.03.11-15.37.50:281][  0]LogTargetPlatformManager: Display: Loaded TargetPlatform 'Android_MultiClient'
[2024.03.11-15.37.50:302][  0]LogTargetPlatformManager: Display: Loaded TargetPlatform 'IOSClient'
[2024.03.11-15.37.50:302][  0]LogTargetPlatformManager: Display: Loaded TargetPlatform 'IOS'
[2024.03.11-15.37.50:309][  0]LogTargetPlatformManager: Display: Loaded TargetPlatform 'Linux'
[2024.03.11-15.37.50:313][  0]LogTargetPlatformManager: Display: Loaded TargetPlatform 'LinuxNoEditor'
[2024.03.11-15.37.50:317][  0]LogTargetPlatformManager: Display: Loaded TargetPlatform 'LinuxClient'
[2024.03.11-15.37.50:322][  0]LogTargetPlatformManager: Display: Loaded TargetPlatform 'LinuxServer'
[2024.03.11-15.37.50:330][  0]LogTargetPlatformManager: Display: Loaded TargetPlatform 'LinuxAArch64NoEditor'
[2024.03.11-15.37.50:334][  0]LogTargetPlatformManager: Display: Loaded TargetPlatform 'LinuxAArch64Client'
[2024.03.11-15.37.50:338][  0]LogTargetPlatformManager: Display: Loaded TargetPlatform 'LinuxAArch64Server'
[2024.03.11-15.37.50:353][  0]LogTargetPlatformManager: Display: Loaded TargetPlatform 'Lumin'
[2024.03.11-15.37.50:353][  0]LogTargetPlatformManager: Display: Loaded TargetPlatform 'LuminClient'
[2024.03.11-15.37.50:360][  0]LogTargetPlatformManager: Display: Loaded TargetPlatform 'MacNoEditor'
[2024.03.11-15.37.50:365][  0]LogTargetPlatformManager: Display: Loaded TargetPlatform 'Mac'
[2024.03.11-15.37.50:368][  0]LogTargetPlatformManager: Display: Loaded TargetPlatform 'MacClient'
[2024.03.11-15.37.50:372][  0]LogTargetPlatformManager: Display: Loaded TargetPlatform 'MacServer'
[2024.03.11-15.37.50:378][  0]LogTargetPlatformManager: Display: Loaded TargetPlatform 'TVOSClient'
[2024.03.11-15.37.50:378][  0]LogTargetPlatformManager: Display: Loaded TargetPlatform 'TVOS'
[2024.03.11-15.37.50:385][  0]LogTargetPlatformManager: Display: Loaded TargetPlatform 'WindowsNoEditor'
[2024.03.11-15.37.50:389][  0]LogTargetPlatformManager: Display: Loaded TargetPlatform 'Windows'
[2024.03.11-15.37.50:394][  0]LogTargetPlatformManager: Display: Loaded TargetPlatform 'WindowsClient'
[2024.03.11-15.37.50:399][  0]LogTargetPlatformManager: Display: Loaded TargetPlatform 'WindowsServer'
[2024.03.11-15.37.50:399][  0]LogTargetPlatformManager: Display: Building Assets For Windows
[2024.03.11-15.37.50:407][  0]LogAudioDebug: Display: Lib vorbis DLL was dynamically loaded.
[2024.03.11-15.37.50:443][  0]LogTextureFormatOodle: Display: Oodle Texture 2.9.0 init RDO Off
[2024.03.11-15.37.50:495][  0]LogRendererCore: Ray tracing is disabled. Reason: r.RayTracing=0.
[2024.03.11-15.37.50:496][  0]LogShaderCompilers: Guid format shader working directory is -3 characters bigger than the processId version (../../../../../../Project/UEProject/Test/NewProject/city/Intermediate/Shaders/WorkingDirectory/14356/).
[2024.03.11-15.37.50:496][  0]LogShaderCompilers: Cleaned the shader compiler working directory 'C:/Users/Administrator/AppData/Local/Temp/UnrealShaderWorkingDir/D4B4C3614A222D985F68E2B53265A465/'.
[2024.03.11-15.37.50:496][  0]LogXGEController: Cannot use XGE Controller as Incredibuild is not installed on this machine.
[2024.03.11-15.37.50:496][  0]LogShaderCompilers: Cannot use XGE Shader Compiler as Incredibuild is not installed on this machine.
[2024.03.11-15.37.50:496][  0]LogShaderCompilers: Display: Using Local Shader Compiler.
[2024.03.11-15.37.51:106][  0]LogDerivedDataCache: Display: Max Cache Size: 512 MB
[2024.03.11-15.37.51:162][  0]LogDerivedDataCache: Loaded boot cache 0.06s 111MB C:/Users/Administrator/AppData/Local/UnrealEngine/4.27/DerivedDataCache/Boot.ddc.
[2024.03.11-15.37.51:162][  0]LogDerivedDataCache: Display: Loaded Boot cache: C:/Users/Administrator/AppData/Local/UnrealEngine/4.27/DerivedDataCache/Boot.ddc
[2024.03.11-15.37.51:163][  0]LogDerivedDataCache: FDerivedDataBackendGraph:  Pak pak cache file ../../../../../../Project/UEProject/Test/NewProject/city/DerivedDataCache/DDC.ddp not found, will not use a pak cache.
[2024.03.11-15.37.51:163][  0]LogDerivedDataCache: Unable to find inner node Pak for hierarchical cache Hierarchy.
[2024.03.11-15.37.51:163][  0]LogDerivedDataCache: FDerivedDataBackendGraph:  CompressedPak pak cache file ../../../../../../Project/UEProject/Test/NewProject/city/DerivedDataCache/Compressed.ddp not found, will not use a pak cache.
[2024.03.11-15.37.51:163][  0]LogDerivedDataCache: Unable to find inner node CompressedPak for hierarchical cache Hierarchy.
[2024.03.11-15.37.51:176][  0]LogDerivedDataCache: Display: Pak cache opened for reading ../../../Engine/DerivedDataCache/Compressed.ddp.
[2024.03.11-15.37.51:176][  0]LogDerivedDataCache: FDerivedDataBackendGraph:  EnterprisePak pak cache file ../../../Enterprise/DerivedDataCache/Compressed.ddp not found, will not use a pak cache.
[2024.03.11-15.37.51:176][  0]LogDerivedDataCache: Unable to find inner node EnterprisePak for hierarchical cache Hierarchy.
[2024.03.11-15.37.51:182][  0]LogDerivedDataCache: Speed tests for C:/Users/Administrator/AppData/Local/UnrealEngine/Common/DerivedDataCache took 0.01 seconds
[2024.03.11-15.37.51:182][  0]LogDerivedDataCache: Display: Performance to C:/Users/Administrator/AppData/Local/UnrealEngine/Common/DerivedDataCache: Latency=0.08ms. RandomReadSpeed=488.23MBs, RandomWriteSpeed=260.11MBs. Assigned SpeedClass 'Local'
[2024.03.11-15.37.51:183][  0]LogDerivedDataCache: Using Local data cache path C:/Users/Administrator/AppData/Local/UnrealEngine/Common/DerivedDataCache: Writable
[2024.03.11-15.37.51:183][  0]LogDerivedDataCache: Shared data cache path not found in *engine.ini, will not use an Shared cache.
[2024.03.11-15.37.51:183][  0]LogDerivedDataCache: Unable to find inner node Shared for hierarchical cache Hierarchy.
[2024.03.11-15.37.51:218][  0]LogSlate: Using FreeType 2.10.0
[2024.03.11-15.37.51:219][  0]LogSlate: SlateFontServices - WITH_FREETYPE: 1, WITH_HARFBUZZ: 1
[2024.03.11-15.37.51:243][  0]LogAssetRegistry: FAssetRegistry took 0.0027 seconds to start up
[2024.03.11-15.37.51:431][  0]LogInit: Selected Device Profile: [Windows]
[2024.03.11-15.37.51:431][  0]LogInit: Active device profile: [0000017119677A00][00000171188C7880 49] Windows
[2024.03.11-15.37.51:431][  0]LogInit: Profiles: [0000017119677A00][00000171188C7880 49] Windows, [0000017119638800][00000171188CFA00 49] WindowsNoEditor, [0000017119674800][00000171188D3B80 49] WindowsServer, [000001711963AF00][00000171188D6180 49] WindowsClient, [0000017119676F00][00000171188DA300 49] IOS, [0000017119639300][00000171188DE480 49] iPadAir, [0000017119675200][00000171188E2600 49] iPadAir2, [00000171195DFB00][00000171188E6840 49] IPadPro, [00000171195DFC00][00000171188CA880 49] iPadAir3, [0000017119677000][00000171188EA9C0 49] iPadAir4, [00000171195DCD00][00000171188EEB00 49] iPadMini2, [0000017119677100][00000171188F6C80 49] iPadMini3, [00000171195DEA00][00000171188FAE00 49] iPadMini4, [0000017119675300][00000171188FEF80 49] iPadMini5, [000001711961F400][0000017118907240 49] iPhone6, [000001711961F500][0000017118903280 49] iPodTouch6, [00000171195DE100][000001711890F540 49] iPhone7, [00000171195DE200][000001711890B580 49] iPodTouch7, [000001711961CC00][0000017118913700 49] iPhone5S, [00000171195DEB00][0000017118917880 49] iPhone6Plus, [000001711961EB00][000001711891BA00 49] iPhone6S, [00000171195DD900][0000017106087B80 49] iPhone6SPlus, [000001711961FF00][000001710608A180 49] iPhone7Plus, [00000171195DDF00][000001710608E300 49] iPhoneSE, [000001711961CD00][0000017106092480 49] iPhone8, [00000171195DDB00][0000017106096600 49] iPhone8Plus, [000001711961E900][000001710609A780 49] iPhoneX, [00000171195DE300][000001710609E900 49] iPhoneXS, [000001711961C500][00000171188F2A40 49] iPhoneXSMax, [00000171195DE600][00000171060A2B80 49] iPhoneXR, [000001711961EF00][00000171060A6CC0 49] iPhone11, [00000171195DCA00][00000171060AEE40 49] iPhone11Pro, [000001711961E400][00000171060B2FC0 49] iPhone11ProMax, [00000171195DC100][00000171060B7140 49] iPhoneSE2, [000001711961CB00][00000171060BB2C0 49] iPhone12Mini, [00000171195DD700][00000171060BF440 49] iPhone12, [000001711961C800][00000171060C35C0 49] iPhone12Pro, [00000171195DD100][00000171060C7740 49] iPhone12ProMax, [000001711961C900][00000171060CB8C0 49] iPadPro105, [00000171195DF600][00000171060CFA40 49] iPadPro129, [000001711961D100][00000171060D3BC0 49] iPadPro97, [00000171195DED00][00000171060D61C0 49] iPadPro2_129, [000001711961E300][00000171060DA340 49] iPad5, [00000171195DE500][00000171060DE4C0 49] iPad6, [000001711961DA00][00000171060E2640 49] iPad7, [00000171195DF400][00000171199307C0 49] iPad8, [000001711961F700][0000017119934940 49] iPadPro11, [00000171195DE400][0000017119938AC0 49] iPadPro2_11, [000001711961C200][00000171060AAC00 49] iPadPro3_129, [00000171195DE900][000001711993CD40 49] iPadPro4_129, [000001711961F300][0000017119940E80 49] AppleTV, [00000171195DF500][0000017119944FC0 49] AppleTV4K, [000001711961E000][000001711994D140 49] TVOS, [00000171195DD800][00000171199512C0 49] Mac, [000001711961DF00][0000017119955440 49] MacClient, [00000171195DE000][00000171199595C0 49] MacNoEditor, [000001711961EE00][000001711995D740 49] MacServer, [00000171195DCB00][00000171199618C0 49] Linux, [000001711961EC00][0000017119965A40 49] LinuxAArch64, [00000171195DE700][0000017119969BC0 49] LinuxNoEditor, [000001711963A700][000001711996C1C0 49] LinuxAArch64NoEditor, [00000171196C5400][0000017119970340 49] LinuxClient, [000001711963A500][00000171199744C0 49] LinuxAArch64Client, [00000171196C6F00][0000017119978640 49] LinuxServer, [0000017119639A00][000001711997C7C0 49] LinuxAArch64Server, [00000171196C4900][0000017119980940 49] Android, [0000017119638A00][0000017119984AC0 49] Android_Low, [00000171196C5F00][0000017119988C40 49] Android_Mid, [000001711963AA00][0000017119948D80 49] Android_High, [00000171196C6300][000001711998CEC0 49] Android_Default, [000001711963B100][0000017119991000 49] Android_Adreno4xx, [00000171196C6200][0000017119995140 49] Android_Adreno5xx_Low, [000001711963BC00][000001711999D2C0 49] Android_Adreno5xx, [00000171196C5A00][00000171199A1440 49] Android_Adreno6xx, [0000017119638200][00000171199A55C0 49] Android_Adreno6xx_Vulkan, [00000171196C5600][00000171199A9740 49] Android_Mali_T6xx, [000001711963A400][00000171199AD8C0 49] Android_Mali_T7xx, [00000171196C5000][00000171199B1A40 49] Android_Mali_T8xx, [0000017119638100][00000171199B5BC0 49] Android_Mali_G71, [00000171196C5100][00000171199B81C0 49] Android_Mali_G72, [0000017119639800][00000171199BC340 49] Android_Mali_G72_Vulkan, [00000171196C4500][00000171199C04C0 49] Android_Mali_G76, [0000017119638300][00000171199C4640 49] Android_Mali_G76_Vulkan, [00000171196C6900][00000171199C87C0 49] Android_Mali_G77, [00000171195DEF00][00000171199CC940 49] Android_Mali_G77_Vulkan, [00000171196C6C00][00000171199D0AC0 49] Android_Mali_G78, [00000171195DC700][00000171199D4C40 49] Android_Mali_G78_Vulkan, [00000171196C4600][00000171199D8DC0 49] Android_Mali_G710, [00000171195DF100][00000171199DCF40 49] Android_Mali_G710_Vulkan, [00000171196C6700][0000017119999080 49] Android_Vulkan_SM5, [00000171195DC400][00000171199E11C0 49] Android_PowerVR_G6xxx, [00000171196C5D00][00000171199E5300 49] Android_PowerVR_GT7xxx, [00000171195DD200][00000171199ED480 49] Android_PowerVR_GE8xxx, [00000171196C4B00][00000171199F1600 49] Android_PowerVR_GM9xxx, [00000171195DF200][00000171199F5780 49] Android_PowerVR_GM9xxx_Vulkan, [00000171196C5900][00000171199F9900 49] Android_TegraK1, [00000171195DF300][00000171199FDA80 49] Android_Unknown_Vulkan, [00000171196C6500][0000017119A01C00 49] Lumin, [00000171195DD000][0000017119A04200 49] Lumin_Desktop, [00000171196C4A00][0000017119A08380 49] HoloLens, 
[2024.03.11-15.37.51:556][  0]LogMeshReduction: Using QuadricMeshReduction for automatic static mesh reduction
[2024.03.11-15.37.51:556][  0]LogMeshReduction: Using SimplygonMeshReduction for automatic skeletal mesh reduction
[2024.03.11-15.37.51:556][  0]LogMeshReduction: Using ProxyLODMeshReduction for automatic mesh merging
[2024.03.11-15.37.51:556][  0]LogMeshReduction: No distributed automatic mesh merging module available
[2024.03.11-15.37.51:557][  0]LogMeshMerging: No distributed automatic mesh merging module available
[2024.03.11-15.37.51:576][  0]LogNetVersion: city 1.0.0, NetCL: 17155196, EngineNetVer: 17, GameNetVer: 0 (Checksum: 806950221)
[2024.03.11-15.37.51:922][  0]LogTexture: Default maximum texture size for cubemaps generated from long-lat sources has been changed from 512 to unlimited. In order to preserve old behaiour for '/Engine/MapTemplates/Sky/DaylightAmbientCubemap.DaylightAmbientCubemap', its maximum texture size has been explicitly set to 512.
[2024.03.11-15.37.51:971][  0]LogHMD: PokeAHoleMaterial loaded successfully
[2024.03.11-15.37.51:976][  0]LogUObjectArray: 17178 objects as part of root set at end of initial load.
[2024.03.11-15.37.51:976][  0]LogUObjectAllocator: 4302048 out of 0 bytes used by permanent object pool.
[2024.03.11-15.37.51:976][  0]LogUObjectArray: CloseDisregardForGC: 0/0 objects in disregard for GC pool
[2024.03.11-15.37.52:189][  0]LogNiagaraDebuggerClient: Niagara Debugger Client Initialized | Session: 219DB78B40A3A2B0148AA8B36941E9BF | Instance: 0EAC4E8F47C9246BAC3137ACF942B51E (WIN-0IC8OVMB61U-14356).
[2024.03.11-15.37.52:356][  0]LogVaRest: FVaRestModule::StartupModule(28): VaRest (1.1.33) module started
[2024.03.11-15.37.52:366][  0]LogTcpMessaging: Initializing TcpMessaging bridge
[2024.03.11-15.37.52:372][  0]LogUdpMessaging: Initializing bridge on interface 0.0.0.0:0 to multicast group 230.0.0.1:6666.
[2024.03.11-15.37.52:387][  0]LogPython: Using Python 3.7.7
[2024.03.11-15.37.52:990][  0]SourceControl: 源码管理已禁用
[2024.03.11-15.37.52:990][  0]SourceControl: 源码管理已禁用
[2024.03.11-15.37.53:010][  0]SourceControl: 源码管理已禁用
[2024.03.11-15.37.53:014][  0]SourceControl: 源码管理已禁用
[2024.03.11-15.37.53:022][  0]SourceControl: 源码管理已禁用
[2024.03.11-15.37.53:028][  0]LogUProjectInfo: Found projects:
[2024.03.11-15.37.53:882][  0]LogTexture: Default maximum texture size for cubemaps generated from long-lat sources has been changed from 512 to unlimited. In order to preserve old behaiour for '/Engine/EditorMaterials/AssetViewer/EpicQuadPanorama_CC+EV1.EpicQuadPanorama_CC+EV1', its maximum texture size has been explicitly set to 512.
[2024.03.11-15.37.53:934][  0]LogOpenImageDenoise: OIDN starting up
[2024.03.11-15.37.54:002][  0]LogAndroidPermission: UAndroidPermissionCallbackProxy::GetInstance
[2024.03.11-15.37.54:028][  0]LogAudioCaptureCore: Display: No Audio Capture implementations found. Audio input will be silent.
[2024.03.11-15.37.54:028][  0]LogAudioCaptureCore: Display: No Audio Capture implementations found. Audio input will be silent.
[2024.03.11-15.37.54:145][  0]LogCollectionManager: Loaded 0 collections in 0.000593 seconds
[2024.03.11-15.37.54:169][  0]LogFileCache: Scanning file cache for directory 'E:/Project/UEProject/Test/NewProject/city/Saved/Collections/' took 0.00s
[2024.03.11-15.37.54:169][  0]LogFileCache: Scanning file cache for directory 'E:/Project/UEProject/Test/NewProject/city/Content/Developers/Administrator/Collections/' took 0.00s
[2024.03.11-15.37.54:169][  0]LogFileCache: Scanning file cache for directory 'E:/Project/UEProject/Test/NewProject/city/Content/Collections/' took 0.00s
[2024.03.11-15.37.54:169][  0]LogOcInput: OculusInput pre-init called
[2024.03.11-15.37.54:332][  0]LogDatasmithRuntime: Adding /DatasmithRuntime/Materials to the list of directories to always package otherwise we cannot create dynamic material instances at runtime
[2024.03.11-15.37.54:404][  0]LogClass: Display: EnumProperty FVaRest_NamedType::Type is not initialized properly. Module:VaRestEditor File:Public/VaRest_BreakJson.h
[2024.03.11-15.37.54:404][  0]LogClass: Display: BoolProperty FVaRest_NamedType::bIsArray is not initialized properly. Module:VaRestEditor File:Public/VaRest_BreakJson.h
[2024.03.11-15.37.54:405][  0]LogClass: Display: 2 Uninitialized script struct members found including 0 object properties
[2024.03.11-15.37.54:407][  0]LogEngine: Initializing Engine...
[2024.03.11-15.37.54:408][  0]LogVaRest: UVaRestSubsystem::Initialize(24): VaRest subsystem initialized
[2024.03.11-15.37.54:413][  0]LogHMD: Failed to enumerate extensions. Please check that you have a valid OpenXR runtime installed.
[2024.03.11-15.37.54:413][  0]LogHMD: Failed to initialize OpenVR with code 110
[2024.03.11-15.37.54:413][  0]LogMagicLeap: Warning: VR disabled because ZI is not enabled.  To enable, in the editor, Edit -> Project Settings -> Plugins -> Magic Leap Plugin -> Enable Zero Iteration
[2024.03.11-15.37.54:415][  0]LogStats: UGameplayTagsManager::InitializeManager -  0.000 s
[2024.03.11-15.37.54:522][  0]LogInit: Initializing FReadOnlyCVARCache
[2024.03.11-15.37.54:538][  0]LogAIModule: Creating AISystem for world Untitled
[2024.03.11-15.37.54:539][  0]LogAudio: Display: Initializing Audio Device Manager...
[2024.03.11-15.37.54:543][  0]LogAudio: Display: Loading Default Audio Settings Objects...
[2024.03.11-15.37.54:543][  0]LogAudio: Display: No default SoundConcurrencyObject specified (or failed to load).
[2024.03.11-15.37.54:544][  0]LogAudio: Display: Audio Device Manager Initialized
[2024.03.11-15.37.54:544][  0]LogAudio: Display: Creating Audio Device:                 Id: 1, Scope: Shared, Realtime: True
[2024.03.11-15.37.54:544][  0]LogAudioMixer: Display: Audio Mixer Platform Settings:
[2024.03.11-15.37.54:544][  0]LogAudioMixer: Display: 	Sample Rate:						  48000
[2024.03.11-15.37.54:544][  0]LogAudioMixer: Display: 	Callback Buffer Frame Size Requested: 1024
[2024.03.11-15.37.54:544][  0]LogAudioMixer: Display: 	Callback Buffer Frame Size To Use:	  1024
[2024.03.11-15.37.54:544][  0]LogAudioMixer: Display: 	Number of buffers to queue:			  2
[2024.03.11-15.37.54:544][  0]LogAudioMixer: Display: 	Max Channels (voices):				  32
[2024.03.11-15.37.54:544][  0]LogAudioMixer: Display: 	Number of Async Source Workers:		  0
[2024.03.11-15.37.54:544][  0]LogAudio: Display: AudioDevice MaxSources: 32
[2024.03.11-15.37.54:544][  0]LogAudio: Display: Audio Spatialization Plugin: None (built-in).
[2024.03.11-15.37.54:544][  0]LogAudio: Display: Audio Reverb Plugin: None (built-in).
[2024.03.11-15.37.54:544][  0]LogAudio: Display: Audio Occlusion Plugin: None (built-in).
[2024.03.11-15.37.54:545][  0]LogAudioMixer: Display: Initializing audio mixer.
[2024.03.11-15.37.54:556][  0]LogAudioMixer: Display: 0: FrontLeft
[2024.03.11-15.37.54:556][  0]LogAudioMixer: Display: 1: FrontRight
[2024.03.11-15.37.54:731][  0]LogAudioMixer: Display: Using Audio Device 扬声器 (Realtek(R) Audio)
[2024.03.11-15.37.54:733][  0]LogAudioMixer: Display: Initializing Sound Submixes...
[2024.03.11-15.37.54:735][  0]LogAudioMixer: Display: Creating Master Submix 'MasterSubmixDefault'
[2024.03.11-15.37.54:736][  0]LogAudioMixer: Display: Creating Master Submix 'MasterReverbSubmixDefault'
[2024.03.11-15.37.54:736][  0]LogAudioMixer: Display: Creating Master Submix 'MasterEQSubmixDefault'
[2024.03.11-15.37.54:737][  0]LogAudioMixer: FMixerPlatformXAudio2::StartAudioStream() called
[2024.03.11-15.37.54:737][  0]LogAudioMixer: Display: Output buffers initialized: Frames=1024, Channels=2, Samples=2048
[2024.03.11-15.37.54:738][  0]LogAudioMixer: Display: Starting AudioMixerPlatformInterface::RunInternal()
[2024.03.11-15.37.54:738][  0]LogAudioMixer: Display: FMixerPlatformXAudio2::SubmitBuffer() called for the first time
[2024.03.11-15.37.54:738][  0]LogInit: FAudioDevice initialized.
[2024.03.11-15.37.54:738][  0]LogAudio: Display: Audio Device (ID: 1) registered with world 'Untitled'.
[2024.03.11-15.37.54:738][  0]LogNetVersion: Set ProjectVersion to 1.0.0.0. Version Checksum will be recalculated on next use.
[2024.03.11-15.37.54:778][  0]LogDerivedDataCache: Saved boot cache 0.04s 111MB C:/Users/Administrator/AppData/Local/UnrealEngine/4.27/DerivedDataCache/Boot.ddc.
[2024.03.11-15.37.54:778][  0]LogInit: Texture streaming: Enabled
[2024.03.11-15.37.54:792][  0]LogAnalytics: Display: [UEEditor.Rocket.Release] APIServer = https://datarouter.ol.epicgames.com/. AppVersion = 4.27.2-18319896+++UE4+Release-4.27
[2024.03.11-15.37.54:798][  0]LogEngineSessionManager: EngineSessionManager initialized
[2024.03.11-15.37.54:798][  0]LogEngineSessionManager: EngineSessionManager sent abnormal shutdown report. Type=AbnormalShutdown, SessionId={CA433BAB-4B8E-408B-FAB1-62A227CD127C}
[2024.03.11-15.37.54:798][  0]LogEditorSessionSummary: Verbose: Initializing EditorSessionSummaryWriter for editor session tracking
[2024.03.11-15.37.54:804][  0]LogEditorSessionSummary: EditorSessionSummaryWriter initialized
[2024.03.11-15.37.54:828][  0]LogInit: Transaction tracking system initialized
[2024.03.11-15.37.54:856][  0]BlueprintLog: New page: 编辑器加载
[2024.03.11-15.37.54:940][  0]LocalizationService: 本地化服务已禁用
[2024.03.11-15.37.54:978][  0]TimingProfiler: Initialize
[2024.03.11-15.37.54:978][  0]TimingProfiler: OnSessionChanged
[2024.03.11-15.37.54:978][  0]LoadingProfiler: Initialize
[2024.03.11-15.37.54:979][  0]LoadingProfiler: OnSessionChanged
[2024.03.11-15.37.54:979][  0]NetworkingProfiler: Initialize
[2024.03.11-15.37.54:979][  0]NetworkingProfiler: OnSessionChanged
[2024.03.11-15.37.54:979][  0]MemoryProfiler: Initialize
[2024.03.11-15.37.54:979][  0]MemoryProfiler: OnSessionChanged
[2024.03.11-15.37.55:124][  0]LogCook: Display: CookSettings for Memory: MemoryMaxUsedVirtual 0MiB, MemoryMaxUsedPhysical 16384MiB, MemoryMinFreeVirtual 0MiB, MemoryMinFreePhysical 1024MiB
[2024.03.11-15.37.55:124][  0]LogCook: Display: Mobile HDR setting 1
[2024.03.11-15.37.55:363][  0]LogFileCache: Scanning file cache for directory 'E:/Project/UEProject/Test/NewProject/city/Content/' took 0.00s
[2024.03.11-15.37.55:515][  0]LogInit: Display: Engine is initialized. Leaving FEngineLoop::Init()
[2024.03.11-15.37.55:520][  0]SourceControl: 源码管理已禁用
[2024.03.11-15.37.55:520][  0]LogUnrealEdMisc: Loading editor; pre map load, took 7.507
[2024.03.11-15.37.55:521][  0]Cmd: MAP LOAD FILE="../../../../../../Project/UEProject/Test/NewProject/city/Content/ThirdPersonBP/Maps/ThirdPersonExampleMap.umap" TEMPLATE=0 SHOWPROGRESS=1 FEATURELEVEL=3
[2024.03.11-15.37.55:521][  0]LightingResults: New page: 光照构建
[2024.03.11-15.37.55:524][  0]LogWorld: UWorld::CleanupWorld for Untitled, bSessionEnded=true, bCleanupResources=true
[2024.03.11-15.37.55:524][  0]LogSlate: InvalidateAllWidgets triggered.  All widgets were invalidated
[2024.03.11-15.37.55:525][  0]MapCheck: New page: 地图检测
[2024.03.11-15.37.55:525][  0]LightingResults: New page: 光照构建
[2024.03.11-15.37.55:530][  0]LogAudio: Display: Audio Device unregistered from world 'None'.
[2024.03.11-15.37.55:534][  0]LogUObjectHash: Compacting FUObjectHashTables data took   0.61ms
[2024.03.11-15.37.55:738][  0]LogAudio: Display: Audio Device (ID: 1) registered with world 'ThirdPersonExampleMap'.
[2024.03.11-15.37.55:739][  0]LogAIModule: Creating AISystem for world ThirdPersonExampleMap
[2024.03.11-15.37.55:752][  0]LogEditorServer: Finished looking for orphan Actors (0.000 secs)
[2024.03.11-15.37.55:760][  0]LogUObjectHash: Compacting FUObjectHashTables data took   1.08ms
[2024.03.11-15.37.55:761][  0]Cmd: MAP CHECKDEP NOCLEARLOG
[2024.03.11-15.37.55:762][  0]MapCheck: 地图检测完成：0个错误、0个警告、完成用时0.194毫秒。
[2024.03.11-15.37.55:762][  0]LogFileHelpers: Loading map 'ThirdPersonExampleMap' took 0.241
[2024.03.11-15.37.55:771][  0]LogUnrealEdMisc: Total Editor Startup Time, took 7.758
[2024.03.11-15.37.55:860][  0]LogSlate: The tab "Cesium" attempted to spawn in layout 'LevelEditor_Layout_v1.2' but failed for some reason. It will not be displayed.
[2024.03.11-15.37.55:878][  0]LogSlate: Updating window title bar state: overlay mode, drag disabled, window buttons hidden, title bar hidden
[2024.03.11-15.37.55:883][  0]LogSlate: Updating window title bar state: overlay mode, drag disabled, window buttons hidden, title bar hidden
[2024.03.11-15.37.55:887][  0]LogSlate: Updating window title bar state: overlay mode, drag disabled, window buttons hidden, title bar hidden
[2024.03.11-15.37.55:892][  0]LogSlate: Updating window title bar state: overlay mode, drag disabled, window buttons hidden, title bar hidden
[2024.03.11-15.37.55:911][  0]LogNativeClassHierarchy: Verbose: Native class hierarchy populated in 0.0080 seconds. Added 4052 classes and 1002 folders.
[2024.03.11-15.37.55:916][  0]LogNativeClassHierarchy: Verbose: Native class hierarchy updated for 'WidgetCarousel' in 0.0003 seconds. Added 0 classes and 0 folders.
[2024.03.11-15.37.55:917][  0]LogPakFile: PakFile PrimaryIndexSize=187
[2024.03.11-15.37.55:917][  0]LogPakFile: PakFile PathHashIndexSize=101
[2024.03.11-15.37.55:917][  0]LogPakFile: PakFile FullDirectoryIndexSize=148
[2024.03.11-15.37.55:918][  0]LogShaderLibrary: Display: ShaderCodeLibraryPakFileMountedCallback: PakFile 'E:/Software/UE/UE_4.27/FeaturePacks/FP_FirstPerson.upack' (chunk index -1, root 'root:/') mounted
[2024.03.11-15.37.55:918][  0]LogShaderLibrary: Display: ShaderCodeLibraryPakFileMountedCallback: pending pak file info (ChunkID:-1 Root:root:/ File:E:/Software/UE/UE_4.27/FeaturePacks/FP_FirstPerson.upack)
[2024.03.11-15.37.55:918][  0]LogPakFile: OnPakFileMounted2Time == 0.000046
[2024.03.11-15.37.55:919][  0]LogPakFile: PakFile PrimaryIndexSize=189
[2024.03.11-15.37.55:919][  0]LogPakFile: PakFile PathHashIndexSize=101
[2024.03.11-15.37.55:919][  0]LogPakFile: PakFile FullDirectoryIndexSize=152
[2024.03.11-15.37.55:919][  0]LogShaderLibrary: Display: ShaderCodeLibraryPakFileMountedCallback: PakFile 'E:/Software/UE/UE_4.27/FeaturePacks/FP_FirstPersonBP.upack' (chunk index -1, root 'root:/') mounted
[2024.03.11-15.37.55:919][  0]LogShaderLibrary: Display: ShaderCodeLibraryPakFileMountedCallback: pending pak file info (ChunkID:-1 Root:root:/ File:E:/Software/UE/UE_4.27/FeaturePacks/FP_FirstPersonBP.upack)
[2024.03.11-15.37.55:919][  0]LogPakFile: OnPakFileMounted2Time == 0.000030
[2024.03.11-15.37.55:919][  0]LogPakFile: PakFile PrimaryIndexSize=191
[2024.03.11-15.37.55:919][  0]LogPakFile: PakFile PathHashIndexSize=101
[2024.03.11-15.37.55:919][  0]LogPakFile: PakFile FullDirectoryIndexSize=160
[2024.03.11-15.37.55:919][  0]LogShaderLibrary: Display: ShaderCodeLibraryPakFileMountedCallback: PakFile 'E:/Software/UE/UE_4.27/FeaturePacks/MobileStarterContent.upack' (chunk index -1, root 'root:/') mounted
[2024.03.11-15.37.55:919][  0]LogShaderLibrary: Display: ShaderCodeLibraryPakFileMountedCallback: pending pak file info (ChunkID:-1 Root:root:/ File:E:/Software/UE/UE_4.27/FeaturePacks/MobileStarterContent.upack)
[2024.03.11-15.37.55:919][  0]LogPakFile: OnPakFileMounted2Time == 0.000025
[2024.03.11-15.37.55:920][  0]LogPakFile: PakFile PrimaryIndexSize=185
[2024.03.11-15.37.55:920][  0]LogPakFile: PakFile PathHashIndexSize=101
[2024.03.11-15.37.55:920][  0]LogPakFile: PakFile FullDirectoryIndexSize=148
[2024.03.11-15.37.55:920][  0]LogShaderLibrary: Display: ShaderCodeLibraryPakFileMountedCallback: PakFile 'E:/Software/UE/UE_4.27/FeaturePacks/StarterContent.upack' (chunk index -1, root 'root:/') mounted
[2024.03.11-15.37.55:920][  0]LogShaderLibrary: Display: ShaderCodeLibraryPakFileMountedCallback: pending pak file info (ChunkID:-1 Root:root:/ File:E:/Software/UE/UE_4.27/FeaturePacks/StarterContent.upack)
[2024.03.11-15.37.55:920][  0]LogPakFile: OnPakFileMounted2Time == 0.000025
[2024.03.11-15.37.55:921][  0]LogPakFile: PakFile PrimaryIndexSize=190
[2024.03.11-15.37.55:921][  0]LogPakFile: PakFile PathHashIndexSize=101
[2024.03.11-15.37.55:921][  0]LogPakFile: PakFile FullDirectoryIndexSize=154
[2024.03.11-15.37.55:921][  0]LogShaderLibrary: Display: ShaderCodeLibraryPakFileMountedCallback: PakFile 'E:/Software/UE/UE_4.27/FeaturePacks/TP_2DSideScroller.upack' (chunk index -1, root 'root:/') mounted
[2024.03.11-15.37.55:921][  0]LogShaderLibrary: Display: ShaderCodeLibraryPakFileMountedCallback: pending pak file info (ChunkID:-1 Root:root:/ File:E:/Software/UE/UE_4.27/FeaturePacks/TP_2DSideScroller.upack)
[2024.03.11-15.37.55:921][  0]LogPakFile: OnPakFileMounted2Time == 0.000026
[2024.03.11-15.37.55:921][  0]LogPakFile: PakFile PrimaryIndexSize=192
[2024.03.11-15.37.55:922][  0]LogPakFile: PakFile PathHashIndexSize=101
[2024.03.11-15.37.55:922][  0]LogPakFile: PakFile FullDirectoryIndexSize=158
[2024.03.11-15.37.55:922][  0]LogShaderLibrary: Display: ShaderCodeLibraryPakFileMountedCallback: PakFile 'E:/Software/UE/UE_4.27/FeaturePacks/TP_2DSideScrollerBP.upack' (chunk index -1, root 'root:/') mounted
[2024.03.11-15.37.55:922][  0]LogShaderLibrary: Display: ShaderCodeLibraryPakFileMountedCallback: pending pak file info (ChunkID:-1 Root:root:/ File:E:/Software/UE/UE_4.27/FeaturePacks/TP_2DSideScrollerBP.upack)
[2024.03.11-15.37.55:922][  0]LogPakFile: OnPakFileMounted2Time == 0.000025
[2024.03.11-15.37.55:922][  0]LogPakFile: PakFile PrimaryIndexSize=182
[2024.03.11-15.37.55:922][  0]LogPakFile: PakFile PathHashIndexSize=101
[2024.03.11-15.37.55:922][  0]LogPakFile: PakFile FullDirectoryIndexSize=138
[2024.03.11-15.37.55:922][  0]LogShaderLibrary: Display: ShaderCodeLibraryPakFileMountedCallback: PakFile 'E:/Software/UE/UE_4.27/FeaturePacks/TP_Flying.upack' (chunk index -1, root 'root:/') mounted
[2024.03.11-15.37.55:922][  0]LogShaderLibrary: Display: ShaderCodeLibraryPakFileMountedCallback: pending pak file info (ChunkID:-1 Root:root:/ File:E:/Software/UE/UE_4.27/FeaturePacks/TP_Flying.upack)
[2024.03.11-15.37.55:922][  0]LogPakFile: OnPakFileMounted2Time == 0.000023
[2024.03.11-15.37.55:923][  0]LogPakFile: PakFile PrimaryIndexSize=184
[2024.03.11-15.37.55:923][  0]LogPakFile: PakFile PathHashIndexSize=101
[2024.03.11-15.37.55:923][  0]LogPakFile: PakFile FullDirectoryIndexSize=142
[2024.03.11-15.37.55:923][  0]LogShaderLibrary: Display: ShaderCodeLibraryPakFileMountedCallback: PakFile 'E:/Software/UE/UE_4.27/FeaturePacks/TP_FlyingBP.upack' (chunk index -1, root 'root:/') mounted
[2024.03.11-15.37.55:923][  0]LogShaderLibrary: Display: ShaderCodeLibraryPakFileMountedCallback: pending pak file info (ChunkID:-1 Root:root:/ File:E:/Software/UE/UE_4.27/FeaturePacks/TP_FlyingBP.upack)
[2024.03.11-15.37.55:923][  0]LogPakFile: OnPakFileMounted2Time == 0.000026
[2024.03.11-15.37.55:924][  0]LogPakFile: PakFile PrimaryIndexSize=188
[2024.03.11-15.37.55:924][  0]LogPakFile: PakFile PathHashIndexSize=101
[2024.03.11-15.37.55:924][  0]LogPakFile: PakFile FullDirectoryIndexSize=150
[2024.03.11-15.37.55:924][  0]LogShaderLibrary: Display: ShaderCodeLibraryPakFileMountedCallback: PakFile 'E:/Software/UE/UE_4.27/FeaturePacks/TP_HandheldARBP.upack' (chunk index -1, root 'root:/') mounted
[2024.03.11-15.37.55:924][  0]LogShaderLibrary: Display: ShaderCodeLibraryPakFileMountedCallback: pending pak file info (ChunkID:-1 Root:root:/ File:E:/Software/UE/UE_4.27/FeaturePacks/TP_HandheldARBP.upack)
[2024.03.11-15.37.55:924][  0]LogPakFile: OnPakFileMounted2Time == 0.000024
[2024.03.11-15.37.55:925][  0]LogPakFile: PakFile PrimaryIndexSize=182
[2024.03.11-15.37.55:925][  0]LogPakFile: PakFile PathHashIndexSize=101
[2024.03.11-15.37.55:925][  0]LogPakFile: PakFile FullDirectoryIndexSize=138
[2024.03.11-15.37.55:925][  0]LogShaderLibrary: Display: ShaderCodeLibraryPakFileMountedCallback: PakFile 'E:/Software/UE/UE_4.27/FeaturePacks/TP_Puzzle.upack' (chunk index -1, root 'root:/') mounted
[2024.03.11-15.37.55:925][  0]LogShaderLibrary: Display: ShaderCodeLibraryPakFileMountedCallback: pending pak file info (ChunkID:-1 Root:root:/ File:E:/Software/UE/UE_4.27/FeaturePacks/TP_Puzzle.upack)
[2024.03.11-15.37.55:925][  0]LogPakFile: OnPakFileMounted2Time == 0.000023
[2024.03.11-15.37.55:925][  0]LogPakFile: PakFile PrimaryIndexSize=184
[2024.03.11-15.37.55:926][  0]LogPakFile: PakFile PathHashIndexSize=101
[2024.03.11-15.37.55:926][  0]LogPakFile: PakFile FullDirectoryIndexSize=142
[2024.03.11-15.37.55:926][  0]LogShaderLibrary: Display: ShaderCodeLibraryPakFileMountedCallback: PakFile 'E:/Software/UE/UE_4.27/FeaturePacks/TP_PuzzleBP.upack' (chunk index -1, root 'root:/') mounted
[2024.03.11-15.37.55:926][  0]LogShaderLibrary: Display: ShaderCodeLibraryPakFileMountedCallback: pending pak file info (ChunkID:-1 Root:root:/ File:E:/Software/UE/UE_4.27/FeaturePacks/TP_PuzzleBP.upack)
[2024.03.11-15.37.55:926][  0]LogPakFile: OnPakFileMounted2Time == 0.000025
[2024.03.11-15.37.55:926][  0]LogPakFile: PakFile PrimaryIndexSize=183
[2024.03.11-15.37.55:926][  0]LogPakFile: PakFile PathHashIndexSize=101
[2024.03.11-15.37.55:926][  0]LogPakFile: PakFile FullDirectoryIndexSize=140
[2024.03.11-15.37.55:926][  0]LogShaderLibrary: Display: ShaderCodeLibraryPakFileMountedCallback: PakFile 'E:/Software/UE/UE_4.27/FeaturePacks/TP_Rolling.upack' (chunk index -1, root 'root:/') mounted
[2024.03.11-15.37.55:926][  0]LogShaderLibrary: Display: ShaderCodeLibraryPakFileMountedCallback: pending pak file info (ChunkID:-1 Root:root:/ File:E:/Software/UE/UE_4.27/FeaturePacks/TP_Rolling.upack)
[2024.03.11-15.37.55:926][  0]LogPakFile: OnPakFileMounted2Time == 0.000022
[2024.03.11-15.37.55:927][  0]LogPakFile: PakFile PrimaryIndexSize=185
[2024.03.11-15.37.55:927][  0]LogPakFile: PakFile PathHashIndexSize=101
[2024.03.11-15.37.55:927][  0]LogPakFile: PakFile FullDirectoryIndexSize=144
[2024.03.11-15.37.55:927][  0]LogShaderLibrary: Display: ShaderCodeLibraryPakFileMountedCallback: PakFile 'E:/Software/UE/UE_4.27/FeaturePacks/TP_RollingBP.upack' (chunk index -1, root 'root:/') mounted
[2024.03.11-15.37.55:927][  0]LogShaderLibrary: Display: ShaderCodeLibraryPakFileMountedCallback: pending pak file info (ChunkID:-1 Root:root:/ File:E:/Software/UE/UE_4.27/FeaturePacks/TP_RollingBP.upack)
[2024.03.11-15.37.55:927][  0]LogPakFile: OnPakFileMounted2Time == 0.000022
[2024.03.11-15.37.55:927][  0]LogPakFile: PakFile PrimaryIndexSize=188
[2024.03.11-15.37.55:927][  0]LogPakFile: PakFile PathHashIndexSize=101
[2024.03.11-15.37.55:927][  0]LogPakFile: PakFile FullDirectoryIndexSize=150
[2024.03.11-15.37.55:927][  0]LogShaderLibrary: Display: ShaderCodeLibraryPakFileMountedCallback: PakFile 'E:/Software/UE/UE_4.27/FeaturePacks/TP_SideScroller.upack' (chunk index -1, root 'root:/') mounted
[2024.03.11-15.37.55:927][  0]LogShaderLibrary: Display: ShaderCodeLibraryPakFileMountedCallback: pending pak file info (ChunkID:-1 Root:root:/ File:E:/Software/UE/UE_4.27/FeaturePacks/TP_SideScroller.upack)
[2024.03.11-15.37.55:927][  0]LogPakFile: OnPakFileMounted2Time == 0.000022
[2024.03.11-15.37.55:928][  0]LogPakFile: PakFile PrimaryIndexSize=190
[2024.03.11-15.37.55:928][  0]LogPakFile: PakFile PathHashIndexSize=101
[2024.03.11-15.37.55:928][  0]LogPakFile: PakFile FullDirectoryIndexSize=154
[2024.03.11-15.37.55:928][  0]LogShaderLibrary: Display: ShaderCodeLibraryPakFileMountedCallback: PakFile 'E:/Software/UE/UE_4.27/FeaturePacks/TP_SideScrollerBP.upack' (chunk index -1, root 'root:/') mounted
[2024.03.11-15.37.55:928][  0]LogShaderLibrary: Display: ShaderCodeLibraryPakFileMountedCallback: pending pak file info (ChunkID:-1 Root:root:/ File:E:/Software/UE/UE_4.27/FeaturePacks/TP_SideScrollerBP.upack)
[2024.03.11-15.37.55:928][  0]LogPakFile: OnPakFileMounted2Time == 0.000023
[2024.03.11-15.37.55:928][  0]LogPakFile: PakFile PrimaryIndexSize=187
[2024.03.11-15.37.55:928][  0]LogPakFile: PakFile PathHashIndexSize=101
[2024.03.11-15.37.55:928][  0]LogPakFile: PakFile FullDirectoryIndexSize=148
[2024.03.11-15.37.55:928][  0]LogShaderLibrary: Display: ShaderCodeLibraryPakFileMountedCallback: PakFile 'E:/Software/UE/UE_4.27/FeaturePacks/TP_ThirdPerson.upack' (chunk index -1, root 'root:/') mounted
[2024.03.11-15.37.55:928][  0]LogShaderLibrary: Display: ShaderCodeLibraryPakFileMountedCallback: pending pak file info (ChunkID:-1 Root:root:/ File:E:/Software/UE/UE_4.27/FeaturePacks/TP_ThirdPerson.upack)
[2024.03.11-15.37.55:928][  0]LogPakFile: OnPakFileMounted2Time == 0.000022
[2024.03.11-15.37.55:929][  0]LogPakFile: PakFile PrimaryIndexSize=189
[2024.03.11-15.37.55:929][  0]LogPakFile: PakFile PathHashIndexSize=101
[2024.03.11-15.37.55:929][  0]LogPakFile: PakFile FullDirectoryIndexSize=152
[2024.03.11-15.37.55:929][  0]LogShaderLibrary: Display: ShaderCodeLibraryPakFileMountedCallback: PakFile 'E:/Software/UE/UE_4.27/FeaturePacks/TP_ThirdPersonBP.upack' (chunk index -1, root 'root:/') mounted
[2024.03.11-15.37.55:929][  0]LogShaderLibrary: Display: ShaderCodeLibraryPakFileMountedCallback: pending pak file info (ChunkID:-1 Root:root:/ File:E:/Software/UE/UE_4.27/FeaturePacks/TP_ThirdPersonBP.upack)
[2024.03.11-15.37.55:929][  0]LogPakFile: OnPakFileMounted2Time == 0.000022
[2024.03.11-15.37.55:930][  0]LogPakFile: PakFile PrimaryIndexSize=183
[2024.03.11-15.37.55:930][  0]LogPakFile: PakFile PathHashIndexSize=101
[2024.03.11-15.37.55:930][  0]LogPakFile: PakFile FullDirectoryIndexSize=140
[2024.03.11-15.37.55:930][  0]LogShaderLibrary: Display: ShaderCodeLibraryPakFileMountedCallback: PakFile 'E:/Software/UE/UE_4.27/FeaturePacks/TP_TopDown.upack' (chunk index -1, root 'root:/') mounted
[2024.03.11-15.37.55:930][  0]LogShaderLibrary: Display: ShaderCodeLibraryPakFileMountedCallback: pending pak file info (ChunkID:-1 Root:root:/ File:E:/Software/UE/UE_4.27/FeaturePacks/TP_TopDown.upack)
[2024.03.11-15.37.55:930][  0]LogPakFile: OnPakFileMounted2Time == 0.000027
[2024.03.11-15.37.55:930][  0]LogPakFile: PakFile PrimaryIndexSize=185
[2024.03.11-15.37.55:930][  0]LogPakFile: PakFile PathHashIndexSize=101
[2024.03.11-15.37.55:930][  0]LogPakFile: PakFile FullDirectoryIndexSize=144
[2024.03.11-15.37.55:930][  0]LogShaderLibrary: Display: ShaderCodeLibraryPakFileMountedCallback: PakFile 'E:/Software/UE/UE_4.27/FeaturePacks/TP_TopDownBP.upack' (chunk index -1, root 'root:/') mounted
[2024.03.11-15.37.55:930][  0]LogShaderLibrary: Display: ShaderCodeLibraryPakFileMountedCallback: pending pak file info (ChunkID:-1 Root:root:/ File:E:/Software/UE/UE_4.27/FeaturePacks/TP_TopDownBP.upack)
[2024.03.11-15.37.55:930][  0]LogPakFile: OnPakFileMounted2Time == 0.000061
[2024.03.11-15.37.55:931][  0]LogPakFile: PakFile PrimaryIndexSize=185
[2024.03.11-15.37.55:931][  0]LogPakFile: PakFile PathHashIndexSize=101
[2024.03.11-15.37.55:931][  0]LogPakFile: PakFile FullDirectoryIndexSize=144
[2024.03.11-15.37.55:931][  0]LogShaderLibrary: Display: ShaderCodeLibraryPakFileMountedCallback: PakFile 'E:/Software/UE/UE_4.27/FeaturePacks/TP_TwinStick.upack' (chunk index -1, root 'root:/') mounted
[2024.03.11-15.37.55:931][  0]LogShaderLibrary: Display: ShaderCodeLibraryPakFileMountedCallback: pending pak file info (ChunkID:-1 Root:root:/ File:E:/Software/UE/UE_4.27/FeaturePacks/TP_TwinStick.upack)
[2024.03.11-15.37.55:931][  0]LogPakFile: OnPakFileMounted2Time == 0.000025
[2024.03.11-15.37.55:932][  0]LogPakFile: PakFile PrimaryIndexSize=187
[2024.03.11-15.37.55:932][  0]LogPakFile: PakFile PathHashIndexSize=101
[2024.03.11-15.37.55:932][  0]LogPakFile: PakFile FullDirectoryIndexSize=148
[2024.03.11-15.37.55:932][  0]LogShaderLibrary: Display: ShaderCodeLibraryPakFileMountedCallback: PakFile 'E:/Software/UE/UE_4.27/FeaturePacks/TP_TwinStickBP.upack' (chunk index -1, root 'root:/') mounted
[2024.03.11-15.37.55:932][  0]LogShaderLibrary: Display: ShaderCodeLibraryPakFileMountedCallback: pending pak file info (ChunkID:-1 Root:root:/ File:E:/Software/UE/UE_4.27/FeaturePacks/TP_TwinStickBP.upack)
[2024.03.11-15.37.55:932][  0]LogPakFile: OnPakFileMounted2Time == 0.000037
[2024.03.11-15.37.55:933][  0]LogPakFile: PakFile PrimaryIndexSize=183
[2024.03.11-15.37.55:933][  0]LogPakFile: PakFile PathHashIndexSize=101
[2024.03.11-15.37.55:933][  0]LogPakFile: PakFile FullDirectoryIndexSize=140
[2024.03.11-15.37.55:933][  0]LogShaderLibrary: Display: ShaderCodeLibraryPakFileMountedCallback: PakFile 'E:/Software/UE/UE_4.27/FeaturePacks/TP_Vehicle.upack' (chunk index -1, root 'root:/') mounted
[2024.03.11-15.37.55:933][  0]LogShaderLibrary: Display: ShaderCodeLibraryPakFileMountedCallback: pending pak file info (ChunkID:-1 Root:root:/ File:E:/Software/UE/UE_4.27/FeaturePacks/TP_Vehicle.upack)
[2024.03.11-15.37.55:933][  0]LogPakFile: OnPakFileMounted2Time == 0.000026
[2024.03.11-15.37.55:934][  0]LogPakFile: PakFile PrimaryIndexSize=186
[2024.03.11-15.37.55:934][  0]LogPakFile: PakFile PathHashIndexSize=101
[2024.03.11-15.37.55:934][  0]LogPakFile: PakFile FullDirectoryIndexSize=146
[2024.03.11-15.37.55:934][  0]LogShaderLibrary: Display: ShaderCodeLibraryPakFileMountedCallback: PakFile 'E:/Software/UE/UE_4.27/FeaturePacks/TP_VehicleAdv.upack' (chunk index -1, root 'root:/') mounted
[2024.03.11-15.37.55:934][  0]LogShaderLibrary: Display: ShaderCodeLibraryPakFileMountedCallback: pending pak file info (ChunkID:-1 Root:root:/ File:E:/Software/UE/UE_4.27/FeaturePacks/TP_VehicleAdv.upack)
[2024.03.11-15.37.55:934][  0]LogPakFile: OnPakFileMounted2Time == 0.000043
[2024.03.11-15.37.55:935][  0]LogPakFile: PakFile PrimaryIndexSize=188
[2024.03.11-15.37.55:935][  0]LogPakFile: PakFile PathHashIndexSize=101
[2024.03.11-15.37.55:935][  0]LogPakFile: PakFile FullDirectoryIndexSize=150
[2024.03.11-15.37.55:935][  0]LogShaderLibrary: Display: ShaderCodeLibraryPakFileMountedCallback: PakFile 'E:/Software/UE/UE_4.27/FeaturePacks/TP_VehicleAdvBP.upack' (chunk index -1, root 'root:/') mounted
[2024.03.11-15.37.55:935][  0]LogShaderLibrary: Display: ShaderCodeLibraryPakFileMountedCallback: pending pak file info (ChunkID:-1 Root:root:/ File:E:/Software/UE/UE_4.27/FeaturePacks/TP_VehicleAdvBP.upack)
[2024.03.11-15.37.55:935][  0]LogPakFile: OnPakFileMounted2Time == 0.000029
[2024.03.11-15.37.55:935][  0]LogPakFile: PakFile PrimaryIndexSize=185
[2024.03.11-15.37.55:935][  0]LogPakFile: PakFile PathHashIndexSize=101
[2024.03.11-15.37.55:935][  0]LogPakFile: PakFile FullDirectoryIndexSize=144
[2024.03.11-15.37.55:935][  0]LogShaderLibrary: Display: ShaderCodeLibraryPakFileMountedCallback: PakFile 'E:/Software/UE/UE_4.27/FeaturePacks/TP_VehicleBP.upack' (chunk index -1, root 'root:/') mounted
[2024.03.11-15.37.55:935][  0]LogShaderLibrary: Display: ShaderCodeLibraryPakFileMountedCallback: pending pak file info (ChunkID:-1 Root:root:/ File:E:/Software/UE/UE_4.27/FeaturePacks/TP_VehicleBP.upack)
[2024.03.11-15.37.55:935][  0]LogPakFile: OnPakFileMounted2Time == 0.000024
[2024.03.11-15.37.55:936][  0]LogPakFile: PakFile PrimaryIndexSize=192
[2024.03.11-15.37.55:936][  0]LogPakFile: PakFile PathHashIndexSize=101
[2024.03.11-15.37.55:936][  0]LogPakFile: PakFile FullDirectoryIndexSize=158
[2024.03.11-15.37.55:936][  0]LogShaderLibrary: Display: ShaderCodeLibraryPakFileMountedCallback: PakFile 'E:/Software/UE/UE_4.27/FeaturePacks/TP_VirtualRealityBP.upack' (chunk index -1, root 'root:/') mounted
[2024.03.11-15.37.55:936][  0]LogShaderLibrary: Display: ShaderCodeLibraryPakFileMountedCallback: pending pak file info (ChunkID:-1 Root:root:/ File:E:/Software/UE/UE_4.27/FeaturePacks/TP_VirtualRealityBP.upack)
[2024.03.11-15.37.55:936][  0]LogPakFile: OnPakFileMounted2Time == 0.000040
[2024.03.11-15.37.56:002][  0]LogNativeClassHierarchy: Verbose: Native class hierarchy updated for 'AddContentDialog' in 0.0002 seconds. Added 0 classes and 0 folders.
[2024.03.11-15.37.56:002][  0]LogSlate: The tab "CesiumIon" attempted to spawn in layout 'LevelEditor_Layout_v1.2' but failed for some reason. It will not be displayed.
[2024.03.11-15.37.56:008][  0]LogNativeClassHierarchy: Verbose: Native class hierarchy updated for 'SceneOutliner' in 0.0003 seconds. Added 2 classes and 0 folders.
[2024.03.11-15.37.56:025][  0]LogSlate: The tab "/SuperMap/BluePrints/CN/SuperMap.SuperMap_ActiveTab" attempted to spawn in layout 'LevelEditor_Layout_v1.2' but failed for some reason. It will not be displayed.
[2024.03.11-15.37.56:094][  0]LogSlate: Took 0.000457 seconds to synchronously load lazily loaded font '../../../Engine/Content/Slate/Fonts/Roboto-Regular.ttf' (155K)
[2024.03.11-15.37.56:095][  0]LogSlate: Took 0.000266 seconds to synchronously load lazily loaded font '../../../Engine/Content/Editor/Slate/Fonts/FontAwesome.ttf' (139K)
[2024.03.11-15.37.56:098][  0]LogSlate: Took 0.002300 seconds to synchronously load lazily loaded font '../../../Engine/Content/Slate/Fonts/DroidSansFallback.ttf' (3848K)
[2024.03.11-15.37.56:098][  0]LogSlate: Took 0.000363 seconds to synchronously load lazily loaded font '../../../Engine/Content/Slate/Fonts/Roboto-Bold.ttf' (160K)
[2024.03.11-15.37.56:102][  0]LogSlate: Took 0.000318 seconds to synchronously load lazily loaded font '../../../Engine/Content/Slate/Fonts/DroidSansMono.ttf' (77K)
[2024.03.11-15.37.56:231][  0]LogRenderer: Reallocating scene render targets to support 1072x560 Format 10 NumSamples 1 (Frame:1).
[2024.03.11-15.37.56:343][  0]LogNativeClassHierarchy: Verbose: Native class hierarchy updated for 'HierarchicalLODOutliner' in 0.0002 seconds. Added 0 classes and 0 folders.
[2024.03.11-15.37.56:343][  0]LogInput: Warning: Action Jump uses invalid key OculusGo_Left_Trigger_Click.
[2024.03.11-15.37.56:343][  0]LogInput: Warning: Action ResetVR uses invalid key OculusGo_Left_Trackpad_Click.
[2024.03.11-15.37.56:343][  0]LogInput: Warning: Use -RemoveInvalidKeys to remove instances of these keys from the action mapping.
[2024.03.11-15.37.56:343][  0]LogLoad: (Engine Initialization) Total time: 8.33 seconds
[2024.03.11-15.37.56:344][  0]LogLoad: (Engine Initialization) Total Blueprint compile time: 0.00 seconds
[2024.03.11-15.37.56:391][  0]LogAssetRegistry: Asset discovery search completed in 5.1487 seconds
[2024.03.11-15.37.56:396][  0]LogCollectionManager: Fixed up redirectors for 0 collections in 0.000004 seconds (updated 0 objects)
[2024.03.11-15.37.56:399][  0]LogContentStreaming: Texture pool size now 1000 MB
[2024.03.11-15.40.55:357][582]LogHttp: Warning: 000001716468CF00: invalid HTTP response code received. URL: https://datarouter.ol.epicgames.com/datarouter/api/v1/public/data?SessionID=%7BD9A5558A-41AE-6BB5-B17C-19A7A636E9BE%7D&AppID=UEEditor.Rocket.Release&AppVersion=4.27.2-18319896%2B%2B%2BUE4%2BRelease-4.27&UserID=14f90bf94e16f4c9b81781871ea83568%7Cf1e8ec97e12745599ea44da0ff635b1f%7Cdd1a4d5e-cc7f-4138-81bc-a6da2112b494&AppEnvironment=datacollector-binary&UploadType=eteventstream, HTTP code: 0, content length: 0, actual payload size: 0
[2024.03.11-15.40.55:357][582]LogHttp: Warning: 000001716468CF00: request failed, libcurl error: 0 (No error)
[2024.03.11-15.40.55:357][582]LogHttp: Warning: 000001716468CF00: libcurl info message cache 0 (Found bundle for host datarouter.ol.epicgames.com: 0x1716e717eb0 [can pipeline])
[2024.03.11-15.40.55:357][582]LogHttp: Warning: 000001716468CF00: libcurl info message cache 1 (Re-using existing connection! (#0) with host datarouter.ol.epicgames.com)
[2024.03.11-15.40.55:357][582]LogHttp: Warning: 000001716468CF00: libcurl info message cache 2 (Connected to datarouter.ol.epicgames.com (54.210.171.231) port 443 (#0))
[2024.03.11-15.40.55:357][582]LogHttp: Warning: 000001716468CF00: libcurl info message cache 3 (We are completely uploaded and fine)
[2024.03.11-15.40.55:357][582]LogHttp: Warning: 000001716468CF00: libcurl info message cache 4 (TLSv1.2 (IN), TLS alert, Client hello (1):)
[2024.03.11-15.40.55:357][582]LogHttp: Warning: 000001716468CF00: libcurl info message cache 5 (Connection died, retrying a fresh connect)
[2024.03.11-15.40.55:357][582]LogHttp: Warning: 000001716468CF00: libcurl info message cache 6 (necessary data rewind wasn't possible)
[2024.03.11-15.40.55:357][582]LogHttp: Warning: 000001716468CF00: libcurl info message cache 7 (Closing connection 0)
[2024.03.11-15.40.55:357][582]LogHttp: Warning: 000001716468CF00: libcurl info message cache 8 (TLSv1.2 (OUT), TLS alert, Client hello (1):)
[2024.03.11-15.40.55:357][582]LogHttp: Warning: Retry exhausted on https://datarouter.ol.epicgames.com/datarouter/api/v1/public/data?SessionID=%7BD9A5558A-41AE-6BB5-B17C-19A7A636E9BE%7D&AppID=UEEditor.Rocket.Release&AppVersion=4.27.2-18319896%2B%2B%2BUE4%2BRelease-4.27&UserID=14f90bf94e16f4c9b81781871ea83568%7Cf1e8ec97e12745599ea44da0ff635b1f%7Cdd1a4d5e-cc7f-4138-81bc-a6da2112b494&AppEnvironment=datacollector-binary&UploadType=eteventstream
