Log file open, 02/27/24 22:41:00
LogWindows: Failed to load 'aqProf.dll' (GetLastError=126)
LogWindows: File 'aqProf.dll' does not exist
LogWindows: Failed to load 'VtuneApi.dll' (GetLastError=126)
LogWindows: File 'VtuneApi.dll' does not exist
LogWindows: Failed to load 'VtuneApi32e.dll' (GetLastError=126)
LogWindows: File 'VtuneApi32e.dll' does not exist
LogConsoleResponse: Display: Failed to find resolution value strings in scalability ini. Falling back to default.
LogConsoleResponse: Display: Failed to find resolution value strings in scalability ini. Falling back to default.
LogInit: Display: Running engine for game: city
LogPlatformFile: Not using cached read wrapper
LogTaskGraph: Started task graph with 5 named threads and 59 total threads with 3 sets of task threads.
LogStats: Stats thread started at 0.654391
LogICUInternationalization: ICU TimeZone Detection - Raw Offset: +8:00, Platform Override: ''
LogInit: Display: Loading text-based GConfig....
LogPluginManager: Mounting plugin MeshPainting
LogPluginManager: Mounting plugin XGEController
LogPluginManager: Mounting plugin Paper2D
LogPluginManager: Mounting plugin AISupport
LogPluginManager: Mounting plugin EnvironmentQueryEditor
LogPluginManager: Mounting plugin GameplayCameras
LogPluginManager: Mounting plugin OodleData
LogPluginManager: Mounting plugin LightPropagationVolume
LogPluginManager: Mounting plugin CameraShakePreviewer
LogPluginManager: Mounting plugin LiveLink
LogPluginManager: Mounting plugin OodleNetwork
LogPluginManager: Mounting plugin AssetManagerEditor
LogPluginManager: Mounting plugin CryptoKeys
LogPluginManager: Mounting plugin GeometryMode
LogPluginManager: Mounting plugin GameplayTagsEditor
LogPluginManager: Mounting plugin DataValidation
LogPluginManager: Mounting plugin MacGraphicsSwitching
LogPluginManager: Mounting plugin FacialAnimation
LogPluginManager: Mounting plugin MaterialAnalyzer
LogPluginManager: Mounting plugin MobileLauncherProfileWizard
LogPluginManager: Mounting plugin PluginBrowser
LogPluginManager: Mounting plugin CurveEditorTools
LogPluginManager: Mounting plugin AlembicImporter
LogPluginManager: Mounting plugin SpeedTreeImporter
LogPluginManager: Mounting plugin AutomationUtils
LogPluginManager: Mounting plugin BackChannel
LogPluginManager: Mounting plugin LuminPlatformFeatures
LogPluginManager: Mounting plugin ChaosEditor
LogPluginManager: Mounting plugin ChaosCloth
LogPluginManager: Mounting plugin MagicLeap
LogPluginManager: Mounting plugin DatasmithContent
LogPluginManager: Mounting plugin ChaosNiagara
LogPluginManager: Mounting plugin MagicLeapLightEstimation
LogPluginManager: Mounting plugin ChaosSolverPlugin
LogPluginManager: Mounting plugin ChaosClothEditor
LogPluginManager: Mounting plugin CharacterAI
LogPluginManager: Mounting plugin MagicLeapMedia
LogPluginManager: Mounting plugin VariantManagerContent
LogPluginManager: Mounting plugin GeometryCache
LogPluginManager: Mounting plugin GeometryCollectionPlugin
LogPluginManager: Mounting plugin MagicLeapPassableWorld
LogPluginManager: Mounting plugin GeometryProcessing
LogPluginManager: Mounting plugin MLSDK
LogPluginManager: Mounting plugin PlatformCrypto
LogPluginManager: Mounting plugin MotoSynth
LogPluginManager: Mounting plugin OpenImageDenoise
LogPluginManager: Mounting plugin ProxyLODPlugin
LogPluginManager: Mounting plugin SkeletalReduction
LogPluginManager: Mounting plugin PlanarCut
LogPluginManager: Mounting plugin PythonScriptPlugin
LogPluginManager: Mounting plugin VaRest
LogPluginManager: Mounting plugin AndroidMedia
LogPluginManager: Mounting plugin AvfMedia
LogPluginManager: Mounting plugin ImgMedia
LogPluginManager: Mounting plugin MediaCompositing
LogPluginManager: Mounting plugin WebMMedia
LogPluginManager: Mounting plugin WmfMedia
LogPluginManager: Mounting plugin TcpMessaging
LogPluginManager: Mounting plugin UdpMessaging
LogPluginManager: Mounting plugin MediaPlayerEditor
LogPluginManager: Mounting plugin OnlineSubsystem
LogPluginManager: Mounting plugin OnlineSubsystemNull
LogPluginManager: Mounting plugin OnlineSubsystemUtils
LogPluginManager: Mounting plugin ActorSequence
LogPluginManager: Mounting plugin LevelSequenceEditor
LogPluginManager: Mounting plugin MatineeToLevelSequence
LogPluginManager: Mounting plugin TemplateSequence
LogPluginManager: Mounting plugin LauncherChunkInstaller
LogPluginManager: Mounting plugin ActorLayerUtilities
LogPluginManager: Mounting plugin AndroidPermission
LogPluginManager: Mounting plugin AppleImageUtils
LogPluginManager: Mounting plugin ArchVisCharacter
LogPluginManager: Mounting plugin AppleMoviePlayer
LogPluginManager: Mounting plugin AudioSynesthesia
LogPluginManager: Mounting plugin CableComponent
LogPluginManager: Mounting plugin ChunkDownloader
LogPluginManager: Mounting plugin AudioCapture
LogPluginManager: Mounting plugin CustomMeshComponent
LogPluginManager: Mounting plugin AndroidDeviceProfileSelector
LogPluginManager: Mounting plugin EditableMesh
LogPluginManager: Mounting plugin GooglePAD
LogPluginManager: Mounting plugin ExampleDeviceProfileSelector
LogPluginManager: Mounting plugin AssetTags
LogPluginManager: Mounting plugin GoogleCloudMessaging
LogPluginManager: Mounting plugin IOSDeviceProfileSelector
LogPluginManager: Mounting plugin AndroidMoviePlayer
LogPluginManager: Mounting plugin LinuxDeviceProfileSelector
LogPluginManager: Mounting plugin LocationServicesBPLibrary
LogPluginManager: Mounting plugin MobilePatchingUtils
LogPluginManager: Mounting plugin OpenXR
LogPluginManager: Mounting plugin OpenXREyeTracker
LogPluginManager: Mounting plugin OpenXRHandTracking
LogPluginManager: Mounting plugin PhysXVehicles
LogPluginManager: Mounting plugin PostSplashScreen
LogPluginManager: Mounting plugin ProceduralMeshComponent
LogPluginManager: Mounting plugin PropertyAccessEditor
LogPluginManager: Mounting plugin RuntimePhysXCooking
LogPluginManager: Mounting plugin SignificanceManager
LogPluginManager: Mounting plugin SoundFields
LogPluginManager: Mounting plugin Synthesis
LogPluginManager: Mounting plugin ScreenshotTools
LogPluginManager: Mounting plugin WebMMoviePlayer
LogPluginManager: Mounting plugin WindowsMoviePlayer
LogPluginManager: Mounting plugin Takes
LogPluginManager: Mounting plugin Niagara
LogPluginManager: Mounting plugin CodeLiteSourceCodeAccess
LogPluginManager: Mounting plugin GitSourceControl
LogPluginManager: Mounting plugin NullSourceCodeAccess
LogPluginManager: Mounting plugin CLionSourceCodeAccess
LogPluginManager: Mounting plugin AnimationSharing
LogPluginManager: Mounting plugin PluginUtils
LogPluginManager: Mounting plugin PropertyAccessNode
LogPluginManager: Mounting plugin RiderSourceCodeAccess
LogPluginManager: Mounting plugin KDevelopSourceCodeAccess
LogPluginManager: Mounting plugin SubversionSourceControl
LogPluginManager: Mounting plugin PerforceSourceControl
LogPluginManager: Mounting plugin UObjectPlugin
LogPluginManager: Mounting plugin PixWinPlugin
LogPluginManager: Mounting plugin TextureFormatOodle
LogPluginManager: Mounting plugin PlasticSourceControl
LogPluginManager: Mounting plugin VisualStudioSourceCodeAccess
LogPluginManager: Mounting plugin VisualStudioCodeSourceCodeAccess
LogPluginManager: Mounting plugin XCodeSourceCodeAccess
LogPluginManager: Mounting plugin ContentBrowserAssetDataSource
LogPluginManager: Mounting plugin ContentBrowserClassDataSource
LogPluginManager: Mounting plugin ContentBrowserFileDataSource
LogPluginManager: Mounting plugin OnlineSubsystemGooglePlay
LogPluginManager: Mounting plugin OnlineSubsystemIOS
LogPluginManager: Mounting plugin OculusVR
LogPluginManager: Mounting plugin SteamVR
LogInit: Using libcurl 7.55.1-DEV
LogInit:  - built for x86_64-pc-win32
LogInit:  - supports SSL with OpenSSL/1.1.1
LogInit:  - supports HTTP deflate (compression) using libz 1.2.8
LogInit:  - other features:
LogInit:      CURL_VERSION_SSL
LogInit:      CURL_VERSION_LIBZ
LogInit:      CURL_VERSION_IPV6
LogInit:      CURL_VERSION_ASYNCHDNS
LogInit:      CURL_VERSION_LARGEFILE
LogInit:      CURL_VERSION_IDN
LogInit:  CurlRequestOptions (configurable via config and command line):
LogInit:  - bVerifyPeer = true  - Libcurl will verify peer certificate
LogInit:  - bUseHttpProxy = true  - Libcurl will use HTTP proxy
LogInit:  - HttpProxyAddress = '127.0.0.1:8001'
LogInit:  - bDontReuseConnections = false  - Libcurl will reuse connections
LogInit:  - MaxHostConnections = 16  - Libcurl will limit the number of connections to a host
LogInit:  - LocalHostAddr = Default
LogInit:  - BufferSize = 65536
LogOnline: OSS: Creating online subsystem instance for: NULL
LogInit: WinSock: version 1.1 (2.2), MaxSocks=32767, MaxUdp=65467
LogOnline: OSS: TryLoadSubsystemAndSetDefault: Loaded subsystem for module [NULL]
PixWinPlugin: PIX capture plugin failed to initialize! Check that the process is launched from PIX.
LogOculusPluginWrapper: OculusPlugin initialized successfully
LogHMD: Failed initializing OVRPlugin 1.59.0
LogInit: Build: ++UE4+Release-4.27-CL-18319896
LogInit: Engine Version: 4.27.2-18319896+++UE4+Release-4.27
LogInit: Compatible Engine Version: 4.27.0-17155196+++UE4+Release-4.27
LogInit: Net CL: 17155196
LogInit: OS: Windows 10 (Release 2009) (), CPU: 12th Gen Intel(R) Core(TM) i7-12700H, GPU: Intel(R) Iris(R) Xe Graphics
LogInit: Compiled (64-bit): Nov 30 2021 07:12:08
LogInit: Compiled with Visual C++: 19.24.28315.00
LogInit: Build Configuration: Development
LogInit: Branch Name: ++UE4+Release-4.27
LogInit: Command Line: 
LogInit: Base Directory: D:/UE_4.27/Engine/Binaries/Win64/
LogInit: Allocator: TBB
LogInit: Installed Engine Build: 1
LogDevObjectVersion: Number of dev versions registered: 29
LogDevObjectVersion:   Dev-Blueprints (B0D832E4-1F89-4F0D-ACCF-7EB736FD4AA2): 10
LogDevObjectVersion:   Dev-Build (E1C64328-A22C-4D53-A36C-8E866417BD8C): 0
LogDevObjectVersion:   Dev-Core (375EC13C-06E4-48FB-B500-84F0262A717E): 4
LogDevObjectVersion:   Dev-Editor (E4B068ED-F494-42E9-A231-DA0B2E46BB41): 40
LogDevObjectVersion:   Dev-Framework (CFFC743F-43B0-4480-9391-14DF171D2073): 37
LogDevObjectVersion:   Dev-Mobile (B02B49B5-BB20-44E9-A304-32B752E40360): 3
LogDevObjectVersion:   Dev-Networking (A4E4105C-59A1-49B5-A7C5-40C4547EDFEE): 0
LogDevObjectVersion:   Dev-Online (39C831C9-5AE6-47DC-9A44-9C173E1C8E7C): 0
LogDevObjectVersion:   Dev-Physics (78F01B33-EBEA-4F98-B9B4-84EACCB95AA2): 14
LogDevObjectVersion:   Dev-Platform (6631380F-2D4D-43E0-8009-CF276956A95A): 0
LogDevObjectVersion:   Dev-Rendering (12F88B9F-8875-4AFC-A67C-D90C383ABD29): 45
LogDevObjectVersion:   Dev-Sequencer (7B5AE74C-D270-4C10-A958-57980B212A5A): 13
LogDevObjectVersion:   Dev-VR (D7296918-1DD6-4BDD-9DE2-64A83CC13884): 3
LogDevObjectVersion:   Dev-LoadTimes (C2A15278-BFE7-4AFE-6C17-90FF531DF755): 1
LogDevObjectVersion:   Private-Geometry (6EACA3D4-40EC-4CC1-B786-8BED09428FC5): 3
LogDevObjectVersion:   Dev-AnimPhys (29E575DD-E0A3-4627-9D10-D276232CDCEA): 17
LogDevObjectVersion:   Dev-Anim (AF43A65D-7FD3-4947-9873-3E8ED9C1BB05): 15
LogDevObjectVersion:   Dev-ReflectionCapture (6B266CEC-1EC7-4B8F-A30B-E4D90942FC07): 1
LogDevObjectVersion:   Dev-Automation (0DF73D61-A23F-47EA-B727-89E90C41499A): 1
LogDevObjectVersion:   FortniteMain (601D1886-AC64-4F84-AA16-D3DE0DEAC7D6): 47
LogDevObjectVersion:   FortniteRelease (E7086368-6B23-4C58-8439-1B7016265E91): 1
LogDevObjectVersion:   Dev-Enterprise (9DFFBCD6-494F-0158-E221-12823C92A888): 10
LogDevObjectVersion:   Dev-Niagara (F2AED0AC-9AFE-416F-8664-AA7FFA26D6FC): 1
LogDevObjectVersion:   Dev-Destruction (174F1F0B-B4C6-45A5-B13F-2EE8D0FB917D): 10
LogDevObjectVersion:   Dev-Physics-Ext (35F94A83-E258-406C-A318-09F59610247C): 41
LogDevObjectVersion:   Dev-PhysicsMaterial-Chaos (B68FC16E-8B1B-42E2-B453-215C058844FE): 1
LogDevObjectVersion:   Dev-CineCamera (B2E18506-4273-CFC2-A54E-F4BB758BBA07): 1
LogDevObjectVersion:   Dev-VirtualProduction (64F58936-FD1B-42BA-BA96-7289D5D0FA4E): 1
LogDevObjectVersion:   Dev-MediaFramework (6F0ED827-A609-4895-9C91-998D90180EA4): 2
LogLinker: AddRedirectList(D:/UGit/NewProject/city/Saved/Config/Windows/VaRest.ini) has substring redirect /VaRestPlugin/, these are very slow and should be resolved as soon as possible!
LogInit: Presizing for max 25165824 objects, including 0 objects not considered by GC, pre-allocating 0 bytes for permanent pool.
LogConfig: Applying CVar settings from Section [/Script/Engine.StreamingSettings] File [D:/UGit/NewProject/city/Saved/Config/Windows/Engine.ini]
LogConfig: Setting CVar [[s.MinBulkDataSizeForAsyncLoading:131072]]
LogConfig: Setting CVar [[s.AsyncLoadingThreadEnabled:0]]
LogConfig: Setting CVar [[s.EventDrivenLoaderEnabled:1]]
LogConfig: Setting CVar [[s.WarnIfTimeLimitExceeded:0]]
LogConfig: Setting CVar [[s.TimeLimitExceededMultiplier:1.5]]
LogConfig: Setting CVar [[s.TimeLimitExceededMinTime:0.005]]
LogConfig: Setting CVar [[s.UseBackgroundLevelStreaming:1]]
LogConfig: Setting CVar [[s.PriorityAsyncLoadingExtraTime:15.0]]
LogConfig: Setting CVar [[s.LevelStreamingActorsUpdateTimeLimit:5.0]]
LogConfig: Setting CVar [[s.PriorityLevelStreamingActorsUpdateExtraTime:5.0]]
LogConfig: Setting CVar [[s.LevelStreamingComponentsRegistrationGranularity:10]]
LogConfig: Setting CVar [[s.UnregisterComponentsTimeLimit:1.0]]
LogConfig: Setting CVar [[s.LevelStreamingComponentsUnregistrationGranularity:5]]
LogConfig: Setting CVar [[s.FlushStreamingOnExit:1]]
LogInit: Object subsystem initialized
LogConfig: Setting CVar [[con.DebugEarlyDefault:1]]
LogConfig: Setting CVar [[r.setres:1280x720]]
[2024.02.27-14.41.01:329][  0]LogConfig: Setting CVar [[r.VSync:0]]
[2024.02.27-14.41.01:329][  0]LogConfig: Setting CVar [[r.RHICmdBypass:0]]
[2024.02.27-14.41.01:329][  0]LogConfig: Applying CVar settings from Section [/Script/Engine.RendererSettings] File [D:/UGit/NewProject/city/Saved/Config/Windows/Engine.ini]
[2024.02.27-14.41.01:329][  0]LogConfig: Setting CVar [[r.GPUCrashDebugging:0]]
[2024.02.27-14.41.01:329][  0]LogConfig: Applying CVar settings from Section [/Script/Engine.RendererOverrideSettings] File [D:/UGit/NewProject/city/Saved/Config/Windows/Engine.ini]
[2024.02.27-14.41.01:329][  0]LogConfig: Applying CVar settings from Section [/Script/Engine.StreamingSettings] File [D:/UGit/NewProject/city/Saved/Config/Windows/Engine.ini]
[2024.02.27-14.41.01:329][  0]LogConfig: Setting CVar [[s.MinBulkDataSizeForAsyncLoading:131072]]
[2024.02.27-14.41.01:329][  0]LogConfig: Setting CVar [[s.AsyncLoadingThreadEnabled:0]]
[2024.02.27-14.41.01:329][  0]LogConfig: Setting CVar [[s.EventDrivenLoaderEnabled:1]]
[2024.02.27-14.41.01:329][  0]LogConfig: Setting CVar [[s.WarnIfTimeLimitExceeded:0]]
[2024.02.27-14.41.01:329][  0]LogConfig: Setting CVar [[s.TimeLimitExceededMultiplier:1.5]]
[2024.02.27-14.41.01:329][  0]LogConfig: Setting CVar [[s.TimeLimitExceededMinTime:0.005]]
[2024.02.27-14.41.01:329][  0]LogConfig: Setting CVar [[s.UseBackgroundLevelStreaming:1]]
[2024.02.27-14.41.01:329][  0]LogConfig: Setting CVar [[s.PriorityAsyncLoadingExtraTime:15.0]]
[2024.02.27-14.41.01:329][  0]LogConfig: Setting CVar [[s.LevelStreamingActorsUpdateTimeLimit:5.0]]
[2024.02.27-14.41.01:329][  0]LogConfig: Setting CVar [[s.PriorityLevelStreamingActorsUpdateExtraTime:5.0]]
[2024.02.27-14.41.01:329][  0]LogConfig: Setting CVar [[s.LevelStreamingComponentsRegistrationGranularity:10]]
[2024.02.27-14.41.01:329][  0]LogConfig: Setting CVar [[s.UnregisterComponentsTimeLimit:1.0]]
[2024.02.27-14.41.01:329][  0]LogConfig: Setting CVar [[s.LevelStreamingComponentsUnregistrationGranularity:5]]
[2024.02.27-14.41.01:329][  0]LogConfig: Setting CVar [[s.FlushStreamingOnExit:1]]
[2024.02.27-14.41.01:329][  0]LogConfig: Applying CVar settings from Section [/Script/Engine.GarbageCollectionSettings] File [D:/UGit/NewProject/city/Saved/Config/Windows/Engine.ini]
[2024.02.27-14.41.01:329][  0]LogConfig: Setting CVar [[gc.MaxObjectsNotConsideredByGC:1]]
[2024.02.27-14.41.01:329][  0]LogConfig: Setting CVar [[gc.SizeOfPermanentObjectPool:0]]
[2024.02.27-14.41.01:329][  0]LogConfig: Setting CVar [[gc.FlushStreamingOnGC:0]]
[2024.02.27-14.41.01:329][  0]LogConfig: Setting CVar [[gc.NumRetriesBeforeForcingGC:10]]
[2024.02.27-14.41.01:329][  0]LogConfig: Setting CVar [[gc.AllowParallelGC:1]]
[2024.02.27-14.41.01:329][  0]LogConfig: Setting CVar [[gc.TimeBetweenPurgingPendingKillObjects:61.1]]
[2024.02.27-14.41.01:329][  0]LogConfig: Setting CVar [[gc.MaxObjectsInEditor:25165824]]
[2024.02.27-14.41.01:329][  0]LogConfig: Setting CVar [[gc.IncrementalBeginDestroyEnabled:1]]
[2024.02.27-14.41.01:329][  0]LogConfig: Setting CVar [[gc.CreateGCClusters:1]]
[2024.02.27-14.41.01:329][  0]LogConfig: Setting CVar [[gc.MinGCClusterSize:5]]
[2024.02.27-14.41.01:329][  0]LogConfig: Setting CVar [[gc.ActorClusteringEnabled:0]]
[2024.02.27-14.41.01:329][  0]LogConfig: Setting CVar [[gc.BlueprintClusteringEnabled:0]]
[2024.02.27-14.41.01:329][  0]LogConfig: Setting CVar [[gc.UseDisregardForGCOnDedicatedServers:0]]
[2024.02.27-14.41.01:329][  0]LogConfig: Setting CVar [[gc.MultithreadedDestructionEnabled:1]]
[2024.02.27-14.41.01:329][  0]LogConfig: Applying CVar settings from Section [/Script/Engine.NetworkSettings] File [D:/UGit/NewProject/city/Saved/Config/Windows/Engine.ini]
[2024.02.27-14.41.01:330][  0]LogConfig: Applying CVar settings from Section [/Script/UnrealEd.CookerSettings] File [D:/UGit/NewProject/city/Saved/Config/Windows/Engine.ini]
[2024.02.27-14.41.01:356][  0]LogConfig: Applying CVar settings from Section [ViewDistanceQuality@3] File [D:/UGit/NewProject/city/Saved/Config/Windows/Scalability.ini]
[2024.02.27-14.41.01:356][  0]LogConfig: Setting CVar [[r.SkeletalMeshLODBias:0]]
[2024.02.27-14.41.01:356][  0]LogConfig: Setting CVar [[r.ViewDistanceScale:1.0]]
[2024.02.27-14.41.01:356][  0]LogConfig: Applying CVar settings from Section [AntiAliasingQuality@3] File [D:/UGit/NewProject/city/Saved/Config/Windows/Scalability.ini]
[2024.02.27-14.41.01:356][  0]LogConfig: Setting CVar [[r.PostProcessAAQuality:4]]
[2024.02.27-14.41.01:356][  0]LogConfig: Applying CVar settings from Section [ShadowQuality@3] File [D:/UGit/NewProject/city/Saved/Config/Windows/Scalability.ini]
[2024.02.27-14.41.01:356][  0]LogConfig: Setting CVar [[r.LightFunctionQuality:1]]
[2024.02.27-14.41.01:356][  0]LogConfig: Setting CVar [[r.ShadowQuality:5]]
[2024.02.27-14.41.01:356][  0]LogConfig: Setting CVar [[r.Shadow.CSM.MaxCascades:10]]
[2024.02.27-14.41.01:356][  0]LogConfig: Setting CVar [[r.Shadow.MaxResolution:2048]]
[2024.02.27-14.41.01:356][  0]LogConfig: Setting CVar [[r.Shadow.MaxCSMResolution:2048]]
[2024.02.27-14.41.01:356][  0]LogConfig: Setting CVar [[r.Shadow.RadiusThreshold:0.01]]
[2024.02.27-14.41.01:356][  0]LogConfig: Setting CVar [[r.Shadow.DistanceScale:1.0]]
[2024.02.27-14.41.01:356][  0]LogConfig: Setting CVar [[r.Shadow.CSM.TransitionScale:1.0]]
[2024.02.27-14.41.01:356][  0]LogConfig: Setting CVar [[r.Shadow.PreShadowResolutionFactor:1.0]]
[2024.02.27-14.41.01:356][  0]LogConfig: Setting CVar [[r.DistanceFieldShadowing:1]]
[2024.02.27-14.41.01:356][  0]LogConfig: Setting CVar [[r.DistanceFieldAO:1]]
[2024.02.27-14.41.01:356][  0]LogConfig: Setting CVar [[r.AOQuality:2]]
[2024.02.27-14.41.01:356][  0]LogConfig: Setting CVar [[r.VolumetricFog:1]]
[2024.02.27-14.41.01:356][  0]LogConfig: Setting CVar [[r.VolumetricFog.GridPixelSize:8]]
[2024.02.27-14.41.01:356][  0]LogConfig: Setting CVar [[r.VolumetricFog.GridSizeZ:128]]
[2024.02.27-14.41.01:356][  0]LogConfig: Setting CVar [[r.VolumetricFog.HistoryMissSupersampleCount:4]]
[2024.02.27-14.41.01:356][  0]LogConfig: Setting CVar [[r.LightMaxDrawDistanceScale:1]]
[2024.02.27-14.41.01:356][  0]LogConfig: Setting CVar [[r.CapsuleShadows:1]]
[2024.02.27-14.41.01:356][  0]LogConfig: Applying CVar settings from Section [PostProcessQuality@3] File [D:/UGit/NewProject/city/Saved/Config/Windows/Scalability.ini]
[2024.02.27-14.41.01:356][  0]LogConfig: Setting CVar [[r.MotionBlurQuality:4]]
[2024.02.27-14.41.01:356][  0]LogConfig: Setting CVar [[r.AmbientOcclusionMipLevelFactor:0.4]]
[2024.02.27-14.41.01:356][  0]LogConfig: Setting CVar [[r.AmbientOcclusionMaxQuality:100]]
[2024.02.27-14.41.01:356][  0]LogConfig: Setting CVar [[r.AmbientOcclusionLevels:-1]]
[2024.02.27-14.41.01:356][  0]LogConfig: Setting CVar [[r.AmbientOcclusionRadiusScale:1.0]]
[2024.02.27-14.41.01:356][  0]LogConfig: Setting CVar [[r.DepthOfFieldQuality:2]]
[2024.02.27-14.41.01:356][  0]LogConfig: Setting CVar [[r.RenderTargetPoolMin:400]]
[2024.02.27-14.41.01:356][  0]LogConfig: Setting CVar [[r.LensFlareQuality:2]]
[2024.02.27-14.41.01:356][  0]LogConfig: Setting CVar [[r.SceneColorFringeQuality:1]]
[2024.02.27-14.41.01:356][  0]LogConfig: Setting CVar [[r.EyeAdaptationQuality:2]]
[2024.02.27-14.41.01:356][  0]LogConfig: Setting CVar [[r.BloomQuality:5]]
[2024.02.27-14.41.01:356][  0]LogConfig: Setting CVar [[r.FastBlurThreshold:100]]
[2024.02.27-14.41.01:356][  0]LogConfig: Setting CVar [[r.Upscale.Quality:3]]
[2024.02.27-14.41.01:356][  0]LogConfig: Setting CVar [[r.Tonemapper.GrainQuantization:1]]
[2024.02.27-14.41.01:356][  0]LogConfig: Setting CVar [[r.LightShaftQuality:1]]
[2024.02.27-14.41.01:356][  0]LogConfig: Setting CVar [[r.Filter.SizeScale:1]]
[2024.02.27-14.41.01:356][  0]LogConfig: Setting CVar [[r.Tonemapper.Quality:5]]
[2024.02.27-14.41.01:356][  0]LogConfig: Setting CVar [[r.DOF.Gather.AccumulatorQuality:1        ; higher gathering accumulator quality]]
[2024.02.27-14.41.01:356][  0]LogConfig: Setting CVar [[r.DOF.Gather.PostfilterMethod:1          ; Median3x3 postfilering method]]
[2024.02.27-14.41.01:356][  0]LogConfig: Setting CVar [[r.DOF.Gather.EnableBokehSettings:0       ; no bokeh simulation when gathering]]
[2024.02.27-14.41.01:356][  0]LogConfig: Setting CVar [[r.DOF.Gather.RingCount:4                 ; medium number of samples when gathering]]
[2024.02.27-14.41.01:356][  0]LogConfig: Setting CVar [[r.DOF.Scatter.ForegroundCompositing:1    ; additive foreground scattering]]
[2024.02.27-14.41.01:356][  0]LogConfig: Setting CVar [[r.DOF.Scatter.BackgroundCompositing:2    ; additive background scattering]]
[2024.02.27-14.41.01:356][  0]LogConfig: Setting CVar [[r.DOF.Scatter.EnableBokehSettings:1      ; bokeh simulation when scattering]]
[2024.02.27-14.41.01:356][  0]LogConfig: Setting CVar [[r.DOF.Scatter.MaxSpriteRatio:0.1         ; only a maximum of 10% of scattered bokeh]]
[2024.02.27-14.41.01:356][  0]LogConfig: Setting CVar [[r.DOF.Recombine.Quality:1                ; cheap slight out of focus]]
[2024.02.27-14.41.01:357][  0]LogConfig: Setting CVar [[r.DOF.Recombine.EnableBokehSettings:0    ; no bokeh simulation on slight out of focus]]
[2024.02.27-14.41.01:357][  0]LogConfig: Setting CVar [[r.DOF.TemporalAAQuality:1                ; more stable temporal accumulation]]
[2024.02.27-14.41.01:357][  0]LogConfig: Setting CVar [[r.DOF.Kernel.MaxForegroundRadius:0.025]]
[2024.02.27-14.41.01:357][  0]LogConfig: Setting CVar [[r.DOF.Kernel.MaxBackgroundRadius:0.025]]
[2024.02.27-14.41.01:357][  0]LogConfig: Applying CVar settings from Section [TextureQuality@3] File [D:/UGit/NewProject/city/Saved/Config/Windows/Scalability.ini]
[2024.02.27-14.41.01:357][  0]LogConfig: Setting CVar [[r.Streaming.MipBias:0]]
[2024.02.27-14.41.01:357][  0]LogConfig: Setting CVar [[r.Streaming.AmortizeCPUToGPUCopy:0]]
[2024.02.27-14.41.01:357][  0]LogConfig: Setting CVar [[r.Streaming.MaxNumTexturesToStreamPerFrame:0]]
[2024.02.27-14.41.01:357][  0]LogConfig: Setting CVar [[r.Streaming.Boost:1]]
[2024.02.27-14.41.01:357][  0]LogConfig: Setting CVar [[r.MaxAnisotropy:8]]
[2024.02.27-14.41.01:357][  0]LogConfig: Setting CVar [[r.VT.MaxAnisotropy:8]]
[2024.02.27-14.41.01:357][  0]LogConfig: Setting CVar [[r.Streaming.LimitPoolSizeToVRAM:0]]
[2024.02.27-14.41.01:357][  0]LogConfig: Setting CVar [[r.Streaming.PoolSize:1000]]
[2024.02.27-14.41.01:357][  0]LogConfig: Setting CVar [[r.Streaming.MaxEffectiveScreenSize:0]]
[2024.02.27-14.41.01:357][  0]LogConfig: Applying CVar settings from Section [EffectsQuality@3] File [D:/UGit/NewProject/city/Saved/Config/Windows/Scalability.ini]
[2024.02.27-14.41.01:357][  0]LogConfig: Setting CVar [[r.TranslucencyLightingVolumeDim:64]]
[2024.02.27-14.41.01:357][  0]LogConfig: Setting CVar [[r.RefractionQuality:2]]
[2024.02.27-14.41.01:357][  0]LogConfig: Setting CVar [[r.SSR.Quality:3]]
[2024.02.27-14.41.01:357][  0]LogConfig: Setting CVar [[r.SSR.HalfResSceneColor:0]]
[2024.02.27-14.41.01:357][  0]LogConfig: Setting CVar [[r.SceneColorFormat:4]]
[2024.02.27-14.41.01:357][  0]LogConfig: Setting CVar [[r.DetailMode:2]]
[2024.02.27-14.41.01:357][  0]LogConfig: Setting CVar [[r.TranslucencyVolumeBlur:1]]
[2024.02.27-14.41.01:357][  0]LogConfig: Setting CVar [[r.MaterialQualityLevel:1 ; High quality]]
[2024.02.27-14.41.01:357][  0]LogConfig: Setting CVar [[r.AnisotropicMaterials:1]]
[2024.02.27-14.41.01:357][  0]LogConfig: Setting CVar [[r.SSS.Scale:1]]
[2024.02.27-14.41.01:357][  0]LogConfig: Setting CVar [[r.SSS.SampleSet:2]]
[2024.02.27-14.41.01:357][  0]LogConfig: Setting CVar [[r.SSS.Quality:1]]
[2024.02.27-14.41.01:357][  0]LogConfig: Setting CVar [[r.SSS.HalfRes:0]]
[2024.02.27-14.41.01:357][  0]LogConfig: Setting CVar [[r.SSGI.Quality:3]]
[2024.02.27-14.41.01:357][  0]LogConfig: Setting CVar [[r.EmitterSpawnRateScale:1.0]]
[2024.02.27-14.41.01:357][  0]LogConfig: Setting CVar [[r.ParticleLightQuality:2]]
[2024.02.27-14.41.01:357][  0]LogConfig: Setting CVar [[r.SkyAtmosphere.AerialPerspectiveLUT.FastApplyOnOpaque:1 ; Always have FastSkyLUT 1 in this case to avoid wrong sky]]
[2024.02.27-14.41.01:357][  0]LogConfig: Setting CVar [[r.SkyAtmosphere.AerialPerspectiveLUT.SampleCountMaxPerSlice:4]]
[2024.02.27-14.41.01:357][  0]LogConfig: Setting CVar [[r.SkyAtmosphere.AerialPerspectiveLUT.DepthResolution:16.0]]
[2024.02.27-14.41.01:357][  0]LogConfig: Setting CVar [[r.SkyAtmosphere.FastSkyLUT:1]]
[2024.02.27-14.41.01:357][  0]LogConfig: Setting CVar [[r.SkyAtmosphere.FastSkyLUT.SampleCountMin:4.0]]
[2024.02.27-14.41.01:357][  0]LogConfig: Setting CVar [[r.SkyAtmosphere.FastSkyLUT.SampleCountMax:128.0]]
[2024.02.27-14.41.01:357][  0]LogConfig: Setting CVar [[r.SkyAtmosphere.SampleCountMin:4.0]]
[2024.02.27-14.41.01:357][  0]LogConfig: Setting CVar [[r.SkyAtmosphere.SampleCountMax:128.0]]
[2024.02.27-14.41.01:357][  0]LogConfig: Setting CVar [[r.SkyAtmosphere.TransmittanceLUT.UseSmallFormat:0]]
[2024.02.27-14.41.01:357][  0]LogConfig: Setting CVar [[r.SkyAtmosphere.TransmittanceLUT.SampleCount:10.0]]
[2024.02.27-14.41.01:357][  0]LogConfig: Setting CVar [[r.SkyAtmosphere.MultiScatteringLUT.SampleCount:15.0]]
[2024.02.27-14.41.01:357][  0]LogConfig: Setting CVar [[r.SkyLight.RealTimeReflectionCapture:1]]
[2024.02.27-14.41.01:357][  0]LogConfig: Applying CVar settings from Section [FoliageQuality@3] File [D:/UGit/NewProject/city/Saved/Config/Windows/Scalability.ini]
[2024.02.27-14.41.01:357][  0]LogConfig: Setting CVar [[foliage.DensityScale:1.0]]
[2024.02.27-14.41.01:357][  0]LogConfig: Setting CVar [[grass.DensityScale:1.0]]
[2024.02.27-14.41.01:357][  0]LogConfig: Applying CVar settings from Section [ShadingQuality@3] File [D:/UGit/NewProject/city/Saved/Config/Windows/Scalability.ini]
[2024.02.27-14.41.01:357][  0]LogConfig: Setting CVar [[r.HairStrands.SkyLighting.IntegrationType:2]]
[2024.02.27-14.41.01:357][  0]LogConfig: Setting CVar [[r.HairStrands.SkyAO.SampleCount:4]]
[2024.02.27-14.41.01:357][  0]LogConfig: Setting CVar [[r.HairStrands.Visibility.MSAA.SamplePerPixel:4]]
[2024.02.27-14.41.01:357][  0]LogInit: Selected Device Profile: [Windows]
[2024.02.27-14.41.01:357][  0]LogInit: Applying CVar settings loaded from the selected device profile: [Windows]
[2024.02.27-14.41.01:357][  0]LogHAL: Display: Platform has ~ 16 GB [16830967808 / 17179869184 / 16], which maps to Larger [LargestMinGB=32, LargerMinGB=12, DefaultMinGB=8, SmallerMinGB=6, SmallestMinGB=0)
[2024.02.27-14.41.01:357][  0]LogInit: Going up to parent DeviceProfile []
[2024.02.27-14.41.01:357][  0]LogConfig: Applying CVar settings from Section [ViewDistanceQuality@3] File [D:/UGit/NewProject/city/Saved/Config/Windows/Scalability.ini]
[2024.02.27-14.41.01:357][  0]LogConfig: Setting CVar [[r.SkeletalMeshLODBias:0]]
[2024.02.27-14.41.01:357][  0]LogConfig: Setting CVar [[r.ViewDistanceScale:1.0]]
[2024.02.27-14.41.01:357][  0]LogConfig: Applying CVar settings from Section [AntiAliasingQuality@3] File [D:/UGit/NewProject/city/Saved/Config/Windows/Scalability.ini]
[2024.02.27-14.41.01:357][  0]LogConfig: Setting CVar [[r.PostProcessAAQuality:4]]
[2024.02.27-14.41.01:357][  0]LogConfig: Applying CVar settings from Section [ShadowQuality@3] File [D:/UGit/NewProject/city/Saved/Config/Windows/Scalability.ini]
[2024.02.27-14.41.01:357][  0]LogConfig: Setting CVar [[r.LightFunctionQuality:1]]
[2024.02.27-14.41.01:357][  0]LogConfig: Setting CVar [[r.ShadowQuality:5]]
[2024.02.27-14.41.01:357][  0]LogConfig: Setting CVar [[r.Shadow.CSM.MaxCascades:10]]
[2024.02.27-14.41.01:357][  0]LogConfig: Setting CVar [[r.Shadow.MaxResolution:2048]]
[2024.02.27-14.41.01:357][  0]LogConfig: Setting CVar [[r.Shadow.MaxCSMResolution:2048]]
[2024.02.27-14.41.01:357][  0]LogConfig: Setting CVar [[r.Shadow.RadiusThreshold:0.01]]
[2024.02.27-14.41.01:357][  0]LogConfig: Setting CVar [[r.Shadow.DistanceScale:1.0]]
[2024.02.27-14.41.01:357][  0]LogConfig: Setting CVar [[r.Shadow.CSM.TransitionScale:1.0]]
[2024.02.27-14.41.01:357][  0]LogConfig: Setting CVar [[r.Shadow.PreShadowResolutionFactor:1.0]]
[2024.02.27-14.41.01:357][  0]LogConfig: Setting CVar [[r.DistanceFieldShadowing:1]]
[2024.02.27-14.41.01:357][  0]LogConfig: Setting CVar [[r.DistanceFieldAO:1]]
[2024.02.27-14.41.01:357][  0]LogConfig: Setting CVar [[r.AOQuality:2]]
[2024.02.27-14.41.01:357][  0]LogConfig: Setting CVar [[r.VolumetricFog:1]]
[2024.02.27-14.41.01:357][  0]LogConfig: Setting CVar [[r.VolumetricFog.GridPixelSize:8]]
[2024.02.27-14.41.01:357][  0]LogConfig: Setting CVar [[r.VolumetricFog.GridSizeZ:128]]
[2024.02.27-14.41.01:357][  0]LogConfig: Setting CVar [[r.VolumetricFog.HistoryMissSupersampleCount:4]]
[2024.02.27-14.41.01:357][  0]LogConfig: Setting CVar [[r.LightMaxDrawDistanceScale:1]]
[2024.02.27-14.41.01:357][  0]LogConfig: Setting CVar [[r.CapsuleShadows:1]]
[2024.02.27-14.41.01:357][  0]LogConfig: Applying CVar settings from Section [PostProcessQuality@3] File [D:/UGit/NewProject/city/Saved/Config/Windows/Scalability.ini]
[2024.02.27-14.41.01:357][  0]LogConfig: Setting CVar [[r.MotionBlurQuality:4]]
[2024.02.27-14.41.01:357][  0]LogConfig: Setting CVar [[r.AmbientOcclusionMipLevelFactor:0.4]]
[2024.02.27-14.41.01:357][  0]LogConfig: Setting CVar [[r.AmbientOcclusionMaxQuality:100]]
[2024.02.27-14.41.01:357][  0]LogConfig: Setting CVar [[r.AmbientOcclusionLevels:-1]]
[2024.02.27-14.41.01:357][  0]LogConfig: Setting CVar [[r.AmbientOcclusionRadiusScale:1.0]]
[2024.02.27-14.41.01:357][  0]LogConfig: Setting CVar [[r.DepthOfFieldQuality:2]]
[2024.02.27-14.41.01:357][  0]LogConfig: Setting CVar [[r.RenderTargetPoolMin:400]]
[2024.02.27-14.41.01:357][  0]LogConfig: Setting CVar [[r.LensFlareQuality:2]]
[2024.02.27-14.41.01:357][  0]LogConfig: Setting CVar [[r.SceneColorFringeQuality:1]]
[2024.02.27-14.41.01:357][  0]LogConfig: Setting CVar [[r.EyeAdaptationQuality:2]]
[2024.02.27-14.41.01:357][  0]LogConfig: Setting CVar [[r.BloomQuality:5]]
[2024.02.27-14.41.01:357][  0]LogConfig: Setting CVar [[r.FastBlurThreshold:100]]
[2024.02.27-14.41.01:357][  0]LogConfig: Setting CVar [[r.Upscale.Quality:3]]
[2024.02.27-14.41.01:357][  0]LogConfig: Setting CVar [[r.Tonemapper.GrainQuantization:1]]
[2024.02.27-14.41.01:357][  0]LogConfig: Setting CVar [[r.LightShaftQuality:1]]
[2024.02.27-14.41.01:357][  0]LogConfig: Setting CVar [[r.Filter.SizeScale:1]]
[2024.02.27-14.41.01:357][  0]LogConfig: Setting CVar [[r.Tonemapper.Quality:5]]
[2024.02.27-14.41.01:357][  0]LogConfig: Setting CVar [[r.DOF.Gather.AccumulatorQuality:1        ; higher gathering accumulator quality]]
[2024.02.27-14.41.01:357][  0]LogConfig: Setting CVar [[r.DOF.Gather.PostfilterMethod:1          ; Median3x3 postfilering method]]
[2024.02.27-14.41.01:357][  0]LogConfig: Setting CVar [[r.DOF.Gather.EnableBokehSettings:0       ; no bokeh simulation when gathering]]
[2024.02.27-14.41.01:357][  0]LogConfig: Setting CVar [[r.DOF.Gather.RingCount:4                 ; medium number of samples when gathering]]
[2024.02.27-14.41.01:357][  0]LogConfig: Setting CVar [[r.DOF.Scatter.ForegroundCompositing:1    ; additive foreground scattering]]
[2024.02.27-14.41.01:357][  0]LogConfig: Setting CVar [[r.DOF.Scatter.BackgroundCompositing:2    ; additive background scattering]]
[2024.02.27-14.41.01:357][  0]LogConfig: Setting CVar [[r.DOF.Scatter.EnableBokehSettings:1      ; bokeh simulation when scattering]]
[2024.02.27-14.41.01:357][  0]LogConfig: Setting CVar [[r.DOF.Scatter.MaxSpriteRatio:0.1         ; only a maximum of 10% of scattered bokeh]]
[2024.02.27-14.41.01:357][  0]LogConfig: Setting CVar [[r.DOF.Recombine.Quality:1                ; cheap slight out of focus]]
[2024.02.27-14.41.01:357][  0]LogConfig: Setting CVar [[r.DOF.Recombine.EnableBokehSettings:0    ; no bokeh simulation on slight out of focus]]
[2024.02.27-14.41.01:357][  0]LogConfig: Setting CVar [[r.DOF.TemporalAAQuality:1                ; more stable temporal accumulation]]
[2024.02.27-14.41.01:357][  0]LogConfig: Setting CVar [[r.DOF.Kernel.MaxForegroundRadius:0.025]]
[2024.02.27-14.41.01:357][  0]LogConfig: Setting CVar [[r.DOF.Kernel.MaxBackgroundRadius:0.025]]
[2024.02.27-14.41.01:357][  0]LogConfig: Applying CVar settings from Section [TextureQuality@3] File [D:/UGit/NewProject/city/Saved/Config/Windows/Scalability.ini]
[2024.02.27-14.41.01:357][  0]LogConfig: Setting CVar [[r.Streaming.MipBias:0]]
[2024.02.27-14.41.01:357][  0]LogConfig: Setting CVar [[r.Streaming.AmortizeCPUToGPUCopy:0]]
[2024.02.27-14.41.01:357][  0]LogConfig: Setting CVar [[r.Streaming.MaxNumTexturesToStreamPerFrame:0]]
[2024.02.27-14.41.01:357][  0]LogConfig: Setting CVar [[r.Streaming.Boost:1]]
[2024.02.27-14.41.01:357][  0]LogConfig: Setting CVar [[r.MaxAnisotropy:8]]
[2024.02.27-14.41.01:357][  0]LogConfig: Setting CVar [[r.VT.MaxAnisotropy:8]]
[2024.02.27-14.41.01:358][  0]LogConfig: Setting CVar [[r.Streaming.LimitPoolSizeToVRAM:0]]
[2024.02.27-14.41.01:358][  0]LogConfig: Setting CVar [[r.Streaming.PoolSize:1000]]
[2024.02.27-14.41.01:358][  0]LogConfig: Setting CVar [[r.Streaming.MaxEffectiveScreenSize:0]]
[2024.02.27-14.41.01:358][  0]LogConfig: Applying CVar settings from Section [EffectsQuality@3] File [D:/UGit/NewProject/city/Saved/Config/Windows/Scalability.ini]
[2024.02.27-14.41.01:358][  0]LogConfig: Setting CVar [[r.TranslucencyLightingVolumeDim:64]]
[2024.02.27-14.41.01:358][  0]LogConfig: Setting CVar [[r.RefractionQuality:2]]
[2024.02.27-14.41.01:358][  0]LogConfig: Setting CVar [[r.SSR.Quality:3]]
[2024.02.27-14.41.01:358][  0]LogConfig: Setting CVar [[r.SSR.HalfResSceneColor:0]]
[2024.02.27-14.41.01:358][  0]LogConfig: Setting CVar [[r.SceneColorFormat:4]]
[2024.02.27-14.41.01:358][  0]LogConfig: Setting CVar [[r.DetailMode:2]]
[2024.02.27-14.41.01:358][  0]LogConfig: Setting CVar [[r.TranslucencyVolumeBlur:1]]
[2024.02.27-14.41.01:358][  0]LogConfig: Setting CVar [[r.MaterialQualityLevel:1 ; High quality]]
[2024.02.27-14.41.01:358][  0]LogConfig: Setting CVar [[r.AnisotropicMaterials:1]]
[2024.02.27-14.41.01:358][  0]LogConfig: Setting CVar [[r.SSS.Scale:1]]
[2024.02.27-14.41.01:358][  0]LogConfig: Setting CVar [[r.SSS.SampleSet:2]]
[2024.02.27-14.41.01:358][  0]LogConfig: Setting CVar [[r.SSS.Quality:1]]
[2024.02.27-14.41.01:358][  0]LogConfig: Setting CVar [[r.SSS.HalfRes:0]]
[2024.02.27-14.41.01:358][  0]LogConfig: Setting CVar [[r.SSGI.Quality:3]]
[2024.02.27-14.41.01:358][  0]LogConfig: Setting CVar [[r.EmitterSpawnRateScale:1.0]]
[2024.02.27-14.41.01:358][  0]LogConfig: Setting CVar [[r.ParticleLightQuality:2]]
[2024.02.27-14.41.01:358][  0]LogConfig: Setting CVar [[r.SkyAtmosphere.AerialPerspectiveLUT.FastApplyOnOpaque:1 ; Always have FastSkyLUT 1 in this case to avoid wrong sky]]
[2024.02.27-14.41.01:358][  0]LogConfig: Setting CVar [[r.SkyAtmosphere.AerialPerspectiveLUT.SampleCountMaxPerSlice:4]]
[2024.02.27-14.41.01:358][  0]LogConfig: Setting CVar [[r.SkyAtmosphere.AerialPerspectiveLUT.DepthResolution:16.0]]
[2024.02.27-14.41.01:358][  0]LogConfig: Setting CVar [[r.SkyAtmosphere.FastSkyLUT:1]]
[2024.02.27-14.41.01:358][  0]LogConfig: Setting CVar [[r.SkyAtmosphere.FastSkyLUT.SampleCountMin:4.0]]
[2024.02.27-14.41.01:358][  0]LogConfig: Setting CVar [[r.SkyAtmosphere.FastSkyLUT.SampleCountMax:128.0]]
[2024.02.27-14.41.01:358][  0]LogConfig: Setting CVar [[r.SkyAtmosphere.SampleCountMin:4.0]]
[2024.02.27-14.41.01:358][  0]LogConfig: Setting CVar [[r.SkyAtmosphere.SampleCountMax:128.0]]
[2024.02.27-14.41.01:358][  0]LogConfig: Setting CVar [[r.SkyAtmosphere.TransmittanceLUT.UseSmallFormat:0]]
[2024.02.27-14.41.01:358][  0]LogConfig: Setting CVar [[r.SkyAtmosphere.TransmittanceLUT.SampleCount:10.0]]
[2024.02.27-14.41.01:358][  0]LogConfig: Setting CVar [[r.SkyAtmosphere.MultiScatteringLUT.SampleCount:15.0]]
[2024.02.27-14.41.01:358][  0]LogConfig: Setting CVar [[r.SkyLight.RealTimeReflectionCapture:1]]
[2024.02.27-14.41.01:358][  0]LogConfig: Applying CVar settings from Section [FoliageQuality@3] File [D:/UGit/NewProject/city/Saved/Config/Windows/Scalability.ini]
[2024.02.27-14.41.01:358][  0]LogConfig: Setting CVar [[foliage.DensityScale:1.0]]
[2024.02.27-14.41.01:358][  0]LogConfig: Setting CVar [[grass.DensityScale:1.0]]
[2024.02.27-14.41.01:358][  0]LogConfig: Applying CVar settings from Section [ShadingQuality@3] File [D:/UGit/NewProject/city/Saved/Config/Windows/Scalability.ini]
[2024.02.27-14.41.01:358][  0]LogConfig: Setting CVar [[r.HairStrands.SkyLighting.IntegrationType:2]]
[2024.02.27-14.41.01:358][  0]LogConfig: Setting CVar [[r.HairStrands.SkyAO.SampleCount:4]]
[2024.02.27-14.41.01:358][  0]LogConfig: Setting CVar [[r.HairStrands.Visibility.MSAA.SamplePerPixel:4]]
[2024.02.27-14.41.01:358][  0]LogConfig: Applying CVar settings from Section [Startup] File [../../../Engine/Config/ConsoleVariables.ini]
[2024.02.27-14.41.01:358][  0]LogConfig: Setting CVar [[net.UseAdaptiveNetUpdateFrequency:0]]
[2024.02.27-14.41.01:358][  0]LogConfig: Setting CVar [[p.chaos.AllowCreatePhysxBodies:1]]
[2024.02.27-14.41.01:358][  0]LogConfig: Setting CVar [[fx.SkipVectorVMBackendOptimizations:1]]
[2024.02.27-14.41.01:358][  0]LogConfig: Applying CVar settings from Section [ConsoleVariables] File [D:/UGit/NewProject/city/Saved/Config/Windows/Engine.ini]
[2024.02.27-14.41.01:358][  0]LogConfig: Applying CVar settings from Section [ConsoleVariables] File [D:/UGit/NewProject/city/Saved/Config/Windows/Editor.ini]
[2024.02.27-14.41.01:358][  0]LogInit: Computer: LOCKIEKUAN-NBLB
[2024.02.27-14.41.01:358][  0]LogInit: User: 匡豪
[2024.02.27-14.41.01:358][  0]LogInit: CPU Page size=4096, Cores=14
[2024.02.27-14.41.01:358][  0]LogInit: High frequency timer resolution =10.000000 MHz
[2024.02.27-14.41.01:358][  0]LogMemory: Memory total: Physical=15.7GB (16GB approx)
[2024.02.27-14.41.01:358][  0]LogMemory: Platform Memory Stats for Windows
[2024.02.27-14.41.01:358][  0]LogMemory: Process Physical Memory: 150.02 MB used, 150.02 MB peak
[2024.02.27-14.41.01:358][  0]LogMemory: Process Virtual Memory: 122.68 MB used, 122.68 MB peak
[2024.02.27-14.41.01:358][  0]LogMemory: Physical Memory: 14530.96 MB used,  1520.30 MB free, 16051.26 MB total
[2024.02.27-14.41.01:358][  0]LogMemory: Virtual Memory: 134212000.00 MB used,  5724.24 MB free, 134217728.00 MB total
[2024.02.27-14.41.01:379][  0]LogWindows: WindowsPlatformFeatures enabled
[2024.02.27-14.41.01:660][  0]LogInit: Physics initialised using underlying interface: PhysX
[2024.02.27-14.41.01:660][  0]LogInit: Overriding language with editor language configuration option (zh-Hans).
[2024.02.27-14.41.01:660][  0]LogInit: Overriding language with editor locale configuration option (zh-Hans).
[2024.02.27-14.41.01:964][  0]LogTextLocalizationResource: LocRes '../../../Engine/Content/Localization/Editor/zh/Editor.locres' could not be opened for reading!
[2024.02.27-14.41.01:964][  0]LogTextLocalizationResource: LocRes '../../../Engine/Content/Localization/EditorTutorials/zh/EditorTutorials.locres' could not be opened for reading!
[2024.02.27-14.41.01:964][  0]LogTextLocalizationResource: LocRes '../../../Engine/Content/Localization/Keywords/zh/Keywords.locres' could not be opened for reading!
[2024.02.27-14.41.01:964][  0]LogTextLocalizationResource: LocRes '../../../Engine/Content/Localization/Category/zh/Category.locres' could not be opened for reading!
[2024.02.27-14.41.01:964][  0]LogTextLocalizationResource: LocRes '../../../Engine/Content/Localization/ToolTips/zh/ToolTips.locres' could not be opened for reading!
[2024.02.27-14.41.01:965][  0]LogTextLocalizationResource: LocRes '../../../Engine/Content/Localization/PropertyNames/zh/PropertyNames.locres' could not be opened for reading!
[2024.02.27-14.41.01:965][  0]LogTextLocalizationResource: LocRes '../../../Engine/Content/Localization/Engine/zh/Engine.locres' could not be opened for reading!
[2024.02.27-14.41.01:965][  0]LogTextLocalizationResource: LocRes '../../../Engine/Plugins/Online/OnlineSubsystem/Content/Localization/OnlineSubsystem/zh/OnlineSubsystem.locres' could not be opened for reading!
[2024.02.27-14.41.01:965][  0]LogTextLocalizationResource: LocRes '../../../Engine/Plugins/Online/OnlineSubsystemUtils/Content/Localization/OnlineSubsystemUtils/zh/OnlineSubsystemUtils.locres' could not be opened for reading!
[2024.02.27-14.41.01:965][  0]LogTextLocalizationResource: LocRes '../../../Engine/Plugins/Online/Android/OnlineSubsystemGooglePlay/Content/Localization/OnlineSubsystemGooglePlay/zh/OnlineSubsystemGooglePlay.locres' could not be opened for reading!
[2024.02.27-14.41.01:965][  0]LogTextLocalizationResource: LocRes '../../../Engine/Plugins/Online/IOS/OnlineSubsystemIOS/Content/Localization/OnlineSubsystemIOS/zh/OnlineSubsystemIOS.locres' could not be opened for reading!
[2024.02.27-14.41.02:017][  0]LogInit: Setting process to per monitor DPI aware
[2024.02.27-14.41.02:064][  0]LogWindowsTextInputMethodSystem: Display: IME system deactivated.
[2024.02.27-14.41.02:101][  0]LogSlate: New Slate User Created.  User Index 0, Is Virtual User: 0
[2024.02.27-14.41.02:101][  0]LogSlate: Slate User Registered.  User Index 0, Is Virtual User: 0
[2024.02.27-14.41.02:322][  0]LogD3D11RHI: Loaded GFSDK_Aftermath_Lib.x64.dll
[2024.02.27-14.41.02:391][  0]LogHMD: Failed to initialize OpenVR with code 110
[2024.02.27-14.41.02:391][  0]LogD3D11RHI: D3D11 min allowed feature level: 11_0
[2024.02.27-14.41.02:391][  0]LogD3D11RHI: D3D11 max allowed feature level: 11_0
[2024.02.27-14.41.02:391][  0]LogD3D11RHI: D3D11 adapters:
[2024.02.27-14.41.03:266][  0]LogD3D11RHI:    0. 'NVIDIA GeForce RTX 3070 Ti Laptop GPU' (Feature Level 11_0)
[2024.02.27-14.41.03:266][  0]LogD3D11RHI:       8032/0/8025 MB DedicatedVideo/DedicatedSystem/SharedSystem, Outputs:1, VendorId:0x10de
[2024.02.27-14.41.03:971][  0]LogD3D11RHI:    1. 'Intel(R) Iris(R) Xe Graphics' (Feature Level 11_0)
[2024.02.27-14.41.03:971][  0]LogD3D11RHI:       128/0/8025 MB DedicatedVideo/DedicatedSystem/SharedSystem, Outputs:0, VendorId:0x8086
[2024.02.27-14.41.04:015][  0]LogD3D11RHI:    2. 'Microsoft Basic Render Driver' (Feature Level 11_0)
[2024.02.27-14.41.04:015][  0]LogD3D11RHI:       0/0/8025 MB DedicatedVideo/DedicatedSystem/SharedSystem, Outputs:0, VendorId:0x1414
[2024.02.27-14.41.04:066][  0]LogD3D11RHI:    3. 'Intel(R) Iris(R) Xe Graphics' (Feature Level 11_0)
[2024.02.27-14.41.04:066][  0]LogD3D11RHI:       128/0/8025 MB DedicatedVideo/DedicatedSystem/SharedSystem, Outputs:0, VendorId:0x8086
[2024.02.27-14.41.04:066][  0]LogD3D11RHI: Chosen D3D11 Adapter:
[2024.02.27-14.41.04:066][  0]LogD3D11RHI:     Description : NVIDIA GeForce RTX 3070 Ti Laptop GPU
[2024.02.27-14.41.04:066][  0]LogD3D11RHI:     VendorId    : 10de
[2024.02.27-14.41.04:066][  0]LogD3D11RHI:     DeviceId    : 24a0
[2024.02.27-14.41.04:066][  0]LogD3D11RHI:     SubSysId    : 8a17103c
[2024.02.27-14.41.04:066][  0]LogD3D11RHI:     Revision    : 00a1
[2024.02.27-14.41.04:066][  0]LogD3D11RHI:     DedicatedVideoMemory : 8422162432 bytes
[2024.02.27-14.41.04:066][  0]LogD3D11RHI:     DedicatedSystemMemory : 0 bytes
[2024.02.27-14.41.04:066][  0]LogD3D11RHI:     SharedSystemMemory : 8415483904 bytes
[2024.02.27-14.41.04:066][  0]LogD3D11RHI:     AdapterLuid : 0 111243
[2024.02.27-14.41.04:074][  0]LogD3D11RHI: Creating new Direct3DDevice
[2024.02.27-14.41.04:075][  0]LogD3D11RHI:     GPU DeviceId: 0x24a0 (for the marketing name, search the web for "GPU Device Id")
[2024.02.27-14.41.04:075][  0]LogWindows: EnumDisplayDevices:
[2024.02.27-14.41.04:075][  0]LogWindows:    0. 'Intel(R) Iris(R) Xe Graphics' (P:1 D:1)
[2024.02.27-14.41.04:075][  0]LogWindows:    1. 'Intel(R) Iris(R) Xe Graphics' (P:0 D:0)
[2024.02.27-14.41.04:076][  0]LogWindows:    2. 'Intel(R) Iris(R) Xe Graphics' (P:0 D:0)
[2024.02.27-14.41.04:076][  0]LogWindows:    3. 'Intel(R) Iris(R) Xe Graphics' (P:0 D:0)
[2024.02.27-14.41.04:076][  0]LogWindows:    4. 'NVIDIA GeForce RTX 3070 Ti Laptop GPU' (P:0 D:0)
[2024.02.27-14.41.04:077][  0]LogWindows:    5. 'NVIDIA GeForce RTX 3070 Ti Laptop GPU' (P:0 D:0)
[2024.02.27-14.41.04:077][  0]LogWindows:    6. 'NVIDIA GeForce RTX 3070 Ti Laptop GPU' (P:0 D:0)
[2024.02.27-14.41.04:078][  0]LogWindows:    7. 'NVIDIA GeForce RTX 3070 Ti Laptop GPU' (P:0 D:0)
[2024.02.27-14.41.04:078][  0]LogWindows:    8. 'OrayIddDriver Device' (P:0 D:0)
[2024.02.27-14.41.04:078][  0]LogWindows:    9. 'OrayIddDriver Device' (P:0 D:0)
[2024.02.27-14.41.04:079][  0]LogWindows:    10. 'OrayIddDriver Device' (P:0 D:0)
[2024.02.27-14.41.04:079][  0]LogWindows:    11. 'OrayIddDriver Device' (P:0 D:0)
[2024.02.27-14.41.04:079][  0]LogWindows:    12. 'OrayIddDriver Device' (P:0 D:0)
[2024.02.27-14.41.04:080][  0]LogWindows: DebugString: PrimaryIsNotTheChoosenAdapter PrimaryIsNotTheChoosenAdapter PrimaryIsNotTheChoosenAdapter PrimaryIsNotTheChoosenAdapter GetVideoDriverDetailsInvalid PrimaryIsNotTheChoosenAdapter GetVideoDriverDetailsInvalid PrimaryIsNotTheChoosenAdapter GetVideoDriverDetailsInvalid PrimaryIsNotTheChoosenAdapter GetVideoDriverDetailsInvalid PrimaryIsNotTheChoosenAdapter GetVideoDriverDetailsInvalid PrimaryIsNotTheChoosenAdapter FoundDriverCount:4 
[2024.02.27-14.41.04:080][  0]LogD3D11RHI:     Adapter Name: NVIDIA GeForce RTX 3070 Ti Laptop GPU
[2024.02.27-14.41.04:080][  0]LogD3D11RHI:   Driver Version: 546.26 (internal:31.0.15.4626, unified:546.26)
[2024.02.27-14.41.04:080][  0]LogD3D11RHI:      Driver Date: 11-21-2023
[2024.02.27-14.41.04:080][  0]LogRHI: Texture pool is 5622 MB (70% of 8032 MB)
[2024.02.27-14.41.04:080][  0]LogD3D11RHI: Creating D3DDevice using adapter:
[2024.02.27-14.41.04:080][  0]LogD3D11RHI:     Description : NVIDIA GeForce RTX 3070 Ti Laptop GPU
[2024.02.27-14.41.04:080][  0]LogD3D11RHI:     VendorId    : 10de
[2024.02.27-14.41.04:080][  0]LogD3D11RHI:     DeviceId    : 24a0
[2024.02.27-14.41.04:080][  0]LogD3D11RHI:     SubSysId    : 8a17103c
[2024.02.27-14.41.04:080][  0]LogD3D11RHI:     Revision    : 00a1
[2024.02.27-14.41.04:080][  0]LogD3D11RHI:     DedicatedVideoMemory : 8422162432 bytes
[2024.02.27-14.41.04:080][  0]LogD3D11RHI:     DedicatedSystemMemory : 0 bytes
[2024.02.27-14.41.04:080][  0]LogD3D11RHI:     SharedSystemMemory : 8415483904 bytes
[2024.02.27-14.41.04:080][  0]LogD3D11RHI:     AdapterLuid : 0 111243
[2024.02.27-14.41.04:168][  0]LogD3D11RHI: RHI has support for 64 bit atomics
[2024.02.27-14.41.04:168][  0]LogD3D11RHI: Async texture creation enabled
[2024.02.27-14.41.04:168][  0]LogD3D11RHI: Array index from any shader is supported
[2024.02.27-14.41.04:194][  0]LogD3D11RHI: GPU Timing Frequency: 1000.000000 (Debug: 2 2)
[2024.02.27-14.41.04:276][  0]LogRHI: GeForceNow SDK initialized: 1
[2024.02.27-14.41.05:434][  0]LogTargetPlatformManager: Display: Loaded TargetPlatform 'AllDesktop'
[2024.02.27-14.41.05:469][  0]LogTargetPlatformManager: Display: Loaded TargetPlatform 'Android'
[2024.02.27-14.41.05:471][  0]LogTargetPlatformManager: Display: Loaded TargetPlatform 'Android_ASTC'
[2024.02.27-14.41.05:471][  0]LogTargetPlatformManager: Display: Loaded TargetPlatform 'Android_DXT'
[2024.02.27-14.41.05:471][  0]LogTargetPlatformManager: Display: Loaded TargetPlatform 'Android_ETC2'
[2024.02.27-14.41.05:471][  0]LogTargetPlatformManager: Display: Loaded TargetPlatform 'AndroidClient'
[2024.02.27-14.41.05:471][  0]LogTargetPlatformManager: Display: Loaded TargetPlatform 'Android_ASTCClient'
[2024.02.27-14.41.05:471][  0]LogTargetPlatformManager: Display: Loaded TargetPlatform 'Android_DXTClient'
[2024.02.27-14.41.05:471][  0]LogTargetPlatformManager: Display: Loaded TargetPlatform 'Android_ETC2Client'
[2024.02.27-14.41.05:471][  0]LogTargetPlatformManager: Display: Loaded TargetPlatform 'Android_Multi'
[2024.02.27-14.41.05:471][  0]LogTargetPlatformManager: Display: Loaded TargetPlatform 'Android_MultiClient'
[2024.02.27-14.41.05:509][  0]LogTargetPlatformManager: Display: Loaded TargetPlatform 'IOSClient'
[2024.02.27-14.41.05:509][  0]LogTargetPlatformManager: Display: Loaded TargetPlatform 'IOS'
[2024.02.27-14.41.05:525][  0]LogTargetPlatformManager: Display: Loaded TargetPlatform 'Linux'
[2024.02.27-14.41.05:536][  0]LogTargetPlatformManager: Display: Loaded TargetPlatform 'LinuxNoEditor'
[2024.02.27-14.41.05:546][  0]LogTargetPlatformManager: Display: Loaded TargetPlatform 'LinuxClient'
[2024.02.27-14.41.05:556][  0]LogTargetPlatformManager: Display: Loaded TargetPlatform 'LinuxServer'
[2024.02.27-14.41.05:571][  0]LogTargetPlatformManager: Display: Loaded TargetPlatform 'LinuxAArch64NoEditor'
[2024.02.27-14.41.05:581][  0]LogTargetPlatformManager: Display: Loaded TargetPlatform 'LinuxAArch64Client'
[2024.02.27-14.41.05:591][  0]LogTargetPlatformManager: Display: Loaded TargetPlatform 'LinuxAArch64Server'
[2024.02.27-14.41.05:619][  0]LogTargetPlatformManager: Display: Loaded TargetPlatform 'Lumin'
[2024.02.27-14.41.05:619][  0]LogTargetPlatformManager: Display: Loaded TargetPlatform 'LuminClient'
[2024.02.27-14.41.05:632][  0]LogTargetPlatformManager: Display: Loaded TargetPlatform 'MacNoEditor'
[2024.02.27-14.41.05:644][  0]LogTargetPlatformManager: Display: Loaded TargetPlatform 'Mac'
[2024.02.27-14.41.05:656][  0]LogTargetPlatformManager: Display: Loaded TargetPlatform 'MacClient'
[2024.02.27-14.41.05:668][  0]LogTargetPlatformManager: Display: Loaded TargetPlatform 'MacServer'
[2024.02.27-14.41.05:685][  0]LogTargetPlatformManager: Display: Loaded TargetPlatform 'TVOSClient'
[2024.02.27-14.41.05:685][  0]LogTargetPlatformManager: Display: Loaded TargetPlatform 'TVOS'
[2024.02.27-14.41.05:703][  0]LogTargetPlatformManager: Display: Loaded TargetPlatform 'WindowsNoEditor'
[2024.02.27-14.41.05:715][  0]LogTargetPlatformManager: Display: Loaded TargetPlatform 'Windows'
[2024.02.27-14.41.05:727][  0]LogTargetPlatformManager: Display: Loaded TargetPlatform 'WindowsClient'
[2024.02.27-14.41.05:739][  0]LogTargetPlatformManager: Display: Loaded TargetPlatform 'WindowsServer'
[2024.02.27-14.41.05:739][  0]LogTargetPlatformManager: Display: Building Assets For Windows
[2024.02.27-14.41.05:779][  0]LogAudioDebug: Display: Lib vorbis DLL was dynamically loaded.
[2024.02.27-14.41.05:916][  0]LogTextureFormatOodle: Display: Oodle Texture 2.9.0 init RDO Off
[2024.02.27-14.41.06:213][  0]LogRendererCore: Ray tracing is disabled. Reason: r.RayTracing=0.
[2024.02.27-14.41.06:213][  0]LogShaderCompilers: Guid format shader working directory is 10 characters bigger than the processId version (../../../../UGit/NewProject/city/Intermediate/Shaders/WorkingDirectory/22908/).
[2024.02.27-14.41.06:213][  0]LogShaderCompilers: Cleaned the shader compiler working directory 'C:/Users/匡豪/AppData/Local/Temp/UnrealShaderWorkingDir/4120F46C45CDE0A5EFA305A70D7B22E0/'.
[2024.02.27-14.41.06:213][  0]LogXGEController: Cannot use XGE Controller as Incredibuild is not installed on this machine.
[2024.02.27-14.41.06:213][  0]LogShaderCompilers: Cannot use XGE Shader Compiler as Incredibuild is not installed on this machine.
[2024.02.27-14.41.06:213][  0]LogShaderCompilers: Display: Using Local Shader Compiler.
[2024.02.27-14.41.06:931][  0]LogDerivedDataCache: Display: Max Cache Size: 512 MB
[2024.02.27-14.41.07:023][  0]LogDerivedDataCache: Loaded boot cache 0.09s 94MB C:/Users/匡豪/AppData/Local/UnrealEngine/4.27/DerivedDataCache/Boot.ddc.
[2024.02.27-14.41.07:023][  0]LogDerivedDataCache: Display: Loaded Boot cache: C:/Users/匡豪/AppData/Local/UnrealEngine/4.27/DerivedDataCache/Boot.ddc
[2024.02.27-14.41.07:024][  0]LogDerivedDataCache: FDerivedDataBackendGraph:  Pak pak cache file ../../../../UGit/NewProject/city/DerivedDataCache/DDC.ddp not found, will not use a pak cache.
[2024.02.27-14.41.07:024][  0]LogDerivedDataCache: Unable to find inner node Pak for hierarchical cache Hierarchy.
[2024.02.27-14.41.07:024][  0]LogDerivedDataCache: FDerivedDataBackendGraph:  CompressedPak pak cache file ../../../../UGit/NewProject/city/DerivedDataCache/Compressed.ddp not found, will not use a pak cache.
[2024.02.27-14.41.07:024][  0]LogDerivedDataCache: Unable to find inner node CompressedPak for hierarchical cache Hierarchy.
[2024.02.27-14.41.07:039][  0]LogDerivedDataCache: Display: Pak cache opened for reading ../../../Engine/DerivedDataCache/Compressed.ddp.
[2024.02.27-14.41.07:039][  0]LogDerivedDataCache: FDerivedDataBackendGraph:  EnterprisePak pak cache file ../../../Enterprise/DerivedDataCache/Compressed.ddp not found, will not use a pak cache.
[2024.02.27-14.41.07:039][  0]LogDerivedDataCache: Unable to find inner node EnterprisePak for hierarchical cache Hierarchy.
[2024.02.27-14.41.07:054][  0]LogDerivedDataCache: Speed tests for C:/Users/匡豪/AppData/Local/UnrealEngine/Common/DerivedDataCache took 0.01 seconds
[2024.02.27-14.41.07:054][  0]LogDerivedDataCache: Display: Performance to C:/Users/匡豪/AppData/Local/UnrealEngine/Common/DerivedDataCache: Latency=0.03ms. RandomReadSpeed=160.66MBs, RandomWriteSpeed=119.19MBs. Assigned SpeedClass 'Local'
[2024.02.27-14.41.07:055][  0]LogDerivedDataCache: Using Local data cache path C:/Users/匡豪/AppData/Local/UnrealEngine/Common/DerivedDataCache: Writable
[2024.02.27-14.41.07:055][  0]LogDerivedDataCache: Shared data cache path not found in *engine.ini, will not use an Shared cache.
[2024.02.27-14.41.07:055][  0]LogDerivedDataCache: Unable to find inner node Shared for hierarchical cache Hierarchy.
[2024.02.27-14.41.07:090][  0]LogSlate: Using FreeType 2.10.0
[2024.02.27-14.41.07:092][  0]LogSlate: SlateFontServices - WITH_FREETYPE: 1, WITH_HARFBUZZ: 1
[2024.02.27-14.41.07:131][  0]LogAssetRegistry: FAssetRegistry took 0.0026 seconds to start up
[2024.02.27-14.41.07:327][  0]LogInit: Selected Device Profile: [Windows]
[2024.02.27-14.41.07:327][  0]LogInit: Active device profile: [000001CFCFA9D400][000001CFC79C0740 49] Windows
[2024.02.27-14.41.07:327][  0]LogInit: Profiles: [000001CFCFA9D400][000001CFC79C0740 49] Windows, [000001CFCF91FF00][000001CFC79CC8C0 49] WindowsNoEditor, [000001CFCF9B6C00][000001CFC79D0A40 49] WindowsServer, [000001CFCF91EC00][000001CFB488ABC0 49] WindowsClient, [000001CFCF9B4700][000001CFB488ED40 49] IOS, [000001CFCF91DF00][000001CFB4892EC0 49] iPadAir, [000001CFCF9B5400][000001CFB4897040 49] iPadAir2, [000001CFCF8E8B00][000001CFCF729300 49] IPadPro, [000001CFCF8E8C00][000001CFB489B340 49] iPadAir3, [000001CFCF91E700][000001CFCF72D4C0 49] iPadAir4, [000001CFCF8E9C00][000001CFCF731640 49] iPadMini2, [000001CFCF91F400][000001CFCF7357C0 49] iPadMini3, [000001CFCF8E8F00][000001CFCF739940 49] iPadMini4, [000001CFCF91C300][000001CFCF73DAC0 49] iPadMini5, [000001CFCFA9CE00][000001CFCF744200 49] iPhone6, [000001CFCFA9CF00][000001CFCF740240 49] iPodTouch6, [000001CFCF9B6500][000001CFCF74C500 49] iPhone7, [000001CFCF9B6A00][000001CFCF748540 49] iPodTouch7, [000001CFCF8EB800][000001CFC79C8680 49] iPhone5S, [000001CFCF9B5600][000001CFCF7507C0 49] iPhone6Plus, [000001CFCF8EAA00][000001CFCF754900 49] iPhone6S, [000001CFCF9B6800][000001CFCF75CA80 49] iPhone6SPlus, [000001CFCF8E8900][000001CFCF760C00 49] iPhone7Plus, [000001CFCF9B7C00][000001CFCF764D80 49] iPhoneSE, [000001CFCF8E9500][000001CFCF768F00 49] iPhone8, [000001CFCF9B7300][000001CFCF76D080 49] iPhone8Plus, [000001CFCF8EA100][000001CFD0837200 49] iPhoneX, [000001CFCFA9D300][000001CFD083B380 49] iPhoneXS, [000001CFCF8EAD00][000001CFD083F500 49] iPhoneXSMax, [000001CFCFA9D800][000001CFD0843680 49] iPhoneXR, [000001CFCF8E8100][000001CFD0847800 49] iPhone11, [000001CFCFA9E200][000001CFD084B980 49] iPhone11Pro, [000001CFCF8EB000][000001CFD084FB00 49] iPhone11ProMax, [000001CFCFA9C900][000001CFD0852100 49] iPhoneSE2, [000001CFCF8E9400][000001CFD0856280 49] iPhone12Mini, [000001CFCFA9DD00][000001CFD085A400 49] iPhone12, [000001CFCF8E8A00][000001CFD085E580 49] iPhone12Pro, [000001CFCFA9E500][000001CFD0862700 49] iPhone12ProMax, [000001CFCF8E9800][000001CFCF758840 49] iPadPro105, [000001CFCFA9C600][000001CFD0866980 49] iPadPro129, [000001CFCF8E8300][000001CFD086AAC0 49] iPadPro97, [000001CFCFA9E300][000001CFD0872C40 49] iPadPro2_129, [000001CFCF8EB300][000001CFD0876DC0 49] iPad5, [000001CFCFA9D000][000001CFD087AF40 49] iPad6, [000001CFCF8E9E00][000001CFD087F0C0 49] iPad7, [000001CFCFA9CB00][000001CFD0883240 49] iPad8, [000001CFCF8EB600][000001CFD08873C0 49] iPadPro11, [000001CFCFA9CC00][000001CFD088B540 49] iPadPro2_11, [000001CFCF8E8200][000001CFD088F6C0 49] iPadPro3_129, [000001CFCFA9EA00][000001CFD0893840 49] iPadPro4_129, [000001CFCF8EAB00][000001CFD08979C0 49] AppleTV, [000001CFCFA9D600][000001CFD089BB40 49] AppleTV4K, [000001CFCF8E8500][000001CFD089E140 49] TVOS, [000001CFCFA9EB00][000001CFD08A22C0 49] Mac, [000001CFCF8E8400][000001CFD08A6440 49] MacClient, [000001CFCFA9C400][000001CFD08AA5C0 49] MacNoEditor, [000001CFCF8EB900][000001CFD08AE740 49] MacServer, [000001CFCFA9DC00][000001CFD08B28C0 49] Linux, [000001CFCF8E9F00][000001CFD086EA00 49] LinuxAArch64, [000001CFCFA9E400][000001CFD08B6B40 49] LinuxNoEditor, [000001CFCF8EA400][000001CFD08BAC80 49] LinuxAArch64NoEditor, [000001CFCFA9E000][000001CFD08BEDC0 49] LinuxClient, [000001CFCF8E9B00][000001CFD08C6F40 49] LinuxAArch64Client, [000001CFCFA9CA00][000001CFD08CB0C0 49] LinuxServer, [000001CFCF8E9100][000001CFD08CF240 49] LinuxAArch64Server, [000001CFCFA9E100][000001CFD08D33C0 49] Android, [000001CFCF91F000][000001CFD08D7540 49] Android_Low, [000001CFCF9B4400][000001CFD08DB6C0 49] Android_Mid, [000001CFCF91C700][000001CFD08DF840 49] Android_High, [000001CFCF9B7900][000001CFD08E39C0 49] Android_Default, [000001CFCF91F100][000001CFD08E7B40 49] Android_Adreno4xx, [000001CFCF9B4100][000001CFD08EA140 49] Android_Adreno5xx_Low, [000001CFCF91C400][000001CFD08EE2C0 49] Android_Adreno5xx, [000001CFCF9B5D00][000001CFD08F2440 49] Android_Adreno6xx, [000001CFCF91D900][000001CFD08F65C0 49] Android_Adreno6xx_Vulkan, [000001CFCF9B6200][000001CFD08FA740 49] Android_Mali_T6xx, [000001CFCF91E000][000001CFD08FE8C0 49] Android_Mali_T7xx, [000001CFCF9B5500][000001CFD0902A40 49] Android_Mali_T8xx, [000001CFCF91CB00][000001CFD08C2B80 49] Android_Mali_G71, [000001CFCF9B5F00][000001CFD0906CC0 49] Android_Mali_G72, [000001CFCF91EF00][000001CFD090AE00 49] Android_Mali_G72_Vulkan, [000001CFCF9B5B00][000001CFD090EF40 49] Android_Mali_G76, [000001CFCF91E200][000001CFD09170C0 49] Android_Mali_G76_Vulkan, [000001CFCF9B5800][000001CFD091B240 49] Android_Mali_G77, [000001CFCF91F700][000001CFD091F3C0 49] Android_Mali_G77_Vulkan, [000001CFCF9B4F00][000001CFD0923540 49] Android_Mali_G78, [000001CFCF91FA00][000001CFD09276C0 49] Android_Mali_G78_Vulkan, [000001CFCF9B4200][000001CFD092B840 49] Android_Mali_G710, [000001CFCF91CA00][000001CFD092F9C0 49] Android_Mali_G710_Vulkan, [000001CFCF9B4900][000001CFD0933B40 49] Android_Vulkan_SM5, [000001CFCF91E800][000001CFD0936140 49] Android_PowerVR_G6xxx, [000001CFCF9B7100][000001CFD093A2C0 49] Android_PowerVR_GT7xxx, [000001CFCF91DE00][000001CFD093E440 49] Android_PowerVR_GE8xxx, [000001CFCF9B6B00][000001CFD09425C0 49] Android_PowerVR_GM9xxx, [000001CFCF91CE00][000001CFD0946740 49] Android_PowerVR_GM9xxx_Vulkan, [000001CFCF9B4A00][000001CFD094A8C0 49] Android_TegraK1, [000001CFCF91D300][000001CFD094EA40 49] Android_Unknown_Vulkan, [000001CFCF9B7B00][000001CFD0952BC0 49] Lumin, [000001CFCF91FB00][000001CFD0956D40 49] Lumin_Desktop, [000001CFCF9B7000][000001CFD0912E80 49] HoloLens, 
[2024.02.27-14.41.07:651][  0]LogMeshReduction: Using QuadricMeshReduction for automatic static mesh reduction
[2024.02.27-14.41.07:652][  0]LogMeshReduction: Using SimplygonMeshReduction for automatic skeletal mesh reduction
[2024.02.27-14.41.07:652][  0]LogMeshReduction: Using ProxyLODMeshReduction for automatic mesh merging
[2024.02.27-14.41.07:652][  0]LogMeshReduction: No distributed automatic mesh merging module available
[2024.02.27-14.41.07:652][  0]LogMeshMerging: No distributed automatic mesh merging module available
[2024.02.27-14.41.07:674][  0]LogNetVersion: city 1.0.0, NetCL: 17155196, EngineNetVer: 17, GameNetVer: 0 (Checksum: 806950221)
[2024.02.27-14.41.08:065][  0]LogTexture: Default maximum texture size for cubemaps generated from long-lat sources has been changed from 512 to unlimited. In order to preserve old behaiour for '/Engine/MapTemplates/Sky/DaylightAmbientCubemap.DaylightAmbientCubemap', its maximum texture size has been explicitly set to 512.
[2024.02.27-14.41.08:124][  0]LogHMD: PokeAHoleMaterial loaded successfully
[2024.02.27-14.41.08:129][  0]LogUObjectArray: 17178 objects as part of root set at end of initial load.
[2024.02.27-14.41.08:129][  0]LogUObjectAllocator: 4302048 out of 0 bytes used by permanent object pool.
[2024.02.27-14.41.08:129][  0]LogUObjectArray: CloseDisregardForGC: 0/0 objects in disregard for GC pool
[2024.02.27-14.41.08:952][  0]LogPython: Using Python 3.7.7
[2024.02.27-14.41.09:435][  0]LogVaRest: FVaRestModule::StartupModule(28): VaRest (1.1.33) module started
[2024.02.27-14.41.09:471][  0]LogTcpMessaging: Initializing TcpMessaging bridge
[2024.02.27-14.41.09:480][  0]LogUdpMessaging: Initializing bridge on interface 0.0.0.0:0 to multicast group 230.0.0.1:6666.
[2024.02.27-14.41.09:655][  0]LogNiagaraDebuggerClient: Niagara Debugger Client Initialized | Session: 9E41979B4A40D68DB88DD4996DB8E719 | Instance: DF81C2514A504537600FB987DBE5502C (LOCKIEKUAN-NBLB-22908).
[2024.02.27-14.41.10:667][  0]LogOpenImageDenoise: OIDN starting up
[2024.02.27-14.41.10:754][  0]LogAndroidPermission: UAndroidPermissionCallbackProxy::GetInstance
[2024.02.27-14.41.10:801][  0]LogAudioCaptureCore: Display: No Audio Capture implementations found. Audio input will be silent.
[2024.02.27-14.41.10:801][  0]LogAudioCaptureCore: Display: No Audio Capture implementations found. Audio input will be silent.
[2024.02.27-14.41.11:040][  0]SourceControl: 源码管理已禁用
[2024.02.27-14.41.11:040][  0]SourceControl: 源码管理已禁用
[2024.02.27-14.41.11:097][  0]SourceControl: 源码管理已禁用
[2024.02.27-14.41.11:131][  0]SourceControl: 源码管理已禁用
[2024.02.27-14.41.11:149][  0]SourceControl: 源码管理已禁用
[2024.02.27-14.41.11:157][  0]LogUProjectInfo: Found projects:
[2024.02.27-14.41.11:195][  0]LogCollectionManager: Loaded 0 collections in 0.000531 seconds
[2024.02.27-14.41.11:236][  0]LogFileCache: Scanning file cache for directory 'D:/UGit/NewProject/city/Saved/Collections/' took 0.00s
[2024.02.27-14.41.11:237][  0]LogFileCache: Scanning file cache for directory 'D:/UGit/NewProject/city/Content/Developers/匡豪/Collections/' took 0.00s
[2024.02.27-14.41.11:237][  0]LogFileCache: Scanning file cache for directory 'D:/UGit/NewProject/city/Content/Collections/' took 0.00s
[2024.02.27-14.41.11:237][  0]LogOcInput: OculusInput pre-init called
[2024.02.27-14.41.11:496][  0]LogClass: Display: EnumProperty FVaRest_NamedType::Type is not initialized properly. Module:VaRestEditor File:Public/VaRest_BreakJson.h
[2024.02.27-14.41.11:496][  0]LogClass: Display: BoolProperty FVaRest_NamedType::bIsArray is not initialized properly. Module:VaRestEditor File:Public/VaRest_BreakJson.h
[2024.02.27-14.41.11:496][  0]LogClass: Display: 2 Uninitialized script struct members found including 0 object properties
[2024.02.27-14.41.11:497][  0]LogEngine: Initializing Engine...
[2024.02.27-14.41.11:498][  0]LogVaRest: UVaRestSubsystem::Initialize(24): VaRest subsystem initialized
[2024.02.27-14.41.11:506][  0]LogHMD: Failed to enumerate extensions. Please check that you have a valid OpenXR runtime installed.
[2024.02.27-14.41.11:506][  0]LogHMD: Failed to initialize OpenVR with code 110
[2024.02.27-14.41.11:506][  0]LogMagicLeap: Warning: VR disabled because ZI is not enabled.  To enable, in the editor, Edit -> Project Settings -> Plugins -> Magic Leap Plugin -> Enable Zero Iteration
[2024.02.27-14.41.11:507][  0]LogStats: UGameplayTagsManager::InitializeManager -  0.000 s
[2024.02.27-14.41.11:635][  0]LogInit: Initializing FReadOnlyCVARCache
[2024.02.27-14.41.11:653][  0]LogAIModule: Creating AISystem for world Untitled
[2024.02.27-14.41.11:676][  0]LogAudio: Display: Initializing Audio Device Manager...
[2024.02.27-14.41.11:686][  0]LogAudio: Display: Loading Default Audio Settings Objects...
[2024.02.27-14.41.11:687][  0]LogAudio: Display: No default SoundConcurrencyObject specified (or failed to load).
[2024.02.27-14.41.11:688][  0]LogAudio: Display: Audio Device Manager Initialized
[2024.02.27-14.41.11:688][  0]LogAudio: Display: Creating Audio Device:                 Id: 1, Scope: Shared, Realtime: True
[2024.02.27-14.41.11:688][  0]LogAudioMixer: Display: Audio Mixer Platform Settings:
[2024.02.27-14.41.11:688][  0]LogAudioMixer: Display: 	Sample Rate:						  48000
[2024.02.27-14.41.11:688][  0]LogAudioMixer: Display: 	Callback Buffer Frame Size Requested: 1024
[2024.02.27-14.41.11:688][  0]LogAudioMixer: Display: 	Callback Buffer Frame Size To Use:	  1024
[2024.02.27-14.41.11:688][  0]LogAudioMixer: Display: 	Number of buffers to queue:			  2
[2024.02.27-14.41.11:688][  0]LogAudioMixer: Display: 	Max Channels (voices):				  32
[2024.02.27-14.41.11:688][  0]LogAudioMixer: Display: 	Number of Async Source Workers:		  0
[2024.02.27-14.41.11:688][  0]LogAudio: Display: AudioDevice MaxSources: 32
[2024.02.27-14.41.11:688][  0]LogAudio: Display: Audio Spatialization Plugin: None (built-in).
[2024.02.27-14.41.11:688][  0]LogAudio: Display: Audio Reverb Plugin: None (built-in).
[2024.02.27-14.41.11:688][  0]LogAudio: Display: Audio Occlusion Plugin: None (built-in).
[2024.02.27-14.41.11:688][  0]LogAudioMixer: Display: Initializing audio mixer.
[2024.02.27-14.41.11:734][  0]LogAudioMixer: Display: 0: FrontLeft
[2024.02.27-14.41.11:734][  0]LogAudioMixer: Display: 1: FrontRight
[2024.02.27-14.41.12:387][  0]LogAudioMixer: Display: Using Audio Device Speaker (Realtek(R) Audio)
[2024.02.27-14.41.12:389][  0]LogAudioMixer: Display: Initializing Sound Submixes...
[2024.02.27-14.41.12:391][  0]LogAudioMixer: Display: Creating Master Submix 'MasterSubmixDefault'
[2024.02.27-14.41.12:391][  0]LogAudioMixer: Display: Creating Master Submix 'MasterReverbSubmixDefault'
[2024.02.27-14.41.12:392][  0]LogAudioMixer: Display: Creating Master Submix 'MasterEQSubmixDefault'
[2024.02.27-14.41.12:392][  0]LogAudioMixer: FMixerPlatformXAudio2::StartAudioStream() called
[2024.02.27-14.41.12:392][  0]LogAudioMixer: Display: Output buffers initialized: Frames=1024, Channels=2, Samples=2048
[2024.02.27-14.41.12:394][  0]LogAudioMixer: Display: Starting AudioMixerPlatformInterface::RunInternal()
[2024.02.27-14.41.12:394][  0]LogAudioMixer: Display: FMixerPlatformXAudio2::SubmitBuffer() called for the first time
[2024.02.27-14.41.12:394][  0]LogInit: FAudioDevice initialized.
[2024.02.27-14.41.12:394][  0]LogAudio: Display: Audio Device (ID: 1) registered with world 'Untitled'.
[2024.02.27-14.41.12:395][  0]LogNetVersion: Set ProjectVersion to 1.0.0.0. Version Checksum will be recalculated on next use.
[2024.02.27-14.41.12:450][  0]LogDerivedDataCache: Saved boot cache 0.06s 94MB C:/Users/匡豪/AppData/Local/UnrealEngine/4.27/DerivedDataCache/Boot.ddc.
[2024.02.27-14.41.12:450][  0]LogInit: Texture streaming: Enabled
[2024.02.27-14.41.12:478][  0]LogAnalytics: Display: [UEEditor.Rocket.Release] APIServer = https://datarouter.ol.epicgames.com/. AppVersion = 4.27.2-18319896+++UE4+Release-4.27
[2024.02.27-14.41.12:488][  0]LogEngineSessionManager: EngineSessionManager initialized
[2024.02.27-14.41.12:488][  0]LogEditorSessionSummary: Verbose: Initializing EditorSessionSummaryWriter for editor session tracking
[2024.02.27-14.41.12:493][  0]LogEditorSessionSummary: EditorSessionSummaryWriter initialized
[2024.02.27-14.41.12:534][  0]LogInit: Transaction tracking system initialized
[2024.02.27-14.41.12:591][  0]BlueprintLog: New page: 编辑器加载
[2024.02.27-14.41.12:774][  0]LocalizationService: 本地化服务已禁用
[2024.02.27-14.41.12:876][  0]TimingProfiler: Initialize
[2024.02.27-14.41.12:876][  0]TimingProfiler: OnSessionChanged
[2024.02.27-14.41.12:876][  0]LoadingProfiler: Initialize
[2024.02.27-14.41.12:876][  0]LoadingProfiler: OnSessionChanged
[2024.02.27-14.41.12:876][  0]NetworkingProfiler: Initialize
[2024.02.27-14.41.12:876][  0]NetworkingProfiler: OnSessionChanged
[2024.02.27-14.41.12:876][  0]MemoryProfiler: Initialize
[2024.02.27-14.41.12:876][  0]MemoryProfiler: OnSessionChanged
[2024.02.27-14.41.13:143][  0]LogCook: Display: CookSettings for Memory: MemoryMaxUsedVirtual 0MiB, MemoryMaxUsedPhysical 16384MiB, MemoryMinFreeVirtual 0MiB, MemoryMinFreePhysical 1024MiB
[2024.02.27-14.41.13:143][  0]LogCook: Display: Mobile HDR setting 1
[2024.02.27-14.41.13:482][  0]LogFileCache: Scanning file cache for directory 'D:/UGit/NewProject/city/Content/' took 0.00s
[2024.02.27-14.41.13:835][  0]LogInit: Display: Engine is initialized. Leaving FEngineLoop::Init()
[2024.02.27-14.41.13:839][  0]SourceControl: 源码管理已禁用
[2024.02.27-14.41.13:840][  0]LogUnrealEdMisc: Loading editor; pre map load, took 14.607
[2024.02.27-14.41.13:840][  0]Cmd: MAP LOAD FILE="../../../../UGit/NewProject/city/Content/ThirdPersonBP/Maps/ThirdPersonExampleMap.umap" TEMPLATE=0 SHOWPROGRESS=1 FEATURELEVEL=3
[2024.02.27-14.41.13:841][  0]LightingResults: New page: 光照构建
[2024.02.27-14.41.13:842][  0]LogWorld: UWorld::CleanupWorld for Untitled, bSessionEnded=true, bCleanupResources=true
[2024.02.27-14.41.13:842][  0]LogSlate: InvalidateAllWidgets triggered.  All widgets were invalidated
[2024.02.27-14.41.13:842][  0]MapCheck: New page: 地图检测
[2024.02.27-14.41.13:842][  0]LightingResults: New page: 光照构建
[2024.02.27-14.41.13:848][  0]LogAudio: Display: Audio Device unregistered from world 'None'.
[2024.02.27-14.41.13:852][  0]LogUObjectHash: Compacting FUObjectHashTables data took   1.01ms
[2024.02.27-14.41.14:113][  0]LogAudio: Display: Audio Device (ID: 1) registered with world 'ThirdPersonExampleMap'.
[2024.02.27-14.41.14:114][  0]LogAIModule: Creating AISystem for world ThirdPersonExampleMap
[2024.02.27-14.41.14:120][  0]LogEditorServer: Finished looking for orphan Actors (0.000 secs)
[2024.02.27-14.41.14:128][  0]LogUObjectHash: Compacting FUObjectHashTables data took   0.99ms
[2024.02.27-14.41.14:128][  0]Cmd: MAP CHECKDEP NOCLEARLOG
[2024.02.27-14.41.14:129][  0]MapCheck: 地图检测完成：0个错误、0个警告、完成用时0.238毫秒。
[2024.02.27-14.41.14:129][  0]LogFileHelpers: Loading map 'ThirdPersonExampleMap' took 0.290
[2024.02.27-14.41.14:131][  0]LogUnrealEdMisc: Total Editor Startup Time, took 14.899
[2024.02.27-14.41.14:300][  0]LogSlate: Updating window title bar state: overlay mode, drag disabled, window buttons hidden, title bar hidden
[2024.02.27-14.41.14:308][  0]LogSlate: Updating window title bar state: overlay mode, drag disabled, window buttons hidden, title bar hidden
[2024.02.27-14.41.14:313][  0]LogSlate: Updating window title bar state: overlay mode, drag disabled, window buttons hidden, title bar hidden
[2024.02.27-14.41.14:320][  0]LogSlate: Updating window title bar state: overlay mode, drag disabled, window buttons hidden, title bar hidden
[2024.02.27-14.41.14:338][  0]LogNativeClassHierarchy: Verbose: Native class hierarchy populated in 0.0109 seconds. Added 3830 classes and 933 folders.
[2024.02.27-14.41.14:340][  0]LogNativeClassHierarchy: Verbose: Native class hierarchy updated for 'WidgetCarousel' in 0.0003 seconds. Added 0 classes and 0 folders.
[2024.02.27-14.41.14:344][  0]LogPakFile: PakFile PrimaryIndexSize=187
[2024.02.27-14.41.14:344][  0]LogPakFile: PakFile PathHashIndexSize=101
[2024.02.27-14.41.14:344][  0]LogPakFile: PakFile FullDirectoryIndexSize=148
[2024.02.27-14.41.14:344][  0]LogShaderLibrary: Display: ShaderCodeLibraryPakFileMountedCallback: PakFile 'D:/UE_4.27/FeaturePacks/FP_FirstPerson.upack' (chunk index -1, root 'root:/') mounted
[2024.02.27-14.41.14:344][  0]LogShaderLibrary: Display: ShaderCodeLibraryPakFileMountedCallback: pending pak file info (ChunkID:-1 Root:root:/ File:D:/UE_4.27/FeaturePacks/FP_FirstPerson.upack)
[2024.02.27-14.41.14:344][  0]LogPakFile: OnPakFileMounted2Time == 0.000064
[2024.02.27-14.41.14:345][  0]LogPakFile: PakFile PrimaryIndexSize=189
[2024.02.27-14.41.14:345][  0]LogPakFile: PakFile PathHashIndexSize=101
[2024.02.27-14.41.14:345][  0]LogPakFile: PakFile FullDirectoryIndexSize=152
[2024.02.27-14.41.14:345][  0]LogShaderLibrary: Display: ShaderCodeLibraryPakFileMountedCallback: PakFile 'D:/UE_4.27/FeaturePacks/FP_FirstPersonBP.upack' (chunk index -1, root 'root:/') mounted
[2024.02.27-14.41.14:345][  0]LogShaderLibrary: Display: ShaderCodeLibraryPakFileMountedCallback: pending pak file info (ChunkID:-1 Root:root:/ File:D:/UE_4.27/FeaturePacks/FP_FirstPersonBP.upack)
[2024.02.27-14.41.14:345][  0]LogPakFile: OnPakFileMounted2Time == 0.000043
[2024.02.27-14.41.14:347][  0]LogPakFile: PakFile PrimaryIndexSize=191
[2024.02.27-14.41.14:347][  0]LogPakFile: PakFile PathHashIndexSize=101
[2024.02.27-14.41.14:347][  0]LogPakFile: PakFile FullDirectoryIndexSize=160
[2024.02.27-14.41.14:347][  0]LogShaderLibrary: Display: ShaderCodeLibraryPakFileMountedCallback: PakFile 'D:/UE_4.27/FeaturePacks/MobileStarterContent.upack' (chunk index -1, root 'root:/') mounted
[2024.02.27-14.41.14:347][  0]LogShaderLibrary: Display: ShaderCodeLibraryPakFileMountedCallback: pending pak file info (ChunkID:-1 Root:root:/ File:D:/UE_4.27/FeaturePacks/MobileStarterContent.upack)
[2024.02.27-14.41.14:347][  0]LogPakFile: OnPakFileMounted2Time == 0.000039
[2024.02.27-14.41.14:348][  0]LogPakFile: PakFile PrimaryIndexSize=185
[2024.02.27-14.41.14:348][  0]LogPakFile: PakFile PathHashIndexSize=101
[2024.02.27-14.41.14:348][  0]LogPakFile: PakFile FullDirectoryIndexSize=148
[2024.02.27-14.41.14:348][  0]LogShaderLibrary: Display: ShaderCodeLibraryPakFileMountedCallback: PakFile 'D:/UE_4.27/FeaturePacks/StarterContent.upack' (chunk index -1, root 'root:/') mounted
[2024.02.27-14.41.14:348][  0]LogShaderLibrary: Display: ShaderCodeLibraryPakFileMountedCallback: pending pak file info (ChunkID:-1 Root:root:/ File:D:/UE_4.27/FeaturePacks/StarterContent.upack)
[2024.02.27-14.41.14:348][  0]LogPakFile: OnPakFileMounted2Time == 0.000044
[2024.02.27-14.41.14:349][  0]LogPakFile: PakFile PrimaryIndexSize=190
[2024.02.27-14.41.14:349][  0]LogPakFile: PakFile PathHashIndexSize=101
[2024.02.27-14.41.14:349][  0]LogPakFile: PakFile FullDirectoryIndexSize=154
[2024.02.27-14.41.14:349][  0]LogShaderLibrary: Display: ShaderCodeLibraryPakFileMountedCallback: PakFile 'D:/UE_4.27/FeaturePacks/TP_2DSideScroller.upack' (chunk index -1, root 'root:/') mounted
[2024.02.27-14.41.14:350][  0]LogShaderLibrary: Display: ShaderCodeLibraryPakFileMountedCallback: pending pak file info (ChunkID:-1 Root:root:/ File:D:/UE_4.27/FeaturePacks/TP_2DSideScroller.upack)
[2024.02.27-14.41.14:350][  0]LogPakFile: OnPakFileMounted2Time == 0.000043
[2024.02.27-14.41.14:351][  0]LogPakFile: PakFile PrimaryIndexSize=192
[2024.02.27-14.41.14:351][  0]LogPakFile: PakFile PathHashIndexSize=101
[2024.02.27-14.41.14:351][  0]LogPakFile: PakFile FullDirectoryIndexSize=158
[2024.02.27-14.41.14:351][  0]LogShaderLibrary: Display: ShaderCodeLibraryPakFileMountedCallback: PakFile 'D:/UE_4.27/FeaturePacks/TP_2DSideScrollerBP.upack' (chunk index -1, root 'root:/') mounted
[2024.02.27-14.41.14:351][  0]LogShaderLibrary: Display: ShaderCodeLibraryPakFileMountedCallback: pending pak file info (ChunkID:-1 Root:root:/ File:D:/UE_4.27/FeaturePacks/TP_2DSideScrollerBP.upack)
[2024.02.27-14.41.14:351][  0]LogPakFile: OnPakFileMounted2Time == 0.000038
[2024.02.27-14.41.14:352][  0]LogPakFile: PakFile PrimaryIndexSize=182
[2024.02.27-14.41.14:352][  0]LogPakFile: PakFile PathHashIndexSize=101
[2024.02.27-14.41.14:352][  0]LogPakFile: PakFile FullDirectoryIndexSize=138
[2024.02.27-14.41.14:352][  0]LogShaderLibrary: Display: ShaderCodeLibraryPakFileMountedCallback: PakFile 'D:/UE_4.27/FeaturePacks/TP_Flying.upack' (chunk index -1, root 'root:/') mounted
[2024.02.27-14.41.14:352][  0]LogShaderLibrary: Display: ShaderCodeLibraryPakFileMountedCallback: pending pak file info (ChunkID:-1 Root:root:/ File:D:/UE_4.27/FeaturePacks/TP_Flying.upack)
[2024.02.27-14.41.14:352][  0]LogPakFile: OnPakFileMounted2Time == 0.000034
[2024.02.27-14.41.14:353][  0]LogPakFile: PakFile PrimaryIndexSize=184
[2024.02.27-14.41.14:353][  0]LogPakFile: PakFile PathHashIndexSize=101
[2024.02.27-14.41.14:353][  0]LogPakFile: PakFile FullDirectoryIndexSize=142
[2024.02.27-14.41.14:353][  0]LogShaderLibrary: Display: ShaderCodeLibraryPakFileMountedCallback: PakFile 'D:/UE_4.27/FeaturePacks/TP_FlyingBP.upack' (chunk index -1, root 'root:/') mounted
[2024.02.27-14.41.14:353][  0]LogShaderLibrary: Display: ShaderCodeLibraryPakFileMountedCallback: pending pak file info (ChunkID:-1 Root:root:/ File:D:/UE_4.27/FeaturePacks/TP_FlyingBP.upack)
[2024.02.27-14.41.14:353][  0]LogPakFile: OnPakFileMounted2Time == 0.000042
[2024.02.27-14.41.14:354][  0]LogPakFile: PakFile PrimaryIndexSize=188
[2024.02.27-14.41.14:354][  0]LogPakFile: PakFile PathHashIndexSize=101
[2024.02.27-14.41.14:354][  0]LogPakFile: PakFile FullDirectoryIndexSize=150
[2024.02.27-14.41.14:354][  0]LogShaderLibrary: Display: ShaderCodeLibraryPakFileMountedCallback: PakFile 'D:/UE_4.27/FeaturePacks/TP_HandheldARBP.upack' (chunk index -1, root 'root:/') mounted
[2024.02.27-14.41.14:354][  0]LogShaderLibrary: Display: ShaderCodeLibraryPakFileMountedCallback: pending pak file info (ChunkID:-1 Root:root:/ File:D:/UE_4.27/FeaturePacks/TP_HandheldARBP.upack)
[2024.02.27-14.41.14:354][  0]LogPakFile: OnPakFileMounted2Time == 0.000037
[2024.02.27-14.41.14:357][  0]LogPakFile: PakFile PrimaryIndexSize=182
[2024.02.27-14.41.14:357][  0]LogPakFile: PakFile PathHashIndexSize=101
[2024.02.27-14.41.14:357][  0]LogPakFile: PakFile FullDirectoryIndexSize=138
[2024.02.27-14.41.14:357][  0]LogShaderLibrary: Display: ShaderCodeLibraryPakFileMountedCallback: PakFile 'D:/UE_4.27/FeaturePacks/TP_Puzzle.upack' (chunk index -1, root 'root:/') mounted
[2024.02.27-14.41.14:357][  0]LogShaderLibrary: Display: ShaderCodeLibraryPakFileMountedCallback: pending pak file info (ChunkID:-1 Root:root:/ File:D:/UE_4.27/FeaturePacks/TP_Puzzle.upack)
[2024.02.27-14.41.14:357][  0]LogPakFile: OnPakFileMounted2Time == 0.000041
[2024.02.27-14.41.14:358][  0]LogPakFile: PakFile PrimaryIndexSize=184
[2024.02.27-14.41.14:358][  0]LogPakFile: PakFile PathHashIndexSize=101
[2024.02.27-14.41.14:358][  0]LogPakFile: PakFile FullDirectoryIndexSize=142
[2024.02.27-14.41.14:358][  0]LogShaderLibrary: Display: ShaderCodeLibraryPakFileMountedCallback: PakFile 'D:/UE_4.27/FeaturePacks/TP_PuzzleBP.upack' (chunk index -1, root 'root:/') mounted
[2024.02.27-14.41.14:358][  0]LogShaderLibrary: Display: ShaderCodeLibraryPakFileMountedCallback: pending pak file info (ChunkID:-1 Root:root:/ File:D:/UE_4.27/FeaturePacks/TP_PuzzleBP.upack)
[2024.02.27-14.41.14:358][  0]LogPakFile: OnPakFileMounted2Time == 0.000039
[2024.02.27-14.41.14:359][  0]LogPakFile: PakFile PrimaryIndexSize=183
[2024.02.27-14.41.14:359][  0]LogPakFile: PakFile PathHashIndexSize=101
[2024.02.27-14.41.14:359][  0]LogPakFile: PakFile FullDirectoryIndexSize=140
[2024.02.27-14.41.14:359][  0]LogShaderLibrary: Display: ShaderCodeLibraryPakFileMountedCallback: PakFile 'D:/UE_4.27/FeaturePacks/TP_Rolling.upack' (chunk index -1, root 'root:/') mounted
[2024.02.27-14.41.14:359][  0]LogShaderLibrary: Display: ShaderCodeLibraryPakFileMountedCallback: pending pak file info (ChunkID:-1 Root:root:/ File:D:/UE_4.27/FeaturePacks/TP_Rolling.upack)
[2024.02.27-14.41.14:359][  0]LogPakFile: OnPakFileMounted2Time == 0.000042
[2024.02.27-14.41.14:361][  0]LogPakFile: PakFile PrimaryIndexSize=185
[2024.02.27-14.41.14:361][  0]LogPakFile: PakFile PathHashIndexSize=101
[2024.02.27-14.41.14:361][  0]LogPakFile: PakFile FullDirectoryIndexSize=144
[2024.02.27-14.41.14:361][  0]LogShaderLibrary: Display: ShaderCodeLibraryPakFileMountedCallback: PakFile 'D:/UE_4.27/FeaturePacks/TP_RollingBP.upack' (chunk index -1, root 'root:/') mounted
[2024.02.27-14.41.14:361][  0]LogShaderLibrary: Display: ShaderCodeLibraryPakFileMountedCallback: pending pak file info (ChunkID:-1 Root:root:/ File:D:/UE_4.27/FeaturePacks/TP_RollingBP.upack)
[2024.02.27-14.41.14:361][  0]LogPakFile: OnPakFileMounted2Time == 0.000055
[2024.02.27-14.41.14:363][  0]LogPakFile: PakFile PrimaryIndexSize=188
[2024.02.27-14.41.14:363][  0]LogPakFile: PakFile PathHashIndexSize=101
[2024.02.27-14.41.14:363][  0]LogPakFile: PakFile FullDirectoryIndexSize=150
[2024.02.27-14.41.14:363][  0]LogShaderLibrary: Display: ShaderCodeLibraryPakFileMountedCallback: PakFile 'D:/UE_4.27/FeaturePacks/TP_SideScroller.upack' (chunk index -1, root 'root:/') mounted
[2024.02.27-14.41.14:363][  0]LogShaderLibrary: Display: ShaderCodeLibraryPakFileMountedCallback: pending pak file info (ChunkID:-1 Root:root:/ File:D:/UE_4.27/FeaturePacks/TP_SideScroller.upack)
[2024.02.27-14.41.14:363][  0]LogPakFile: OnPakFileMounted2Time == 0.000054
[2024.02.27-14.41.14:364][  0]LogPakFile: PakFile PrimaryIndexSize=190
[2024.02.27-14.41.14:364][  0]LogPakFile: PakFile PathHashIndexSize=101
[2024.02.27-14.41.14:364][  0]LogPakFile: PakFile FullDirectoryIndexSize=154
[2024.02.27-14.41.14:365][  0]LogShaderLibrary: Display: ShaderCodeLibraryPakFileMountedCallback: PakFile 'D:/UE_4.27/FeaturePacks/TP_SideScrollerBP.upack' (chunk index -1, root 'root:/') mounted
[2024.02.27-14.41.14:365][  0]LogShaderLibrary: Display: ShaderCodeLibraryPakFileMountedCallback: pending pak file info (ChunkID:-1 Root:root:/ File:D:/UE_4.27/FeaturePacks/TP_SideScrollerBP.upack)
[2024.02.27-14.41.14:365][  0]LogPakFile: OnPakFileMounted2Time == 0.000040
[2024.02.27-14.41.14:366][  0]LogPakFile: PakFile PrimaryIndexSize=187
[2024.02.27-14.41.14:366][  0]LogPakFile: PakFile PathHashIndexSize=101
[2024.02.27-14.41.14:366][  0]LogPakFile: PakFile FullDirectoryIndexSize=148
[2024.02.27-14.41.14:366][  0]LogShaderLibrary: Display: ShaderCodeLibraryPakFileMountedCallback: PakFile 'D:/UE_4.27/FeaturePacks/TP_ThirdPerson.upack' (chunk index -1, root 'root:/') mounted
[2024.02.27-14.41.14:366][  0]LogShaderLibrary: Display: ShaderCodeLibraryPakFileMountedCallback: pending pak file info (ChunkID:-1 Root:root:/ File:D:/UE_4.27/FeaturePacks/TP_ThirdPerson.upack)
[2024.02.27-14.41.14:366][  0]LogPakFile: OnPakFileMounted2Time == 0.000049
[2024.02.27-14.41.14:367][  0]LogPakFile: PakFile PrimaryIndexSize=189
[2024.02.27-14.41.14:367][  0]LogPakFile: PakFile PathHashIndexSize=101
[2024.02.27-14.41.14:367][  0]LogPakFile: PakFile FullDirectoryIndexSize=152
[2024.02.27-14.41.14:368][  0]LogShaderLibrary: Display: ShaderCodeLibraryPakFileMountedCallback: PakFile 'D:/UE_4.27/FeaturePacks/TP_ThirdPersonBP.upack' (chunk index -1, root 'root:/') mounted
[2024.02.27-14.41.14:368][  0]LogShaderLibrary: Display: ShaderCodeLibraryPakFileMountedCallback: pending pak file info (ChunkID:-1 Root:root:/ File:D:/UE_4.27/FeaturePacks/TP_ThirdPersonBP.upack)
[2024.02.27-14.41.14:368][  0]LogPakFile: OnPakFileMounted2Time == 0.000039
[2024.02.27-14.41.14:369][  0]LogPakFile: PakFile PrimaryIndexSize=183
[2024.02.27-14.41.14:369][  0]LogPakFile: PakFile PathHashIndexSize=101
[2024.02.27-14.41.14:369][  0]LogPakFile: PakFile FullDirectoryIndexSize=140
[2024.02.27-14.41.14:369][  0]LogShaderLibrary: Display: ShaderCodeLibraryPakFileMountedCallback: PakFile 'D:/UE_4.27/FeaturePacks/TP_TopDown.upack' (chunk index -1, root 'root:/') mounted
[2024.02.27-14.41.14:369][  0]LogShaderLibrary: Display: ShaderCodeLibraryPakFileMountedCallback: pending pak file info (ChunkID:-1 Root:root:/ File:D:/UE_4.27/FeaturePacks/TP_TopDown.upack)
[2024.02.27-14.41.14:369][  0]LogPakFile: OnPakFileMounted2Time == 0.000052
[2024.02.27-14.41.14:370][  0]LogPakFile: PakFile PrimaryIndexSize=185
[2024.02.27-14.41.14:370][  0]LogPakFile: PakFile PathHashIndexSize=101
[2024.02.27-14.41.14:370][  0]LogPakFile: PakFile FullDirectoryIndexSize=144
[2024.02.27-14.41.14:370][  0]LogShaderLibrary: Display: ShaderCodeLibraryPakFileMountedCallback: PakFile 'D:/UE_4.27/FeaturePacks/TP_TopDownBP.upack' (chunk index -1, root 'root:/') mounted
[2024.02.27-14.41.14:370][  0]LogShaderLibrary: Display: ShaderCodeLibraryPakFileMountedCallback: pending pak file info (ChunkID:-1 Root:root:/ File:D:/UE_4.27/FeaturePacks/TP_TopDownBP.upack)
[2024.02.27-14.41.14:370][  0]LogPakFile: OnPakFileMounted2Time == 0.000037
[2024.02.27-14.41.14:371][  0]LogPakFile: PakFile PrimaryIndexSize=185
[2024.02.27-14.41.14:371][  0]LogPakFile: PakFile PathHashIndexSize=101
[2024.02.27-14.41.14:371][  0]LogPakFile: PakFile FullDirectoryIndexSize=144
[2024.02.27-14.41.14:371][  0]LogShaderLibrary: Display: ShaderCodeLibraryPakFileMountedCallback: PakFile 'D:/UE_4.27/FeaturePacks/TP_TwinStick.upack' (chunk index -1, root 'root:/') mounted
[2024.02.27-14.41.14:371][  0]LogShaderLibrary: Display: ShaderCodeLibraryPakFileMountedCallback: pending pak file info (ChunkID:-1 Root:root:/ File:D:/UE_4.27/FeaturePacks/TP_TwinStick.upack)
[2024.02.27-14.41.14:371][  0]LogPakFile: OnPakFileMounted2Time == 0.000039
[2024.02.27-14.41.14:372][  0]LogPakFile: PakFile PrimaryIndexSize=187
[2024.02.27-14.41.14:372][  0]LogPakFile: PakFile PathHashIndexSize=101
[2024.02.27-14.41.14:372][  0]LogPakFile: PakFile FullDirectoryIndexSize=148
[2024.02.27-14.41.14:372][  0]LogShaderLibrary: Display: ShaderCodeLibraryPakFileMountedCallback: PakFile 'D:/UE_4.27/FeaturePacks/TP_TwinStickBP.upack' (chunk index -1, root 'root:/') mounted
[2024.02.27-14.41.14:372][  0]LogShaderLibrary: Display: ShaderCodeLibraryPakFileMountedCallback: pending pak file info (ChunkID:-1 Root:root:/ File:D:/UE_4.27/FeaturePacks/TP_TwinStickBP.upack)
[2024.02.27-14.41.14:372][  0]LogPakFile: OnPakFileMounted2Time == 0.000045
[2024.02.27-14.41.14:373][  0]LogPakFile: PakFile PrimaryIndexSize=183
[2024.02.27-14.41.14:373][  0]LogPakFile: PakFile PathHashIndexSize=101
[2024.02.27-14.41.14:373][  0]LogPakFile: PakFile FullDirectoryIndexSize=140
[2024.02.27-14.41.14:373][  0]LogShaderLibrary: Display: ShaderCodeLibraryPakFileMountedCallback: PakFile 'D:/UE_4.27/FeaturePacks/TP_Vehicle.upack' (chunk index -1, root 'root:/') mounted
[2024.02.27-14.41.14:373][  0]LogShaderLibrary: Display: ShaderCodeLibraryPakFileMountedCallback: pending pak file info (ChunkID:-1 Root:root:/ File:D:/UE_4.27/FeaturePacks/TP_Vehicle.upack)
[2024.02.27-14.41.14:373][  0]LogPakFile: OnPakFileMounted2Time == 0.000047
[2024.02.27-14.41.14:375][  0]LogPakFile: PakFile PrimaryIndexSize=186
[2024.02.27-14.41.14:375][  0]LogPakFile: PakFile PathHashIndexSize=101
[2024.02.27-14.41.14:375][  0]LogPakFile: PakFile FullDirectoryIndexSize=146
[2024.02.27-14.41.14:375][  0]LogShaderLibrary: Display: ShaderCodeLibraryPakFileMountedCallback: PakFile 'D:/UE_4.27/FeaturePacks/TP_VehicleAdv.upack' (chunk index -1, root 'root:/') mounted
[2024.02.27-14.41.14:375][  0]LogShaderLibrary: Display: ShaderCodeLibraryPakFileMountedCallback: pending pak file info (ChunkID:-1 Root:root:/ File:D:/UE_4.27/FeaturePacks/TP_VehicleAdv.upack)
[2024.02.27-14.41.14:375][  0]LogPakFile: OnPakFileMounted2Time == 0.000041
[2024.02.27-14.41.14:376][  0]LogPakFile: PakFile PrimaryIndexSize=188
[2024.02.27-14.41.14:376][  0]LogPakFile: PakFile PathHashIndexSize=101
[2024.02.27-14.41.14:376][  0]LogPakFile: PakFile FullDirectoryIndexSize=150
[2024.02.27-14.41.14:376][  0]LogShaderLibrary: Display: ShaderCodeLibraryPakFileMountedCallback: PakFile 'D:/UE_4.27/FeaturePacks/TP_VehicleAdvBP.upack' (chunk index -1, root 'root:/') mounted
[2024.02.27-14.41.14:376][  0]LogShaderLibrary: Display: ShaderCodeLibraryPakFileMountedCallback: pending pak file info (ChunkID:-1 Root:root:/ File:D:/UE_4.27/FeaturePacks/TP_VehicleAdvBP.upack)
[2024.02.27-14.41.14:376][  0]LogPakFile: OnPakFileMounted2Time == 0.000037
[2024.02.27-14.41.14:378][  0]LogPakFile: PakFile PrimaryIndexSize=185
[2024.02.27-14.41.14:378][  0]LogPakFile: PakFile PathHashIndexSize=101
[2024.02.27-14.41.14:378][  0]LogPakFile: PakFile FullDirectoryIndexSize=144
[2024.02.27-14.41.14:378][  0]LogShaderLibrary: Display: ShaderCodeLibraryPakFileMountedCallback: PakFile 'D:/UE_4.27/FeaturePacks/TP_VehicleBP.upack' (chunk index -1, root 'root:/') mounted
[2024.02.27-14.41.14:378][  0]LogShaderLibrary: Display: ShaderCodeLibraryPakFileMountedCallback: pending pak file info (ChunkID:-1 Root:root:/ File:D:/UE_4.27/FeaturePacks/TP_VehicleBP.upack)
[2024.02.27-14.41.14:378][  0]LogPakFile: OnPakFileMounted2Time == 0.000051
[2024.02.27-14.41.14:380][  0]LogPakFile: PakFile PrimaryIndexSize=192
[2024.02.27-14.41.14:380][  0]LogPakFile: PakFile PathHashIndexSize=101
[2024.02.27-14.41.14:380][  0]LogPakFile: PakFile FullDirectoryIndexSize=158
[2024.02.27-14.41.14:380][  0]LogShaderLibrary: Display: ShaderCodeLibraryPakFileMountedCallback: PakFile 'D:/UE_4.27/FeaturePacks/TP_VirtualRealityBP.upack' (chunk index -1, root 'root:/') mounted
[2024.02.27-14.41.14:380][  0]LogShaderLibrary: Display: ShaderCodeLibraryPakFileMountedCallback: pending pak file info (ChunkID:-1 Root:root:/ File:D:/UE_4.27/FeaturePacks/TP_VirtualRealityBP.upack)
[2024.02.27-14.41.14:380][  0]LogPakFile: OnPakFileMounted2Time == 0.000043
[2024.02.27-14.41.14:482][  0]LogNativeClassHierarchy: Verbose: Native class hierarchy updated for 'AddContentDialog' in 0.0005 seconds. Added 0 classes and 0 folders.
[2024.02.27-14.41.14:484][  0]LogNativeClassHierarchy: Verbose: Native class hierarchy updated for 'SceneOutliner' in 0.0003 seconds. Added 2 classes and 0 folders.
[2024.02.27-14.41.14:652][  0]LogSlate: Took 0.000741 seconds to synchronously load lazily loaded font '../../../Engine/Content/Slate/Fonts/Roboto-Regular.ttf' (155K)
[2024.02.27-14.41.14:654][  0]LogSlate: Took 0.000753 seconds to synchronously load lazily loaded font '../../../Engine/Content/Editor/Slate/Fonts/FontAwesome.ttf' (139K)
[2024.02.27-14.41.14:658][  0]LogSlate: Took 0.003201 seconds to synchronously load lazily loaded font '../../../Engine/Content/Slate/Fonts/DroidSansFallback.ttf' (3848K)
[2024.02.27-14.41.14:659][  0]LogSlate: Took 0.000577 seconds to synchronously load lazily loaded font '../../../Engine/Content/Slate/Fonts/Roboto-Bold.ttf' (160K)
[2024.02.27-14.41.14:740][  0]LogRenderer: Reallocating scene render targets to support 1016x492 Format 10 NumSamples 1 (Frame:1).
[2024.02.27-14.41.15:032][  0]LogNativeClassHierarchy: Verbose: Native class hierarchy updated for 'HierarchicalLODOutliner' in 0.0003 seconds. Added 0 classes and 0 folders.
[2024.02.27-14.41.15:032][  0]LogInput: Warning: Action Jump uses invalid key OculusGo_Left_Trigger_Click.
[2024.02.27-14.41.15:032][  0]LogInput: Warning: Action ResetVR uses invalid key OculusGo_Left_Trackpad_Click.
[2024.02.27-14.41.15:032][  0]LogInput: Warning: Use -RemoveInvalidKeys to remove instances of these keys from the action mapping.
[2024.02.27-14.41.15:032][  0]LogLoad: (Engine Initialization) Total time: 15.80 seconds
[2024.02.27-14.41.15:032][  0]LogLoad: (Engine Initialization) Total Blueprint compile time: 0.00 seconds
[2024.02.27-14.41.15:110][  0]LogAssetRegistry: Asset discovery search completed in 7.9809 seconds
[2024.02.27-14.41.15:120][  0]LogCollectionManager: Fixed up redirectors for 0 collections in 0.000005 seconds (updated 0 objects)
[2024.02.27-14.41.15:122][  0]LogContentStreaming: Texture pool size now 1000 MB
[2024.02.27-14.43.20:867][813]LogEditorViewport: Clicking on Actor (LMB): StaticMeshActor (Floor)
[2024.02.27-14.43.45:560][599]LogWindowsTextInputMethodSystem: Display: IME system activated using TSF (微软拼音).
[2024.02.27-14.43.52:551][989]LogContentBrowser: Deferred new asset folder creation: 新建文件夹
[2024.02.27-14.43.52:566][989]LogContentBrowser: Creating deferred item: 新建文件夹
[2024.02.27-14.44.25:493][961]LogContentBrowser: Attempting asset rename: 新建文件夹 -> 新建文件夹
[2024.02.27-14.44.25:493][961]LogContentBrowser: End creating deferred item 新建文件夹
[2024.02.27-14.44.34:895][515]LogContentBrowser: Deferred new asset folder creation: 新建文件夹
[2024.02.27-14.44.34:908][515]LogContentBrowser: Creating deferred item: 新建文件夹
[2024.02.27-14.44.45:995][180]LogContentBrowser: Attempting asset rename: 新建文件夹 -> Blueprints
[2024.02.27-14.44.45:995][180]LogContentBrowser: End creating deferred item 新建文件夹
[2024.02.27-14.45.26:436][592]LogSlate: Took 0.005188 seconds to synchronously load lazily loaded font '../../../Engine/Content/Slate/Fonts/Roboto-Light.ttf' (167K)
[2024.02.27-14.45.26:465][592]LogEditorClassViewer: Warning: Class /Engine/Tutorial/InWorldBlueprintEditing/TutorialAssets/IWBE_Blutility.IWBE_Blutility_C has parent /Script/Blutility.PlacedEditorUtilityBase, but this parent is not found. The Class will not be shown in ClassViewer.
[2024.02.27-14.45.27:346][592]LogSlate: Window '选取父类' being destroyed
[2024.02.27-14.45.27:356][592]LogContentBrowser: Deferred new asset file creation: NewBlueprint
[2024.02.27-14.45.27:362][592]LogContentBrowser: Creating deferred item: NewBlueprint
[2024.02.27-14.45.40:135][359]LogContentBrowser: Attempting asset rename: NewBlueprint -> BP_Json
[2024.02.27-14.45.40:155][359]LogContentBrowser: End creating deferred item NewBlueprint
[2024.02.27-14.45.41:604][443]LogAssetEditorSubsystem: Opening Asset editor for Blueprint /Game/Blueprints/BP_Json.BP_Json
[2024.02.27-14.45.42:352][443]LogNativeClassHierarchy: Verbose: Native class hierarchy updated for 'BlueprintGraph' in 0.0005 seconds. Added 126 classes and 0 folders.
[2024.02.27-14.45.44:706][535]LogRenderer: Reallocating scene render targets to support 1016x772 Format 10 NumSamples 1 (Frame:89).
[2024.02.27-14.45.46:217][621]LogSlate: Took 0.004962 seconds to synchronously load lazily loaded font '../../../Engine/Content/Slate/Fonts/Roboto-BoldCondensed.ttf' (158K)
[2024.02.27-14.48.44:421][573]BlueprintLog: New page: 编译BP_Json
[2024.02.27-14.48.44:467][573]LogUObjectHash: Compacting FUObjectHashTables data took   1.93ms
[2024.02.27-14.49.18:603][582]LogSlate: Took 0.000744 seconds to synchronously load lazily loaded font '../../../Engine/Content/Slate/Fonts/Roboto-Italic.ttf' (157K)
[2024.02.27-14.49.23:116][852]BlueprintLog: New page: 编译BP_Json
[2024.02.27-14.49.23:129][852]LogBlueprint: Error: [AssetLog] /Game/Blueprints/BP_Json.BP_Json (no disk path found): [Compiler] 此蓝图（自身）并非是一个 VaRestSubsystem，因此 ' 目标 ’ 必须拥有一个连接。
[2024.02.27-14.49.23:163][852]LogUObjectHash: Compacting FUObjectHashTables data took   1.64ms
[2024.02.27-14.49.23:197][852]LogSlate: Took 0.005582 seconds to synchronously load lazily loaded font '../../../Engine/Content/Slate/Fonts/DroidSansMono.ttf' (77K)
[2024.02.27-14.50.33:834][674]BlueprintLog: New page: 编译BP_Json
[2024.02.27-14.50.33:863][674]LogUObjectHash: Compacting FUObjectHashTables data took   2.02ms
[2024.02.27-14.54.02:758][359]BlueprintLog: New page: 编译BP_Json
[2024.02.27-14.54.02:799][359]LogUObjectHash: Compacting FUObjectHashTables data took   2.11ms
[2024.02.27-14.54.03:528][400]Cmd: OBJ SAVEPACKAGE PACKAGE="/Game/Blueprints/BP_Json" FILE="../../../../UGit/NewProject/city/Content/Blueprints/BP_Json.uasset" SILENT=true
[2024.02.27-14.54.03:545][400]LogSavePackage: Moving '../../../../UGit/NewProject/city/Saved/BP_JsonB7344F954D727093DF9CAA9E0EE10E7D.tmp' to '../../../../UGit/NewProject/city/Content/Blueprints/BP_Json.uasset'
[2024.02.27-14.54.03:565][400]AssetCheck: New page: 资产保存：BP_Json
[2024.02.27-14.54.03:565][400]LogContentValidation: Display: 正在验证Blueprint /Game/Blueprints/BP_Json.BP_Json
